{"/Users/liron_dabach/Documents/לימודים/שנה ג׳/נושאים מתקדמים באפליקציות אינטרנטיות/Project/Aura/server/src/index.ts": {"path":"/Users/liron_dabach/Documents/לימודים/שנה ג׳/נושאים מתקדמים באפליקציות אינטרנטיות/Project/Aura/server/src/index.ts","statementMap":{"0":{"start":{"line":1,"column":0},"end":{"line":1,"column":43}},"1":{"start":{"line":2,"column":0},"end":{"line":2,"column":32}},"2":{"start":{"line":3,"column":0},"end":{"line":3,"column":45}},"3":{"start":{"line":4,"column":0},"end":{"line":4,"column":51}},"4":{"start":{"line":5,"column":0},"end":{"line":5,"column":45}},"5":{"start":{"line":6,"column":0},"end":{"line":6,"column":43}},"6":{"start":{"line":7,"column":0},"end":{"line":7,"column":41}},"7":{"start":{"line":8,"column":0},"end":{"line":8,"column":24}},"8":{"start":{"line":10,"column":12},"end":{"line":10,"column":21}},"9":{"start":{"line":11,"column":0},"end":{"line":11,"column":24}},"10":{"start":{"line":12,"column":0},"end":{"line":12,"column":18}},"11":{"start":{"line":14,"column":0},"end":{"line":19,"column":3}},"12":{"start":{"line":15,"column":2},"end":{"line":15,"column":49}},"13":{"start":{"line":16,"column":2},"end":{"line":16,"column":50}},"14":{"start":{"line":17,"column":2},"end":{"line":17,"column":50}},"15":{"start":{"line":18,"column":2},"end":{"line":18,"column":9}},"16":{"start":{"line":22,"column":0},"end":{"line":22,"column":33}},"17":{"start":{"line":23,"column":0},"end":{"line":23,"column":39}},"18":{"start":{"line":24,"column":0},"end":{"line":24,"column":33}},"19":{"start":{"line":25,"column":0},"end":{"line":25,"column":32}},"20":{"start":{"line":28,"column":17},"end":{"line":28,"column":62}},"21":{"start":{"line":29,"column":0},"end":{"line":29,"column":34}},"22":{"start":{"line":32,"column":0},"end":{"line":34,"column":3}},"23":{"start":{"line":33,"column":2},"end":{"line":33,"column":47}},"24":{"start":{"line":36,"column":16},"end":{"line":67,"column":1}},"25":{"start":{"line":37,"column":13},"end":{"line":65,"column":4}},"26":{"start":{"line":38,"column":18},"end":{"line":38,"column":42}},"27":{"start":{"line":39,"column":4},"end":{"line":42,"column":5}},"28":{"start":{"line":40,"column":6},"end":{"line":40,"column":42}},"29":{"start":{"line":41,"column":6},"end":{"line":41,"column":13}},"30":{"start":{"line":43,"column":27},"end":{"line":43,"column":81}},"31":{"start":{"line":44,"column":4},"end":{"line":60,"column":9}},"32":{"start":{"line":50,"column":8},"end":{"line":50,"column":21}},"33":{"start":{"line":53,"column":8},"end":{"line":59,"column":10}},"34":{"start":{"line":62,"column":15},"end":{"line":62,"column":34}},"35":{"start":{"line":63,"column":4},"end":{"line":63,"column":79}},"36":{"start":{"line":63,"column":30},"end":{"line":63,"column":77}},"37":{"start":{"line":64,"column":4},"end":{"line":64,"column":64}},"38":{"start":{"line":64,"column":26},"end":{"line":64,"column":62}},"39":{"start":{"line":66,"column":2},"end":{"line":66,"column":12}},"40":{"start":{"line":69,"column":0},"end":{"line":69,"column":23}}},"fnMap":{"0":{"name":"(anonymous_1)","decl":{"start":{"line":14,"column":8},"end":{"line":14,"column":9}},"loc":{"start":{"line":14,"column":27},"end":{"line":19,"column":1}}},"1":{"name":"(anonymous_2)","decl":{"start":{"line":32,"column":8},"end":{"line":32,"column":9}},"loc":{"start":{"line":32,"column":21},"end":{"line":34,"column":1}}},"2":{"name":"(anonymous_3)","decl":{"start":{"line":36,"column":16},"end":{"line":36,"column":19}},"loc":{"start":{"line":36,"column":21},"end":{"line":67,"column":1}}},"3":{"name":"(anonymous_4)","decl":{"start":{"line":37,"column":34},"end":{"line":37,"column":35}},"loc":{"start":{"line":37,"column":54},"end":{"line":65,"column":3}}},"4":{"name":"(anonymous_5)","decl":{"start":{"line":49,"column":12},"end":{"line":49,"column":15}},"loc":{"start":{"line":49,"column":17},"end":{"line":51,"column":7}}},"5":{"name":"(anonymous_6)","decl":{"start":{"line":52,"column":13},"end":{"line":52,"column":14}},"loc":{"start":{"line":52,"column":23},"end":{"line":60,"column":7}}},"6":{"name":"(anonymous_7)","decl":{"start":{"line":63,"column":19},"end":{"line":63,"column":20}},"loc":{"start":{"line":63,"column":30},"end":{"line":63,"column":77}}},"7":{"name":"(anonymous_8)","decl":{"start":{"line":64,"column":20},"end":{"line":64,"column":23}},"loc":{"start":{"line":64,"column":26},"end":{"line":64,"column":62}}}},"branchMap":{"0":{"loc":{"start":{"line":39,"column":4},"end":{"line":42,"column":5}},"type":"if","locations":[{"start":{"line":39,"column":4},"end":{"line":42,"column":5}},{"start":{},"end":{}}]},"1":{"loc":{"start":{"line":43,"column":34},"end":{"line":43,"column":80}},"type":"binary-expr","locations":[{"start":{"line":43,"column":34},"end":{"line":43,"column":70}},{"start":{"line":43,"column":74},"end":{"line":43,"column":80}}]},"2":{"loc":{"start":{"line":57,"column":33},"end":{"line":57,"column":87}},"type":"cond-expr","locations":[{"start":{"line":57,"column":58},"end":{"line":57,"column":71}},{"start":{"line":57,"column":74},"end":{"line":57,"column":87}}]}},"s":{"0":6,"1":6,"2":6,"3":6,"4":6,"5":6,"6":6,"7":6,"8":6,"9":6,"10":6,"11":6,"12":62,"13":62,"14":62,"15":62,"16":6,"17":6,"18":6,"19":6,"20":6,"21":6,"22":6,"23":3,"24":6,"25":8,"26":8,"27":8,"28":2,"29":2,"30":6,"31":6,"32":5,"33":1,"34":6,"35":6,"36":0,"37":6,"38":5,"39":8,"40":6},"f":{"0":62,"1":3,"2":8,"3":8,"4":5,"5":1,"6":0,"7":5},"b":{"0":[2,6],"1":[6,0],"2":[1,0]}}
,"/Users/liron_dabach/Documents/לימודים/שנה ג׳/נושאים מתקדמים באפליקציות אינטרנטיות/Project/Aura/server/src/swagger.ts": {"path":"/Users/liron_dabach/Documents/לימודים/שנה ג׳/נושאים מתקדמים באפליקציות אינטרנטיות/Project/Aura/server/src/swagger.ts","statementMap":{"0":{"start":{"line":2,"column":0},"end":{"line":2,"column":43}},"1":{"start":{"line":3,"column":0},"end":{"line":3,"column":41}},"2":{"start":{"line":4,"column":0},"end":{"line":4,"column":24}},"3":{"start":{"line":6,"column":25},"end":{"line":191,"column":1}},"4":{"start":{"line":7,"column":15},"end":{"line":7,"column":41}},"5":{"start":{"line":9,"column":4},"end":{"line":9,"column":64}},"6":{"start":{"line":11,"column":15},"end":{"line":14,"column":4}},"7":{"start":{"line":16,"column":2},"end":{"line":190,"column":5}},"8":{"start":{"line":193,"column":18},"end":{"line":266,"column":2}},"9":{"start":{"line":268,"column":18},"end":{"line":277,"column":2}},"10":{"start":{"line":279,"column":28},"end":{"line":288,"column":1}},"11":{"start":{"line":280,"column":15},"end":{"line":280,"column":33}},"12":{"start":{"line":282,"column":2},"end":{"line":285,"column":5}},"13":{"start":{"line":283,"column":4},"end":{"line":283,"column":54}},"14":{"start":{"line":284,"column":4},"end":{"line":284,"column":31}},"15":{"start":{"line":287,"column":2},"end":{"line":287,"column":74}},"16":{"start":{"line":279,"column":13},"end":{"line":279,"column":28}}},"fnMap":{"0":{"name":"(anonymous_1)","decl":{"start":{"line":6,"column":25},"end":{"line":6,"column":28}},"loc":{"start":{"line":6,"column":30},"end":{"line":191,"column":1}}},"1":{"name":"(anonymous_2)","decl":{"start":{"line":279,"column":28},"end":{"line":279,"column":29}},"loc":{"start":{"line":279,"column":45},"end":{"line":288,"column":1}}},"2":{"name":"(anonymous_3)","decl":{"start":{"line":282,"column":28},"end":{"line":282,"column":29}},"loc":{"start":{"line":282,"column":61},"end":{"line":285,"column":3}}}},"branchMap":{"0":{"loc":{"start":{"line":7,"column":15},"end":{"line":7,"column":41}},"type":"binary-expr","locations":[{"start":{"line":7,"column":15},"end":{"line":7,"column":31}},{"start":{"line":7,"column":35},"end":{"line":7,"column":41}}]},"1":{"loc":{"start":{"line":9,"column":4},"end":{"line":9,"column":64}},"type":"binary-expr","locations":[{"start":{"line":9,"column":4},"end":{"line":9,"column":34}},{"start":{"line":9,"column":38},"end":{"line":9,"column":64}}]}},"s":{"0":6,"1":6,"2":6,"3":6,"4":6,"5":6,"6":6,"7":6,"8":6,"9":6,"10":6,"11":6,"12":6,"13":1,"14":1,"15":6,"16":6},"f":{"0":6,"1":6,"2":1},"b":{"0":[6,0],"1":[6,6]}}
,"/Users/liron_dabach/Documents/לימודים/שנה ג׳/נושאים מתקדמים באפליקציות אינטרנטיות/Project/Aura/server/src/controllers/authController.ts": {"path":"/Users/liron_dabach/Documents/לימודים/שנה ג׳/נושאים מתקדמים באפליקציות אינטרנטיות/Project/Aura/server/src/controllers/authController.ts","statementMap":{"0":{"start":{"line":2,"column":0},"end":{"line":2,"column":28}},"1":{"start":{"line":3,"column":0},"end":{"line":3,"column":40}},"2":{"start":{"line":4,"column":0},"end":{"line":4,"column":31}},"3":{"start":{"line":5,"column":0},"end":{"line":5,"column":51}},"4":{"start":{"line":7,"column":18},"end":{"line":9,"column":1}},"5":{"start":{"line":8,"column":2},"end":{"line":8,"column":37}},"6":{"start":{"line":16,"column":22},"end":{"line":34,"column":1}},"7":{"start":{"line":17,"column":17},"end":{"line":17,"column":59}},"8":{"start":{"line":18,"column":2},"end":{"line":21,"column":3}},"9":{"start":{"line":19,"column":4},"end":{"line":19,"column":60}},"10":{"start":{"line":20,"column":4},"end":{"line":20,"column":20}},"11":{"start":{"line":23,"column":20},"end":{"line":23,"column":66}},"12":{"start":{"line":24,"column":16},"end":{"line":24,"column":75}},"13":{"start":{"line":26,"column":27},"end":{"line":27,"column":null}},"14":{"start":{"line":29,"column":15},"end":{"line":29,"column":47}},"15":{"start":{"line":30,"column":23},"end":{"line":32,"column":4}},"16":{"start":{"line":33,"column":2},"end":{"line":33,"column":33}},"17":{"start":{"line":36,"column":17},"end":{"line":69,"column":2}},"18":{"start":{"line":36,"column":55},"end":{"line":69,"column":2}},"19":{"start":{"line":37,"column":19},"end":{"line":37,"column":36}},"20":{"start":{"line":38,"column":16},"end":{"line":38,"column":30}},"21":{"start":{"line":39,"column":19},"end":{"line":39,"column":36}},"22":{"start":{"line":41,"column":2},"end":{"line":43,"column":3}},"23":{"start":{"line":42,"column":4},"end":{"line":42,"column":76}},"24":{"start":{"line":46,"column":2},"end":{"line":52,"column":3}},"25":{"start":{"line":47,"column":4},"end":{"line":51,"column":6}},"26":{"start":{"line":54,"column":2},"end":{"line":68,"column":3}},"27":{"start":{"line":55,"column":17},"end":{"line":55,"column":41}},"28":{"start":{"line":56,"column":27},"end":{"line":56,"column":60}},"29":{"start":{"line":57,"column":17},"end":{"line":61,"column":6}},"30":{"start":{"line":62,"column":19},"end":{"line":62,"column":53}},"31":{"start":{"line":63,"column":4},"end":{"line":63,"column":49}},"32":{"start":{"line":64,"column":4},"end":{"line":64,"column":22}},"33":{"start":{"line":65,"column":4},"end":{"line":65,"column":33}},"34":{"start":{"line":67,"column":4},"end":{"line":67,"column":56}},"35":{"start":{"line":71,"column":14},"end":{"line":102,"column":2}},"36":{"start":{"line":71,"column":52},"end":{"line":102,"column":2}},"37":{"start":{"line":72,"column":19},"end":{"line":72,"column":36}},"38":{"start":{"line":73,"column":19},"end":{"line":73,"column":36}},"39":{"start":{"line":75,"column":2},"end":{"line":77,"column":3}},"40":{"start":{"line":76,"column":4},"end":{"line":76,"column":69}},"41":{"start":{"line":79,"column":2},"end":{"line":101,"column":3}},"42":{"start":{"line":80,"column":17},"end":{"line":80,"column":59}},"43":{"start":{"line":81,"column":4},"end":{"line":83,"column":5}},"44":{"start":{"line":82,"column":6},"end":{"line":82,"column":65}},"45":{"start":{"line":86,"column":4},"end":{"line":88,"column":5}},"46":{"start":{"line":87,"column":6},"end":{"line":87,"column":65}},"47":{"start":{"line":90,"column":20},"end":{"line":90,"column":65}},"48":{"start":{"line":91,"column":4},"end":{"line":93,"column":5}},"49":{"start":{"line":92,"column":6},"end":{"line":92,"column":65}},"50":{"start":{"line":95,"column":19},"end":{"line":95,"column":53}},"51":{"start":{"line":96,"column":4},"end":{"line":96,"column":49}},"52":{"start":{"line":97,"column":4},"end":{"line":97,"column":22}},"53":{"start":{"line":98,"column":4},"end":{"line":98,"column":33}},"54":{"start":{"line":100,"column":4},"end":{"line":100,"column":56}},"55":{"start":{"line":104,"column":15},"end":{"line":125,"column":2}},"56":{"start":{"line":104,"column":53},"end":{"line":125,"column":2}},"57":{"start":{"line":105,"column":23},"end":{"line":105,"column":44}},"58":{"start":{"line":107,"column":2},"end":{"line":109,"column":3}},"59":{"start":{"line":108,"column":4},"end":{"line":108,"column":60}},"60":{"start":{"line":111,"column":2},"end":{"line":124,"column":3}},"61":{"start":{"line":112,"column":20},"end":{"line":112,"column":63}},"62":{"start":{"line":113,"column":17},"end":{"line":113,"column":49}},"63":{"start":{"line":114,"column":4},"end":{"line":116,"column":5}},"64":{"start":{"line":115,"column":6},"end":{"line":115,"column":58}},"65":{"start":{"line":117,"column":4},"end":{"line":119,"column":6}},"66":{"start":{"line":118,"column":17},"end":{"line":118,"column":39}},"67":{"start":{"line":120,"column":4},"end":{"line":120,"column":22}},"68":{"start":{"line":121,"column":4},"end":{"line":121,"column":65}},"69":{"start":{"line":123,"column":4},"end":{"line":123,"column":56}},"70":{"start":{"line":127,"column":21},"end":{"line":159,"column":2}},"71":{"start":{"line":127,"column":59},"end":{"line":159,"column":2}},"72":{"start":{"line":128,"column":23},"end":{"line":128,"column":44}},"73":{"start":{"line":130,"column":2},"end":{"line":132,"column":3}},"74":{"start":{"line":131,"column":4},"end":{"line":131,"column":60}},"75":{"start":{"line":134,"column":17},"end":{"line":134,"column":59}},"76":{"start":{"line":136,"column":2},"end":{"line":158,"column":3}},"77":{"start":{"line":137,"column":20},"end":{"line":137,"column":71}},"78":{"start":{"line":138,"column":17},"end":{"line":138,"column":49}},"79":{"start":{"line":139,"column":4},"end":{"line":141,"column":5}},"80":{"start":{"line":140,"column":6},"end":{"line":140,"column":58}},"81":{"start":{"line":142,"column":4},"end":{"line":147,"column":5}},"82":{"start":{"line":143,"column":6},"end":{"line":143,"column":30}},"83":{"start":{"line":144,"column":6},"end":{"line":144,"column":24}},"84":{"start":{"line":145,"column":6},"end":{"line":145,"column":60}},"85":{"start":{"line":146,"column":6},"end":{"line":146,"column":58}},"86":{"start":{"line":148,"column":19},"end":{"line":148,"column":45}},"87":{"start":{"line":150,"column":4},"end":{"line":152,"column":6}},"88":{"start":{"line":151,"column":17},"end":{"line":151,"column":39}},"89":{"start":{"line":153,"column":4},"end":{"line":153,"column":49}},"90":{"start":{"line":154,"column":4},"end":{"line":154,"column":22}},"91":{"start":{"line":155,"column":4},"end":{"line":155,"column":33}},"92":{"start":{"line":157,"column":4},"end":{"line":157,"column":56}},"93":{"start":{"line":161,"column":20},"end":{"line":239,"column":2}},"94":{"start":{"line":161,"column":58},"end":{"line":239,"column":2}},"95":{"start":{"line":162,"column":25},"end":{"line":162,"column":33}},"96":{"start":{"line":164,"column":2},"end":{"line":166,"column":3}},"97":{"start":{"line":165,"column":4},"end":{"line":165,"column":64}},"98":{"start":{"line":168,"column":25},"end":{"line":168,"column":53}},"99":{"start":{"line":169,"column":2},"end":{"line":172,"column":3}},"100":{"start":{"line":170,"column":4},"end":{"line":170,"column":49}},"101":{"start":{"line":171,"column":4},"end":{"line":171,"column":71}},"102":{"start":{"line":174,"column":2},"end":{"line":238,"column":3}},"103":{"start":{"line":175,"column":19},"end":{"line":175,"column":51}},"104":{"start":{"line":176,"column":19},"end":{"line":179,"column":6}},"105":{"start":{"line":181,"column":20},"end":{"line":181,"column":39}},"106":{"start":{"line":182,"column":4},"end":{"line":184,"column":5}},"107":{"start":{"line":183,"column":6},"end":{"line":183,"column":57}},"108":{"start":{"line":186,"column":52},"end":{"line":186,"column":59}},"109":{"start":{"line":188,"column":4},"end":{"line":190,"column":5}},"110":{"start":{"line":189,"column":6},"end":{"line":189,"column":65}},"111":{"start":{"line":193,"column":15},"end":{"line":193,"column":69}},"112":{"start":{"line":195,"column":4},"end":{"line":220,"column":5}},"113":{"start":{"line":197,"column":6},"end":{"line":201,"column":7}},"114":{"start":{"line":198,"column":8},"end":{"line":198,"column":33}},"115":{"start":{"line":199,"column":8},"end":{"line":199,"column":51}},"116":{"start":{"line":199,"column":21},"end":{"line":199,"column":51}},"117":{"start":{"line":200,"column":8},"end":{"line":200,"column":26}},"118":{"start":{"line":204,"column":23},"end":{"line":204,"column":85}},"119":{"start":{"line":207,"column":27},"end":{"line":207,"column":35}},"120":{"start":{"line":208,"column":20},"end":{"line":208,"column":21}},"121":{"start":{"line":209,"column":6},"end":{"line":212,"column":7}},"122":{"start":{"line":210,"column":8},"end":{"line":210,"column":49}},"123":{"start":{"line":211,"column":8},"end":{"line":211,"column":18}},"124":{"start":{"line":214,"column":6},"end":{"line":219,"column":9}},"125":{"start":{"line":222,"column":19},"end":{"line":222,"column":53}},"126":{"start":{"line":223,"column":4},"end":{"line":223,"column":49}},"127":{"start":{"line":224,"column":4},"end":{"line":224,"column":22}},"128":{"start":{"line":226,"column":4},"end":{"line":234,"column":7}},"129":{"start":{"line":236,"column":4},"end":{"line":236,"column":46}},"130":{"start":{"line":237,"column":4},"end":{"line":237,"column":63}},"131":{"start":{"line":241,"column":0},"end":{"line":247,"column":2}}},"fnMap":{"0":{"name":"(anonymous_8)","decl":{"start":{"line":7,"column":18},"end":{"line":7,"column":19}},"loc":{"start":{"line":7,"column":67},"end":{"line":9,"column":1}}},"1":{"name":"(anonymous_9)","decl":{"start":{"line":16,"column":22},"end":{"line":16,"column":23}},"loc":{"start":{"line":16,"column":58},"end":{"line":34,"column":1}}},"2":{"name":"(anonymous_10)","decl":{"start":{"line":36,"column":17},"end":{"line":36,"column":24}},"loc":{"start":{"line":36,"column":55},"end":{"line":69,"column":2}}},"3":{"name":"(anonymous_11)","decl":{"start":{"line":36,"column":55},"end":{"line":36,"column":null}},"loc":{"start":{"line":36,"column":55},"end":{"line":69,"column":1}}},"4":{"name":"(anonymous_12)","decl":{"start":{"line":71,"column":14},"end":{"line":71,"column":21}},"loc":{"start":{"line":71,"column":52},"end":{"line":102,"column":2}}},"5":{"name":"(anonymous_13)","decl":{"start":{"line":71,"column":52},"end":{"line":71,"column":null}},"loc":{"start":{"line":71,"column":52},"end":{"line":102,"column":1}}},"6":{"name":"(anonymous_14)","decl":{"start":{"line":104,"column":15},"end":{"line":104,"column":22}},"loc":{"start":{"line":104,"column":53},"end":{"line":125,"column":2}}},"7":{"name":"(anonymous_15)","decl":{"start":{"line":104,"column":53},"end":{"line":104,"column":null}},"loc":{"start":{"line":104,"column":53},"end":{"line":125,"column":1}}},"8":{"name":"(anonymous_16)","decl":{"start":{"line":118,"column":6},"end":{"line":118,"column":7}},"loc":{"start":{"line":118,"column":17},"end":{"line":118,"column":39}}},"9":{"name":"(anonymous_17)","decl":{"start":{"line":127,"column":21},"end":{"line":127,"column":28}},"loc":{"start":{"line":127,"column":59},"end":{"line":159,"column":2}}},"10":{"name":"(anonymous_18)","decl":{"start":{"line":127,"column":59},"end":{"line":127,"column":null}},"loc":{"start":{"line":127,"column":59},"end":{"line":159,"column":1}}},"11":{"name":"(anonymous_19)","decl":{"start":{"line":151,"column":6},"end":{"line":151,"column":7}},"loc":{"start":{"line":151,"column":17},"end":{"line":151,"column":39}}},"12":{"name":"(anonymous_20)","decl":{"start":{"line":161,"column":20},"end":{"line":161,"column":27}},"loc":{"start":{"line":161,"column":58},"end":{"line":239,"column":2}}},"13":{"name":"(anonymous_21)","decl":{"start":{"line":161,"column":58},"end":{"line":161,"column":null}},"loc":{"start":{"line":161,"column":58},"end":{"line":239,"column":1}}}},"branchMap":{"0":{"loc":{"start":{"line":17,"column":17},"end":{"line":17,"column":59}},"type":"binary-expr","locations":[{"start":{"line":17,"column":17},"end":{"line":17,"column":39}},{"start":{"line":17,"column":43},"end":{"line":17,"column":59}}]},"1":{"loc":{"start":{"line":18,"column":2},"end":{"line":21,"column":3}},"type":"if","locations":[{"start":{"line":18,"column":2},"end":{"line":21,"column":3}},{"start":{},"end":{}}]},"2":{"loc":{"start":{"line":23,"column":29},"end":{"line":23,"column":65}},"type":"binary-expr","locations":[{"start":{"line":23,"column":29},"end":{"line":23,"column":55}},{"start":{"line":23,"column":59},"end":{"line":23,"column":65}}]},"3":{"loc":{"start":{"line":27,"column":4},"end":{"line":27,"column":50}},"type":"binary-expr","locations":[{"start":{"line":27,"column":4},"end":{"line":27,"column":40}},{"start":{"line":27,"column":44},"end":{"line":27,"column":50}}]},"4":{"loc":{"start":{"line":41,"column":2},"end":{"line":43,"column":3}},"type":"if","locations":[{"start":{"line":41,"column":2},"end":{"line":43,"column":3}},{"start":{},"end":{}}]},"5":{"loc":{"start":{"line":41,"column":6},"end":{"line":41,"column":38}},"type":"binary-expr","locations":[{"start":{"line":41,"column":6},"end":{"line":41,"column":15}},{"start":{"line":41,"column":19},"end":{"line":41,"column":25}},{"start":{"line":41,"column":29},"end":{"line":41,"column":38}}]},"6":{"loc":{"start":{"line":46,"column":2},"end":{"line":52,"column":3}},"type":"if","locations":[{"start":{"line":46,"column":2},"end":{"line":52,"column":3}},{"start":{},"end":{}}]},"7":{"loc":{"start":{"line":75,"column":2},"end":{"line":77,"column":3}},"type":"if","locations":[{"start":{"line":75,"column":2},"end":{"line":77,"column":3}},{"start":{},"end":{}}]},"8":{"loc":{"start":{"line":75,"column":6},"end":{"line":75,"column":28}},"type":"binary-expr","locations":[{"start":{"line":75,"column":6},"end":{"line":75,"column":15}},{"start":{"line":75,"column":19},"end":{"line":75,"column":28}}]},"9":{"loc":{"start":{"line":81,"column":4},"end":{"line":83,"column":5}},"type":"if","locations":[{"start":{"line":81,"column":4},"end":{"line":83,"column":5}},{"start":{},"end":{}}]},"10":{"loc":{"start":{"line":86,"column":4},"end":{"line":88,"column":5}},"type":"if","locations":[{"start":{"line":86,"column":4},"end":{"line":88,"column":5}},{"start":{},"end":{}}]},"11":{"loc":{"start":{"line":91,"column":4},"end":{"line":93,"column":5}},"type":"if","locations":[{"start":{"line":91,"column":4},"end":{"line":93,"column":5}},{"start":{},"end":{}}]},"12":{"loc":{"start":{"line":107,"column":2},"end":{"line":109,"column":3}},"type":"if","locations":[{"start":{"line":107,"column":2},"end":{"line":109,"column":3}},{"start":{},"end":{}}]},"13":{"loc":{"start":{"line":114,"column":4},"end":{"line":116,"column":5}},"type":"if","locations":[{"start":{"line":114,"column":4},"end":{"line":116,"column":5}},{"start":{},"end":{}}]},"14":{"loc":{"start":{"line":130,"column":2},"end":{"line":132,"column":3}},"type":"if","locations":[{"start":{"line":130,"column":2},"end":{"line":132,"column":3}},{"start":{},"end":{}}]},"15":{"loc":{"start":{"line":134,"column":17},"end":{"line":134,"column":59}},"type":"binary-expr","locations":[{"start":{"line":134,"column":17},"end":{"line":134,"column":39}},{"start":{"line":134,"column":43},"end":{"line":134,"column":59}}]},"16":{"loc":{"start":{"line":139,"column":4},"end":{"line":141,"column":5}},"type":"if","locations":[{"start":{"line":139,"column":4},"end":{"line":141,"column":5}},{"start":{},"end":{}}]},"17":{"loc":{"start":{"line":142,"column":4},"end":{"line":147,"column":5}},"type":"if","locations":[{"start":{"line":142,"column":4},"end":{"line":147,"column":5}},{"start":{},"end":{}}]},"18":{"loc":{"start":{"line":164,"column":2},"end":{"line":166,"column":3}},"type":"if","locations":[{"start":{"line":164,"column":2},"end":{"line":166,"column":3}},{"start":{},"end":{}}]},"19":{"loc":{"start":{"line":169,"column":2},"end":{"line":172,"column":3}},"type":"if","locations":[{"start":{"line":169,"column":2},"end":{"line":172,"column":3}},{"start":{},"end":{}}]},"20":{"loc":{"start":{"line":182,"column":4},"end":{"line":184,"column":5}},"type":"if","locations":[{"start":{"line":182,"column":4},"end":{"line":184,"column":5}},{"start":{},"end":{}}]},"21":{"loc":{"start":{"line":188,"column":4},"end":{"line":190,"column":5}},"type":"if","locations":[{"start":{"line":188,"column":4},"end":{"line":190,"column":5}},{"start":{},"end":{}}]},"22":{"loc":{"start":{"line":195,"column":4},"end":{"line":220,"column":5}},"type":"if","locations":[{"start":{"line":195,"column":4},"end":{"line":220,"column":5}},{"start":{"line":202,"column":11},"end":{"line":220,"column":5}}]},"23":{"loc":{"start":{"line":197,"column":6},"end":{"line":201,"column":7}},"type":"if","locations":[{"start":{"line":197,"column":6},"end":{"line":201,"column":7}},{"start":{},"end":{}}]},"24":{"loc":{"start":{"line":199,"column":8},"end":{"line":199,"column":51}},"type":"if","locations":[{"start":{"line":199,"column":8},"end":{"line":199,"column":51}},{"start":{},"end":{}}]},"25":{"loc":{"start":{"line":204,"column":23},"end":{"line":204,"column":85}},"type":"binary-expr","locations":[{"start":{"line":204,"column":23},"end":{"line":204,"column":62}},{"start":{"line":204,"column":66},"end":{"line":204,"column":85}}]},"26":{"loc":{"start":{"line":204,"column":23},"end":{"line":204,"column":62}},"type":"cond-expr","locations":[{"start":{"line":204,"column":27},"end":{"line":204,"column":29}},{"start":{"line":204,"column":23},"end":{"line":204,"column":62}}]},"27":{"loc":{"start":{"line":204,"column":23},"end":{"line":204,"column":29}},"type":"binary-expr","locations":[{"start":{"line":204,"column":23},"end":{"line":204,"column":29}},{"start":{"line":204,"column":23},"end":{"line":204,"column":29}}]}},"s":{"0":6,"1":6,"2":6,"3":6,"4":6,"5":20,"6":6,"7":6,"8":6,"9":1,"10":1,"11":5,"12":5,"13":5,"14":5,"15":5,"16":5,"17":6,"18":4,"19":4,"20":4,"21":4,"22":4,"23":1,"24":3,"25":1,"26":2,"27":2,"28":2,"29":2,"30":2,"31":1,"32":1,"33":1,"34":1,"35":6,"36":6,"37":6,"38":6,"39":6,"40":1,"41":5,"42":5,"43":4,"44":1,"45":3,"46":1,"47":2,"48":2,"49":1,"50":1,"51":1,"52":1,"53":1,"54":1,"55":6,"56":4,"57":4,"58":4,"59":1,"60":3,"61":3,"62":3,"63":2,"64":1,"65":1,"66":2,"67":1,"68":1,"69":1,"70":6,"71":5,"72":5,"73":5,"74":1,"75":4,"76":4,"77":4,"78":3,"79":3,"80":1,"81":2,"82":1,"83":1,"84":1,"85":1,"86":1,"87":1,"88":2,"89":1,"90":1,"91":1,"92":1,"93":6,"94":7,"95":7,"96":7,"97":1,"98":6,"99":6,"100":1,"101":1,"102":5,"103":5,"104":5,"105":4,"106":4,"107":1,"108":3,"109":3,"110":1,"111":2,"112":2,"113":1,"114":1,"115":1,"116":1,"117":1,"118":1,"119":1,"120":1,"121":1,"122":1,"123":1,"124":1,"125":2,"126":2,"127":2,"128":2,"129":1,"130":1,"131":6},"f":{"0":20,"1":6,"2":4,"3":4,"4":6,"5":6,"6":4,"7":4,"8":2,"9":5,"10":5,"11":2,"12":7,"13":7},"b":{"0":[6,1],"1":[1,5],"2":[5,0],"3":[5,0],"4":[1,3],"5":[4,4,4],"6":[1,2],"7":[1,5],"8":[6,6],"9":[1,3],"10":[1,2],"11":[1,1],"12":[1,3],"13":[1,1],"14":[1,4],"15":[4,0],"16":[1,2],"17":[1,1],"18":[1,6],"19":[1,5],"20":[1,3],"21":[1,2],"22":[1,1],"23":[1,0],"24":[1,0],"25":[1,0],"26":[0,1],"27":[1,1]}}
,"/Users/liron_dabach/Documents/לימודים/שנה ג׳/נושאים מתקדמים באפליקציות אינטרנטיות/Project/Aura/server/src/controllers/baseController.ts": {"path":"/Users/liron_dabach/Documents/לימודים/שנה ג׳/נושאים מתקדמים באפליקציות אינטרנטיות/Project/Aura/server/src/controllers/baseController.ts","statementMap":{"0":{"start":{"line":7,"column":4},"end":{"line":7,"column":23}},"1":{"start":{"line":11,"column":4},"end":{"line":22,"column":5}},"2":{"start":{"line":12,"column":6},"end":{"line":18,"column":7}},"3":{"start":{"line":13,"column":27},"end":{"line":13,"column":59}},"4":{"start":{"line":14,"column":8},"end":{"line":14,"column":36}},"5":{"start":{"line":16,"column":21},"end":{"line":16,"column":44}},"6":{"start":{"line":17,"column":8},"end":{"line":17,"column":23}},"7":{"start":{"line":20,"column":6},"end":{"line":20,"column":25}},"8":{"start":{"line":21,"column":6},"end":{"line":21,"column":61}},"9":{"start":{"line":26,"column":15},"end":{"line":26,"column":28}},"10":{"start":{"line":27,"column":4},"end":{"line":27,"column":36}},"11":{"start":{"line":28,"column":4},"end":{"line":38,"column":5}},"12":{"start":{"line":29,"column":19},"end":{"line":29,"column":48}},"13":{"start":{"line":30,"column":6},"end":{"line":34,"column":7}},"14":{"start":{"line":31,"column":8},"end":{"line":31,"column":56}},"15":{"start":{"line":33,"column":8},"end":{"line":33,"column":23}},"16":{"start":{"line":36,"column":6},"end":{"line":36,"column":25}},"17":{"start":{"line":37,"column":6},"end":{"line":37,"column":65}},"18":{"start":{"line":43,"column":19},"end":{"line":43,"column":36}},"19":{"start":{"line":44,"column":4},"end":{"line":50,"column":5}},"20":{"start":{"line":45,"column":19},"end":{"line":45,"column":60}},"21":{"start":{"line":46,"column":6},"end":{"line":46,"column":21}},"22":{"start":{"line":48,"column":6},"end":{"line":48,"column":25}},"23":{"start":{"line":49,"column":6},"end":{"line":49,"column":72}},"24":{"start":{"line":55,"column":19},"end":{"line":55,"column":36}},"25":{"start":{"line":56,"column":4},"end":{"line":56,"column":29}},"26":{"start":{"line":57,"column":21},"end":{"line":57,"column":29}},"27":{"start":{"line":58,"column":4},"end":{"line":58,"column":26}},"28":{"start":{"line":59,"column":4},"end":{"line":65,"column":5}},"29":{"start":{"line":60,"column":19},"end":{"line":60,"column":52}},"30":{"start":{"line":61,"column":6},"end":{"line":61,"column":33}},"31":{"start":{"line":63,"column":6},"end":{"line":63,"column":25}},"32":{"start":{"line":64,"column":6},"end":{"line":64,"column":57}},"33":{"start":{"line":70,"column":19},"end":{"line":70,"column":36}},"34":{"start":{"line":71,"column":4},"end":{"line":82,"column":5}},"35":{"start":{"line":72,"column":26},"end":{"line":72,"column":73}},"36":{"start":{"line":73,"column":6},"end":{"line":76,"column":7}},"37":{"start":{"line":74,"column":8},"end":{"line":74,"column":62}},"38":{"start":{"line":75,"column":8},"end":{"line":75,"column":15}},"39":{"start":{"line":77,"column":6},"end":{"line":77,"column":40}},"40":{"start":{"line":78,"column":6},"end":{"line":78,"column":53}},"41":{"start":{"line":80,"column":6},"end":{"line":80,"column":25}},"42":{"start":{"line":81,"column":6},"end":{"line":81,"column":72}},"43":{"start":{"line":87,"column":19},"end":{"line":87,"column":36}},"44":{"start":{"line":88,"column":4},"end":{"line":90,"column":5}},"45":{"start":{"line":89,"column":6},"end":{"line":89,"column":31}},"46":{"start":{"line":91,"column":21},"end":{"line":91,"column":29}},"47":{"start":{"line":92,"column":4},"end":{"line":92,"column":26}},"48":{"start":{"line":93,"column":4},"end":{"line":99,"column":5}},"49":{"start":{"line":94,"column":19},"end":{"line":94,"column":52}},"50":{"start":{"line":95,"column":6},"end":{"line":95,"column":33}},"51":{"start":{"line":97,"column":6},"end":{"line":97,"column":25}},"52":{"start":{"line":98,"column":6},"end":{"line":98,"column":57}},"53":{"start":{"line":103,"column":15},"end":{"line":103,"column":28}},"54":{"start":{"line":104,"column":4},"end":{"line":115,"column":5}},"55":{"start":{"line":105,"column":26},"end":{"line":105,"column":64}},"56":{"start":{"line":106,"column":6},"end":{"line":109,"column":7}},"57":{"start":{"line":107,"column":8},"end":{"line":107,"column":49}},"58":{"start":{"line":108,"column":8},"end":{"line":108,"column":15}},"59":{"start":{"line":110,"column":6},"end":{"line":110,"column":40}},"60":{"start":{"line":111,"column":6},"end":{"line":111,"column":53}},"61":{"start":{"line":113,"column":6},"end":{"line":113,"column":25}},"62":{"start":{"line":114,"column":6},"end":{"line":114,"column":57}},"63":{"start":{"line":119,"column":15},"end":{"line":119,"column":28}},"64":{"start":{"line":120,"column":24},"end":{"line":120,"column":32}},"65":{"start":{"line":121,"column":4},"end":{"line":129,"column":5}},"66":{"start":{"line":122,"column":19},"end":{"line":124,"column":8}},"67":{"start":{"line":125,"column":6},"end":{"line":125,"column":21}},"68":{"start":{"line":127,"column":6},"end":{"line":127,"column":25}},"69":{"start":{"line":128,"column":6},"end":{"line":128,"column":57}},"70":{"start":{"line":133,"column":0},"end":{"line":133,"column":30}}},"fnMap":{"0":{"name":"(anonymous_7)","decl":{"start":{"line":6,"column":2},"end":{"line":6,"column":14}},"loc":{"start":{"line":6,"column":24},"end":{"line":8,"column":3}}},"1":{"name":"(anonymous_8)","decl":{"start":{"line":10,"column":8},"end":{"line":10,"column":14}},"loc":{"start":{"line":10,"column":42},"end":{"line":23,"column":null}}},"2":{"name":"(anonymous_10)","decl":{"start":{"line":25,"column":8},"end":{"line":25,"column":15}},"loc":{"start":{"line":25,"column":43},"end":{"line":39,"column":null}}},"3":{"name":"(anonymous_12)","decl":{"start":{"line":42,"column":8},"end":{"line":42,"column":19}},"loc":{"start":{"line":42,"column":47},"end":{"line":51,"column":null}}},"4":{"name":"(anonymous_14)","decl":{"start":{"line":54,"column":8},"end":{"line":54,"column":22}},"loc":{"start":{"line":54,"column":50},"end":{"line":66,"column":null}}},"5":{"name":"(anonymous_16)","decl":{"start":{"line":69,"column":8},"end":{"line":69,"column":19}},"loc":{"start":{"line":69,"column":47},"end":{"line":83,"column":null}}},"6":{"name":"(anonymous_18)","decl":{"start":{"line":86,"column":8},"end":{"line":86,"column":14}},"loc":{"start":{"line":86,"column":42},"end":{"line":100,"column":null}}},"7":{"name":"(anonymous_20)","decl":{"start":{"line":102,"column":8},"end":{"line":102,"column":11}},"loc":{"start":{"line":102,"column":39},"end":{"line":116,"column":null}}},"8":{"name":"(anonymous_22)","decl":{"start":{"line":118,"column":8},"end":{"line":118,"column":14}},"loc":{"start":{"line":118,"column":42},"end":{"line":130,"column":null}}}},"branchMap":{"0":{"loc":{"start":{"line":12,"column":6},"end":{"line":18,"column":7}},"type":"if","locations":[{"start":{"line":12,"column":6},"end":{"line":18,"column":7}},{"start":{"line":15,"column":13},"end":{"line":18,"column":7}}]},"1":{"loc":{"start":{"line":30,"column":6},"end":{"line":34,"column":7}},"type":"if","locations":[{"start":{"line":30,"column":6},"end":{"line":34,"column":7}},{"start":{"line":32,"column":13},"end":{"line":34,"column":7}}]},"2":{"loc":{"start":{"line":73,"column":6},"end":{"line":76,"column":7}},"type":"if","locations":[{"start":{"line":73,"column":6},"end":{"line":76,"column":7}},{"start":{},"end":{}}]},"3":{"loc":{"start":{"line":88,"column":4},"end":{"line":90,"column":5}},"type":"if","locations":[{"start":{"line":88,"column":4},"end":{"line":90,"column":5}},{"start":{},"end":{}}]},"4":{"loc":{"start":{"line":106,"column":6},"end":{"line":109,"column":7}},"type":"if","locations":[{"start":{"line":106,"column":6},"end":{"line":109,"column":7}},{"start":{},"end":{}}]}},"s":{"0":43,"1":5,"2":5,"3":3,"4":1,"5":2,"6":2,"7":2,"8":2,"9":3,"10":3,"11":3,"12":3,"13":1,"14":1,"15":0,"16":2,"17":2,"18":2,"19":2,"20":2,"21":1,"22":1,"23":1,"24":2,"25":2,"26":2,"27":2,"28":2,"29":2,"30":1,"31":1,"32":1,"33":3,"34":3,"35":3,"36":2,"37":1,"38":1,"39":1,"40":1,"41":1,"42":1,"43":12,"44":12,"45":3,"46":12,"47":12,"48":12,"49":12,"50":10,"51":2,"52":2,"53":7,"54":7,"55":7,"56":5,"57":1,"58":1,"59":4,"60":4,"61":2,"62":2,"63":7,"64":7,"65":7,"66":7,"67":5,"68":2,"69":2,"70":8},"f":{"0":43,"1":5,"2":3,"3":2,"4":2,"5":3,"6":12,"7":7,"8":7},"b":{"0":[3,2],"1":[1,0],"2":[1,1],"3":[3,9],"4":[1,4]}}
,"/Users/liron_dabach/Documents/לימודים/שנה ג׳/נושאים מתקדמים באפליקציות אינטרנטיות/Project/Aura/server/src/controllers/commentsController.ts": {"path":"/Users/liron_dabach/Documents/לימודים/שנה ג׳/נושאים מתקדמים באפליקציות אינטרנטיות/Project/Aura/server/src/controllers/commentsController.ts","statementMap":{"0":{"start":{"line":1,"column":0},"end":{"line":1,"column":52}},"1":{"start":{"line":3,"column":0},"end":{"line":3,"column":46}},"2":{"start":{"line":8,"column":4},"end":{"line":8,"column":25}},"3":{"start":{"line":13,"column":4},"end":{"line":15,"column":5}},"4":{"start":{"line":14,"column":6},"end":{"line":14,"column":37}},"5":{"start":{"line":16,"column":4},"end":{"line":16,"column":34}},"6":{"start":{"line":21,"column":15},"end":{"line":21,"column":28}},"7":{"start":{"line":22,"column":4},"end":{"line":51,"column":5}},"8":{"start":{"line":23,"column":22},"end":{"line":23,"column":51}},"9":{"start":{"line":24,"column":6},"end":{"line":27,"column":7}},"10":{"start":{"line":25,"column":8},"end":{"line":25,"column":50}},"11":{"start":{"line":26,"column":8},"end":{"line":26,"column":15}},"12":{"start":{"line":29,"column":6},"end":{"line":34,"column":7}},"13":{"start":{"line":30,"column":8},"end":{"line":32,"column":70}},"14":{"start":{"line":33,"column":8},"end":{"line":33,"column":15}},"15":{"start":{"line":36,"column":6},"end":{"line":45,"column":7}},"16":{"start":{"line":41,"column":8},"end":{"line":43,"column":72}},"17":{"start":{"line":44,"column":8},"end":{"line":44,"column":15}},"18":{"start":{"line":46,"column":6},"end":{"line":46,"column":29}},"19":{"start":{"line":47,"column":6},"end":{"line":47,"column":13}},"20":{"start":{"line":49,"column":6},"end":{"line":49,"column":25}},"21":{"start":{"line":50,"column":6},"end":{"line":50,"column":53}},"22":{"start":{"line":56,"column":15},"end":{"line":56,"column":28}},"23":{"start":{"line":57,"column":4},"end":{"line":76,"column":5}},"24":{"start":{"line":58,"column":22},"end":{"line":58,"column":51}},"25":{"start":{"line":59,"column":6},"end":{"line":62,"column":7}},"26":{"start":{"line":60,"column":8},"end":{"line":60,"column":50}},"27":{"start":{"line":61,"column":8},"end":{"line":61,"column":15}},"28":{"start":{"line":64,"column":6},"end":{"line":72,"column":7}},"29":{"start":{"line":65,"column":8},"end":{"line":65,"column":28}},"30":{"start":{"line":66,"column":8},"end":{"line":66,"column":15}},"31":{"start":{"line":68,"column":8},"end":{"line":70,"column":70}},"32":{"start":{"line":71,"column":8},"end":{"line":71,"column":15}},"33":{"start":{"line":74,"column":6},"end":{"line":74,"column":25}},"34":{"start":{"line":75,"column":6},"end":{"line":75,"column":53}},"35":{"start":{"line":82,"column":19},"end":{"line":82,"column":36}},"36":{"start":{"line":83,"column":4},"end":{"line":91,"column":5}},"37":{"start":{"line":84,"column":23},"end":{"line":86,"column":39}},"38":{"start":{"line":87,"column":6},"end":{"line":87,"column":37}},"39":{"start":{"line":89,"column":6},"end":{"line":89,"column":25}},"40":{"start":{"line":90,"column":6},"end":{"line":90,"column":67}},"41":{"start":{"line":96,"column":19},"end":{"line":96,"column":36}},"42":{"start":{"line":97,"column":4},"end":{"line":99,"column":5}},"43":{"start":{"line":98,"column":6},"end":{"line":98,"column":37}},"44":{"start":{"line":100,"column":4},"end":{"line":100,"column":29}},"45":{"start":{"line":101,"column":4},"end":{"line":101,"column":34}},"46":{"start":{"line":106,"column":22},"end":{"line":106,"column":42}},"47":{"start":{"line":107,"column":19},"end":{"line":107,"column":36}},"48":{"start":{"line":108,"column":4},"end":{"line":141,"column":5}},"49":{"start":{"line":109,"column":22},"end":{"line":109,"column":58}},"50":{"start":{"line":110,"column":6},"end":{"line":113,"column":7}},"51":{"start":{"line":111,"column":8},"end":{"line":111,"column":50}},"52":{"start":{"line":112,"column":8},"end":{"line":112,"column":15}},"53":{"start":{"line":115,"column":6},"end":{"line":120,"column":7}},"54":{"start":{"line":116,"column":8},"end":{"line":118,"column":70}},"55":{"start":{"line":119,"column":8},"end":{"line":119,"column":15}},"56":{"start":{"line":122,"column":6},"end":{"line":134,"column":7}},"57":{"start":{"line":128,"column":8},"end":{"line":132,"column":12}},"58":{"start":{"line":133,"column":8},"end":{"line":133,"column":15}},"59":{"start":{"line":135,"column":6},"end":{"line":135,"column":32}},"60":{"start":{"line":136,"column":6},"end":{"line":136,"column":29}},"61":{"start":{"line":137,"column":6},"end":{"line":137,"column":13}},"62":{"start":{"line":139,"column":6},"end":{"line":139,"column":25}},"63":{"start":{"line":140,"column":6},"end":{"line":140,"column":53}},"64":{"start":{"line":146,"column":22},"end":{"line":146,"column":42}},"65":{"start":{"line":147,"column":19},"end":{"line":147,"column":36}},"66":{"start":{"line":148,"column":4},"end":{"line":167,"column":5}},"67":{"start":{"line":149,"column":22},"end":{"line":149,"column":58}},"68":{"start":{"line":150,"column":6},"end":{"line":153,"column":7}},"69":{"start":{"line":151,"column":8},"end":{"line":151,"column":50}},"70":{"start":{"line":152,"column":8},"end":{"line":152,"column":15}},"71":{"start":{"line":155,"column":6},"end":{"line":160,"column":7}},"72":{"start":{"line":156,"column":8},"end":{"line":158,"column":70}},"73":{"start":{"line":159,"column":8},"end":{"line":159,"column":15}},"74":{"start":{"line":161,"column":6},"end":{"line":161,"column":32}},"75":{"start":{"line":162,"column":6},"end":{"line":162,"column":26}},"76":{"start":{"line":163,"column":6},"end":{"line":163,"column":13}},"77":{"start":{"line":165,"column":6},"end":{"line":165,"column":25}},"78":{"start":{"line":166,"column":6},"end":{"line":166,"column":53}},"79":{"start":{"line":171,"column":0},"end":{"line":171,"column":40}}},"fnMap":{"0":{"name":"(anonymous_8)","decl":{"start":{"line":7,"column":2},"end":{"line":7,"column":null}},"loc":{"start":{"line":7,"column":2},"end":{"line":9,"column":3}}},"1":{"name":"(anonymous_9)","decl":{"start":{"line":12,"column":8},"end":{"line":12,"column":14}},"loc":{"start":{"line":12,"column":46},"end":{"line":17,"column":null}}},"2":{"name":"(anonymous_12)","decl":{"start":{"line":20,"column":8},"end":{"line":20,"column":14}},"loc":{"start":{"line":20,"column":46},"end":{"line":52,"column":null}}},"3":{"name":"(anonymous_15)","decl":{"start":{"line":55,"column":8},"end":{"line":55,"column":11}},"loc":{"start":{"line":55,"column":43},"end":{"line":77,"column":null}}},"4":{"name":"(anonymous_18)","decl":{"start":{"line":81,"column":8},"end":{"line":81,"column":19}},"loc":{"start":{"line":81,"column":47},"end":{"line":92,"column":null}}},"5":{"name":"(anonymous_20)","decl":{"start":{"line":95,"column":8},"end":{"line":95,"column":22}},"loc":{"start":{"line":95,"column":54},"end":{"line":102,"column":null}}},"6":{"name":"(anonymous_23)","decl":{"start":{"line":105,"column":8},"end":{"line":105,"column":22}},"loc":{"start":{"line":105,"column":54},"end":{"line":142,"column":null}}},"7":{"name":"(anonymous_26)","decl":{"start":{"line":145,"column":8},"end":{"line":145,"column":19}},"loc":{"start":{"line":145,"column":51},"end":{"line":168,"column":null}}}},"branchMap":{"0":{"loc":{"start":{"line":13,"column":4},"end":{"line":15,"column":5}},"type":"if","locations":[{"start":{"line":13,"column":4},"end":{"line":15,"column":5}},{"start":{},"end":{}}]},"1":{"loc":{"start":{"line":24,"column":6},"end":{"line":27,"column":7}},"type":"if","locations":[{"start":{"line":24,"column":6},"end":{"line":27,"column":7}},{"start":{},"end":{}}]},"2":{"loc":{"start":{"line":29,"column":6},"end":{"line":34,"column":7}},"type":"if","locations":[{"start":{"line":29,"column":6},"end":{"line":34,"column":7}},{"start":{},"end":{}}]},"3":{"loc":{"start":{"line":29,"column":10},"end":{"line":29,"column":65}},"type":"binary-expr","locations":[{"start":{"line":29,"column":10},"end":{"line":29,"column":19}},{"start":{"line":29,"column":23},"end":{"line":29,"column":65}}]},"4":{"loc":{"start":{"line":36,"column":6},"end":{"line":45,"column":7}},"type":"if","locations":[{"start":{"line":36,"column":6},"end":{"line":45,"column":7}},{"start":{},"end":{}}]},"5":{"loc":{"start":{"line":37,"column":8},"end":{"line":39,"column":81}},"type":"binary-expr","locations":[{"start":{"line":37,"column":9},"end":{"line":37,"column":24}},{"start":{"line":37,"column":28},"end":{"line":37,"column":73}},{"start":{"line":38,"column":9},"end":{"line":38,"column":22}},{"start":{"line":39,"column":10},"end":{"line":39,"column":80}}]},"6":{"loc":{"start":{"line":59,"column":6},"end":{"line":62,"column":7}},"type":"if","locations":[{"start":{"line":59,"column":6},"end":{"line":62,"column":7}},{"start":{},"end":{}}]},"7":{"loc":{"start":{"line":64,"column":6},"end":{"line":72,"column":7}},"type":"if","locations":[{"start":{"line":64,"column":6},"end":{"line":72,"column":7}},{"start":{"line":67,"column":13},"end":{"line":72,"column":7}}]},"8":{"loc":{"start":{"line":64,"column":10},"end":{"line":64,"column":64}},"type":"binary-expr","locations":[{"start":{"line":64,"column":10},"end":{"line":64,"column":18}},{"start":{"line":64,"column":22},"end":{"line":64,"column":64}}]},"9":{"loc":{"start":{"line":97,"column":4},"end":{"line":99,"column":5}},"type":"if","locations":[{"start":{"line":97,"column":4},"end":{"line":99,"column":5}},{"start":{},"end":{}}]},"10":{"loc":{"start":{"line":110,"column":6},"end":{"line":113,"column":7}},"type":"if","locations":[{"start":{"line":110,"column":6},"end":{"line":113,"column":7}},{"start":{},"end":{}}]},"11":{"loc":{"start":{"line":115,"column":6},"end":{"line":120,"column":7}},"type":"if","locations":[{"start":{"line":115,"column":6},"end":{"line":120,"column":7}},{"start":{},"end":{}}]},"12":{"loc":{"start":{"line":115,"column":10},"end":{"line":115,"column":65}},"type":"binary-expr","locations":[{"start":{"line":115,"column":10},"end":{"line":115,"column":19}},{"start":{"line":115,"column":23},"end":{"line":115,"column":65}}]},"13":{"loc":{"start":{"line":122,"column":6},"end":{"line":134,"column":7}},"type":"if","locations":[{"start":{"line":122,"column":6},"end":{"line":134,"column":7}},{"start":{},"end":{}}]},"14":{"loc":{"start":{"line":123,"column":8},"end":{"line":126,"column":81}},"type":"binary-expr","locations":[{"start":{"line":123,"column":9},"end":{"line":123,"column":24}},{"start":{"line":123,"column":28},"end":{"line":123,"column":73}},{"start":{"line":124,"column":9},"end":{"line":124,"column":24}},{"start":{"line":124,"column":28},"end":{"line":124,"column":73}},{"start":{"line":125,"column":9},"end":{"line":125,"column":22}},{"start":{"line":126,"column":10},"end":{"line":126,"column":80}}]},"15":{"loc":{"start":{"line":150,"column":6},"end":{"line":153,"column":7}},"type":"if","locations":[{"start":{"line":150,"column":6},"end":{"line":153,"column":7}},{"start":{},"end":{}}]},"16":{"loc":{"start":{"line":155,"column":6},"end":{"line":160,"column":7}},"type":"if","locations":[{"start":{"line":155,"column":6},"end":{"line":160,"column":7}},{"start":{},"end":{}}]},"17":{"loc":{"start":{"line":155,"column":10},"end":{"line":155,"column":65}},"type":"binary-expr","locations":[{"start":{"line":155,"column":10},"end":{"line":155,"column":19}},{"start":{"line":155,"column":23},"end":{"line":155,"column":65}}]}},"s":{"0":7,"1":7,"2":7,"3":1,"4":1,"5":1,"6":5,"7":5,"8":5,"9":4,"10":1,"11":1,"12":3,"13":1,"14":1,"15":2,"16":1,"17":1,"18":1,"19":1,"20":1,"21":1,"22":3,"23":3,"24":3,"25":2,"26":0,"27":0,"28":2,"29":1,"30":1,"31":1,"32":1,"33":1,"34":1,"35":3,"36":3,"37":3,"38":2,"39":1,"40":1,"41":2,"42":2,"43":2,"44":2,"45":2,"46":7,"47":7,"48":7,"49":7,"50":6,"51":1,"52":1,"53":5,"54":1,"55":1,"56":4,"57":2,"58":2,"59":2,"60":2,"61":2,"62":1,"63":1,"64":5,"65":5,"66":5,"67":5,"68":4,"69":1,"70":1,"71":3,"72":1,"73":1,"74":2,"75":2,"76":2,"77":1,"78":1,"79":7},"f":{"0":7,"1":1,"2":5,"3":3,"4":3,"5":2,"6":7,"7":5},"b":{"0":[1,0],"1":[1,3],"2":[1,2],"3":[3,3],"4":[1,1],"5":[2,1,1,0],"6":[0,2],"7":[1,1],"8":[2,2],"9":[2,0],"10":[1,5],"11":[1,4],"12":[5,5],"13":[2,2],"14":[4,1,3,1,2,0],"15":[1,3],"16":[1,2],"17":[3,3]}}
,"/Users/liron_dabach/Documents/לימודים/שנה ג׳/נושאים מתקדמים באפליקציות אינטרנטיות/Project/Aura/server/src/controllers/likesController.ts": {"path":"/Users/liron_dabach/Documents/לימודים/שנה ג׳/נושאים מתקדמים באפליקציות אינטרנטיות/Project/Aura/server/src/controllers/likesController.ts","statementMap":{"0":{"start":{"line":1,"column":0},"end":{"line":1,"column":46}},"1":{"start":{"line":3,"column":0},"end":{"line":3,"column":46}},"2":{"start":{"line":8,"column":4},"end":{"line":8,"column":22}},"3":{"start":{"line":13,"column":4},"end":{"line":15,"column":5}},"4":{"start":{"line":14,"column":6},"end":{"line":14,"column":39}},"5":{"start":{"line":16,"column":4},"end":{"line":16,"column":34}},"6":{"start":{"line":21,"column":15},"end":{"line":21,"column":28}},"7":{"start":{"line":22,"column":4},"end":{"line":39,"column":5}},"8":{"start":{"line":23,"column":19},"end":{"line":23,"column":48}},"9":{"start":{"line":24,"column":6},"end":{"line":27,"column":7}},"10":{"start":{"line":25,"column":8},"end":{"line":25,"column":47}},"11":{"start":{"line":26,"column":8},"end":{"line":26,"column":15}},"12":{"start":{"line":29,"column":6},"end":{"line":35,"column":7}},"13":{"start":{"line":30,"column":8},"end":{"line":30,"column":28}},"14":{"start":{"line":31,"column":8},"end":{"line":31,"column":15}},"15":{"start":{"line":33,"column":8},"end":{"line":33,"column":80}},"16":{"start":{"line":34,"column":8},"end":{"line":34,"column":15}},"17":{"start":{"line":37,"column":6},"end":{"line":37,"column":25}},"18":{"start":{"line":38,"column":6},"end":{"line":38,"column":50}},"19":{"start":{"line":44,"column":15},"end":{"line":44,"column":28}},"20":{"start":{"line":45,"column":4},"end":{"line":69,"column":5}},"21":{"start":{"line":46,"column":19},"end":{"line":46,"column":48}},"22":{"start":{"line":47,"column":6},"end":{"line":50,"column":7}},"23":{"start":{"line":48,"column":8},"end":{"line":48,"column":47}},"24":{"start":{"line":49,"column":8},"end":{"line":49,"column":15}},"25":{"start":{"line":52,"column":6},"end":{"line":55,"column":7}},"26":{"start":{"line":53,"column":8},"end":{"line":53,"column":80}},"27":{"start":{"line":54,"column":8},"end":{"line":54,"column":15}},"28":{"start":{"line":57,"column":6},"end":{"line":63,"column":7}},"29":{"start":{"line":61,"column":8},"end":{"line":61,"column":66}},"30":{"start":{"line":62,"column":8},"end":{"line":62,"column":15}},"31":{"start":{"line":64,"column":6},"end":{"line":64,"column":29}},"32":{"start":{"line":65,"column":6},"end":{"line":65,"column":13}},"33":{"start":{"line":67,"column":6},"end":{"line":67,"column":25}},"34":{"start":{"line":68,"column":6},"end":{"line":68,"column":53}},"35":{"start":{"line":74,"column":19},"end":{"line":74,"column":36}},"36":{"start":{"line":75,"column":4},"end":{"line":81,"column":5}},"37":{"start":{"line":76,"column":20},"end":{"line":76,"column":61}},"38":{"start":{"line":77,"column":6},"end":{"line":77,"column":22}},"39":{"start":{"line":79,"column":6},"end":{"line":79,"column":25}},"40":{"start":{"line":80,"column":6},"end":{"line":80,"column":66}},"41":{"start":{"line":86,"column":19},"end":{"line":86,"column":36}},"42":{"start":{"line":87,"column":4},"end":{"line":89,"column":5}},"43":{"start":{"line":88,"column":6},"end":{"line":88,"column":39}},"44":{"start":{"line":90,"column":4},"end":{"line":90,"column":29}},"45":{"start":{"line":91,"column":4},"end":{"line":91,"column":34}},"46":{"start":{"line":96,"column":19},"end":{"line":96,"column":36}},"47":{"start":{"line":97,"column":4},"end":{"line":112,"column":5}},"48":{"start":{"line":98,"column":19},"end":{"line":101,"column":8}},"49":{"start":{"line":102,"column":6},"end":{"line":105,"column":7}},"50":{"start":{"line":103,"column":8},"end":{"line":103,"column":73}},"51":{"start":{"line":104,"column":8},"end":{"line":104,"column":15}},"52":{"start":{"line":106,"column":6},"end":{"line":106,"column":51}},"53":{"start":{"line":107,"column":6},"end":{"line":107,"column":33}},"54":{"start":{"line":108,"column":6},"end":{"line":108,"column":13}},"55":{"start":{"line":110,"column":6},"end":{"line":110,"column":25}},"56":{"start":{"line":111,"column":6},"end":{"line":111,"column":63}},"57":{"start":{"line":116,"column":0},"end":{"line":116,"column":37}}},"fnMap":{"0":{"name":"(anonymous_8)","decl":{"start":{"line":7,"column":2},"end":{"line":7,"column":null}},"loc":{"start":{"line":7,"column":2},"end":{"line":9,"column":3}}},"1":{"name":"(anonymous_9)","decl":{"start":{"line":12,"column":8},"end":{"line":12,"column":14}},"loc":{"start":{"line":12,"column":46},"end":{"line":17,"column":null}}},"2":{"name":"(anonymous_12)","decl":{"start":{"line":20,"column":8},"end":{"line":20,"column":11}},"loc":{"start":{"line":20,"column":43},"end":{"line":40,"column":null}}},"3":{"name":"(anonymous_15)","decl":{"start":{"line":43,"column":8},"end":{"line":43,"column":14}},"loc":{"start":{"line":43,"column":46},"end":{"line":70,"column":null}}},"4":{"name":"(anonymous_18)","decl":{"start":{"line":73,"column":8},"end":{"line":73,"column":19}},"loc":{"start":{"line":73,"column":47},"end":{"line":82,"column":null}}},"5":{"name":"(anonymous_20)","decl":{"start":{"line":85,"column":8},"end":{"line":85,"column":22}},"loc":{"start":{"line":85,"column":54},"end":{"line":92,"column":null}}},"6":{"name":"(anonymous_23)","decl":{"start":{"line":95,"column":8},"end":{"line":95,"column":19}},"loc":{"start":{"line":95,"column":51},"end":{"line":113,"column":null}}}},"branchMap":{"0":{"loc":{"start":{"line":13,"column":4},"end":{"line":15,"column":5}},"type":"if","locations":[{"start":{"line":13,"column":4},"end":{"line":15,"column":5}},{"start":{},"end":{}}]},"1":{"loc":{"start":{"line":24,"column":6},"end":{"line":27,"column":7}},"type":"if","locations":[{"start":{"line":24,"column":6},"end":{"line":27,"column":7}},{"start":{},"end":{}}]},"2":{"loc":{"start":{"line":29,"column":6},"end":{"line":35,"column":7}},"type":"if","locations":[{"start":{"line":29,"column":6},"end":{"line":35,"column":7}},{"start":{"line":32,"column":13},"end":{"line":35,"column":7}}]},"3":{"loc":{"start":{"line":29,"column":10},"end":{"line":29,"column":63}},"type":"binary-expr","locations":[{"start":{"line":29,"column":10},"end":{"line":29,"column":18}},{"start":{"line":29,"column":22},"end":{"line":29,"column":63}}]},"4":{"loc":{"start":{"line":47,"column":6},"end":{"line":50,"column":7}},"type":"if","locations":[{"start":{"line":47,"column":6},"end":{"line":50,"column":7}},{"start":{},"end":{}}]},"5":{"loc":{"start":{"line":52,"column":6},"end":{"line":55,"column":7}},"type":"if","locations":[{"start":{"line":52,"column":6},"end":{"line":55,"column":7}},{"start":{},"end":{}}]},"6":{"loc":{"start":{"line":52,"column":10},"end":{"line":52,"column":64}},"type":"binary-expr","locations":[{"start":{"line":52,"column":10},"end":{"line":52,"column":19}},{"start":{"line":52,"column":23},"end":{"line":52,"column":64}}]},"7":{"loc":{"start":{"line":57,"column":6},"end":{"line":63,"column":7}},"type":"if","locations":[{"start":{"line":57,"column":6},"end":{"line":63,"column":7}},{"start":{},"end":{}}]},"8":{"loc":{"start":{"line":58,"column":8},"end":{"line":59,"column":54}},"type":"binary-expr","locations":[{"start":{"line":58,"column":8},"end":{"line":58,"column":25}},{"start":{"line":59,"column":8},"end":{"line":59,"column":54}}]},"9":{"loc":{"start":{"line":87,"column":4},"end":{"line":89,"column":5}},"type":"if","locations":[{"start":{"line":87,"column":4},"end":{"line":89,"column":5}},{"start":{},"end":{}}]},"10":{"loc":{"start":{"line":100,"column":18},"end":{"line":100,"column":31}},"type":"cond-expr","locations":[{"start":{"line":100,"column":26},"end":{"line":100,"column":28}},{"start":{"line":100,"column":26},"end":{"line":100,"column":31}}]},"11":{"loc":{"start":{"line":100,"column":18},"end":{"line":100,"column":28}},"type":"binary-expr","locations":[{"start":{"line":100,"column":18},"end":{"line":100,"column":28}},{"start":{"line":100,"column":26},"end":{"line":100,"column":28}}]},"12":{"loc":{"start":{"line":102,"column":6},"end":{"line":105,"column":7}},"type":"if","locations":[{"start":{"line":102,"column":6},"end":{"line":105,"column":7}},{"start":{},"end":{}}]}},"s":{"0":7,"1":7,"2":7,"3":1,"4":1,"5":1,"6":3,"7":3,"8":3,"9":2,"10":1,"11":1,"12":1,"13":0,"14":0,"15":1,"16":1,"17":1,"18":1,"19":5,"20":5,"21":5,"22":4,"23":1,"24":1,"25":3,"26":1,"27":1,"28":2,"29":1,"30":1,"31":1,"32":1,"33":1,"34":1,"35":3,"36":3,"37":3,"38":2,"39":1,"40":1,"41":3,"42":3,"43":3,"44":3,"45":3,"46":5,"47":5,"48":5,"49":4,"50":2,"51":2,"52":2,"53":2,"54":2,"55":1,"56":1,"57":7},"f":{"0":7,"1":1,"2":3,"3":5,"4":3,"5":3,"6":5},"b":{"0":[1,0],"1":[1,1],"2":[0,1],"3":[1,1],"4":[1,3],"5":[1,2],"6":[3,3],"7":[1,1],"8":[2,2],"9":[3,0],"10":[0,5],"11":[5,5],"12":[2,2]}}
,"/Users/liron_dabach/Documents/לימודים/שנה ג׳/נושאים מתקדמים באפליקציות אינטרנטיות/Project/Aura/server/src/controllers/postsController.ts": {"path":"/Users/liron_dabach/Documents/לימודים/שנה ג׳/נושאים מתקדמים באפליקציות אינטרנטיות/Project/Aura/server/src/controllers/postsController.ts","statementMap":{"0":{"start":{"line":2,"column":0},"end":{"line":2,"column":46}},"1":{"start":{"line":3,"column":0},"end":{"line":3,"column":46}},"2":{"start":{"line":8,"column":4},"end":{"line":8,"column":22}},"3":{"start":{"line":13,"column":4},"end":{"line":38,"column":5}},"4":{"start":{"line":14,"column":19},"end":{"line":14,"column":71}},"5":{"start":{"line":15,"column":27},"end":{"line":15,"column":70}},"6":{"start":{"line":16,"column":20},"end":{"line":16,"column":84}},"7":{"start":{"line":17,"column":19},"end":{"line":17,"column":37}},"8":{"start":{"line":19,"column":29},"end":{"line":27,"column":8}},"9":{"start":{"line":29,"column":6},"end":{"line":34,"column":9}},"10":{"start":{"line":36,"column":6},"end":{"line":36,"column":25}},"11":{"start":{"line":37,"column":6},"end":{"line":37,"column":58}},"12":{"start":{"line":43,"column":15},"end":{"line":43,"column":28}},"13":{"start":{"line":44,"column":4},"end":{"line":55,"column":5}},"14":{"start":{"line":45,"column":19},"end":{"line":47,"column":56}},"15":{"start":{"line":48,"column":6},"end":{"line":50,"column":7}},"16":{"start":{"line":49,"column":8},"end":{"line":49,"column":56}},"17":{"start":{"line":51,"column":6},"end":{"line":51,"column":28}},"18":{"start":{"line":53,"column":6},"end":{"line":53,"column":25}},"19":{"start":{"line":54,"column":6},"end":{"line":54,"column":63}},"20":{"start":{"line":59,"column":4},"end":{"line":61,"column":5}},"21":{"start":{"line":60,"column":6},"end":{"line":60,"column":39}},"22":{"start":{"line":63,"column":4},"end":{"line":63,"column":31}},"23":{"start":{"line":64,"column":4},"end":{"line":64,"column":34}},"24":{"start":{"line":68,"column":15},"end":{"line":68,"column":28}},"25":{"start":{"line":69,"column":4},"end":{"line":92,"column":5}},"26":{"start":{"line":70,"column":19},"end":{"line":70,"column":48}},"27":{"start":{"line":71,"column":6},"end":{"line":74,"column":7}},"28":{"start":{"line":72,"column":8},"end":{"line":72,"column":54}},"29":{"start":{"line":73,"column":8},"end":{"line":73,"column":15}},"30":{"start":{"line":75,"column":6},"end":{"line":78,"column":7}},"31":{"start":{"line":76,"column":8},"end":{"line":76,"column":73}},"32":{"start":{"line":77,"column":8},"end":{"line":77,"column":15}},"33":{"start":{"line":79,"column":6},"end":{"line":82,"column":7}},"34":{"start":{"line":80,"column":8},"end":{"line":80,"column":63}},"35":{"start":{"line":81,"column":8},"end":{"line":81,"column":15}},"36":{"start":{"line":83,"column":6},"end":{"line":86,"column":7}},"37":{"start":{"line":84,"column":8},"end":{"line":84,"column":71}},"38":{"start":{"line":85,"column":8},"end":{"line":85,"column":15}},"39":{"start":{"line":87,"column":6},"end":{"line":87,"column":29}},"40":{"start":{"line":88,"column":6},"end":{"line":88,"column":13}},"41":{"start":{"line":90,"column":6},"end":{"line":90,"column":25}},"42":{"start":{"line":91,"column":6},"end":{"line":91,"column":55}},"43":{"start":{"line":96,"column":15},"end":{"line":96,"column":28}},"44":{"start":{"line":97,"column":4},"end":{"line":115,"column":5}},"45":{"start":{"line":98,"column":19},"end":{"line":98,"column":48}},"46":{"start":{"line":99,"column":6},"end":{"line":102,"column":7}},"47":{"start":{"line":100,"column":8},"end":{"line":100,"column":47}},"48":{"start":{"line":101,"column":8},"end":{"line":101,"column":15}},"49":{"start":{"line":103,"column":6},"end":{"line":111,"column":7}},"50":{"start":{"line":104,"column":8},"end":{"line":104,"column":28}},"51":{"start":{"line":105,"column":8},"end":{"line":105,"column":15}},"52":{"start":{"line":107,"column":8},"end":{"line":107,"column":43}},"53":{"start":{"line":108,"column":8},"end":{"line":108,"column":74}},"54":{"start":{"line":109,"column":8},"end":{"line":109,"column":71}},"55":{"start":{"line":110,"column":8},"end":{"line":110,"column":15}},"56":{"start":{"line":113,"column":6},"end":{"line":113,"column":25}},"57":{"start":{"line":114,"column":6},"end":{"line":114,"column":55}},"58":{"start":{"line":119,"column":19},"end":{"line":119,"column":36}},"59":{"start":{"line":120,"column":4},"end":{"line":126,"column":5}},"60":{"start":{"line":121,"column":20},"end":{"line":121,"column":63}},"61":{"start":{"line":122,"column":6},"end":{"line":122,"column":22}},"62":{"start":{"line":124,"column":6},"end":{"line":124,"column":25}},"63":{"start":{"line":125,"column":6},"end":{"line":125,"column":69}},"64":{"start":{"line":130,"column":0},"end":{"line":130,"column":37}}},"fnMap":{"0":{"name":"(anonymous_8)","decl":{"start":{"line":7,"column":2},"end":{"line":7,"column":null}},"loc":{"start":{"line":7,"column":2},"end":{"line":9,"column":3}}},"1":{"name":"(anonymous_9)","decl":{"start":{"line":12,"column":8},"end":{"line":12,"column":14}},"loc":{"start":{"line":12,"column":42},"end":{"line":39,"column":null}}},"2":{"name":"(anonymous_11)","decl":{"start":{"line":42,"column":8},"end":{"line":42,"column":15}},"loc":{"start":{"line":42,"column":43},"end":{"line":56,"column":null}}},"3":{"name":"(anonymous_13)","decl":{"start":{"line":58,"column":8},"end":{"line":58,"column":14}},"loc":{"start":{"line":58,"column":46},"end":{"line":65,"column":null}}},"4":{"name":"(anonymous_16)","decl":{"start":{"line":67,"column":8},"end":{"line":67,"column":14}},"loc":{"start":{"line":67,"column":46},"end":{"line":93,"column":null}}},"5":{"name":"(anonymous_19)","decl":{"start":{"line":95,"column":8},"end":{"line":95,"column":11}},"loc":{"start":{"line":95,"column":43},"end":{"line":116,"column":null}}},"6":{"name":"(anonymous_22)","decl":{"start":{"line":118,"column":8},"end":{"line":118,"column":19}},"loc":{"start":{"line":118,"column":47},"end":{"line":127,"column":null}}}},"branchMap":{"0":{"loc":{"start":{"line":14,"column":31},"end":{"line":14,"column":70}},"type":"binary-expr","locations":[{"start":{"line":14,"column":31},"end":{"line":14,"column":65}},{"start":{"line":14,"column":69},"end":{"line":14,"column":70}}]},"1":{"loc":{"start":{"line":15,"column":36},"end":{"line":15,"column":69}},"type":"binary-expr","locations":[{"start":{"line":15,"column":36},"end":{"line":15,"column":62}},{"start":{"line":15,"column":66},"end":{"line":15,"column":69}}]},"2":{"loc":{"start":{"line":16,"column":32},"end":{"line":16,"column":83}},"type":"binary-expr","locations":[{"start":{"line":16,"column":32},"end":{"line":16,"column":67}},{"start":{"line":16,"column":71},"end":{"line":16,"column":83}}]},"3":{"loc":{"start":{"line":48,"column":6},"end":{"line":50,"column":7}},"type":"if","locations":[{"start":{"line":48,"column":6},"end":{"line":50,"column":7}},{"start":{},"end":{}}]},"4":{"loc":{"start":{"line":59,"column":4},"end":{"line":61,"column":5}},"type":"if","locations":[{"start":{"line":59,"column":4},"end":{"line":61,"column":5}},{"start":{},"end":{}}]},"5":{"loc":{"start":{"line":71,"column":6},"end":{"line":74,"column":7}},"type":"if","locations":[{"start":{"line":71,"column":6},"end":{"line":74,"column":7}},{"start":{},"end":{}}]},"6":{"loc":{"start":{"line":75,"column":6},"end":{"line":78,"column":7}},"type":"if","locations":[{"start":{"line":75,"column":6},"end":{"line":78,"column":7}},{"start":{},"end":{}}]},"7":{"loc":{"start":{"line":75,"column":10},"end":{"line":75,"column":77}},"type":"binary-expr","locations":[{"start":{"line":75,"column":10},"end":{"line":75,"column":27}},{"start":{"line":75,"column":31},"end":{"line":75,"column":77}}]},"8":{"loc":{"start":{"line":79,"column":6},"end":{"line":82,"column":7}},"type":"if","locations":[{"start":{"line":79,"column":6},"end":{"line":82,"column":7}},{"start":{},"end":{}}]},"9":{"loc":{"start":{"line":79,"column":10},"end":{"line":79,"column":68}},"type":"binary-expr","locations":[{"start":{"line":79,"column":10},"end":{"line":79,"column":23}},{"start":{"line":79,"column":27},"end":{"line":79,"column":68}}]},"10":{"loc":{"start":{"line":83,"column":6},"end":{"line":86,"column":7}},"type":"if","locations":[{"start":{"line":83,"column":6},"end":{"line":86,"column":7}},{"start":{},"end":{}}]},"11":{"loc":{"start":{"line":83,"column":10},"end":{"line":83,"column":63}},"type":"binary-expr","locations":[{"start":{"line":83,"column":10},"end":{"line":83,"column":18}},{"start":{"line":83,"column":22},"end":{"line":83,"column":63}}]},"12":{"loc":{"start":{"line":99,"column":6},"end":{"line":102,"column":7}},"type":"if","locations":[{"start":{"line":99,"column":6},"end":{"line":102,"column":7}},{"start":{},"end":{}}]},"13":{"loc":{"start":{"line":103,"column":6},"end":{"line":111,"column":7}},"type":"if","locations":[{"start":{"line":103,"column":6},"end":{"line":111,"column":7}},{"start":{"line":106,"column":13},"end":{"line":111,"column":7}}]},"14":{"loc":{"start":{"line":103,"column":10},"end":{"line":103,"column":63}},"type":"binary-expr","locations":[{"start":{"line":103,"column":10},"end":{"line":103,"column":18}},{"start":{"line":103,"column":22},"end":{"line":103,"column":63}}]},"15":{"loc":{"start":{"line":108,"column":59},"end":{"line":108,"column":72}},"type":"cond-expr","locations":[{"start":{"line":108,"column":67},"end":{"line":108,"column":69}},{"start":{"line":108,"column":67},"end":{"line":108,"column":72}}]},"16":{"loc":{"start":{"line":108,"column":59},"end":{"line":108,"column":69}},"type":"binary-expr","locations":[{"start":{"line":108,"column":59},"end":{"line":108,"column":69}},{"start":{"line":108,"column":67},"end":{"line":108,"column":69}}]}},"s":{"0":6,"1":6,"2":6,"3":1,"4":1,"5":1,"6":1,"7":1,"8":1,"9":1,"10":0,"11":0,"12":2,"13":2,"14":2,"15":2,"16":1,"17":1,"18":0,"19":0,"20":2,"21":2,"22":2,"23":2,"24":6,"25":6,"26":6,"27":5,"28":1,"29":1,"30":4,"31":1,"32":1,"33":3,"34":1,"35":1,"36":2,"37":1,"38":1,"39":1,"40":1,"41":1,"42":1,"43":3,"44":3,"45":3,"46":3,"47":1,"48":1,"49":2,"50":1,"51":1,"52":1,"53":1,"54":1,"55":1,"56":0,"57":0,"58":2,"59":2,"60":2,"61":2,"62":0,"63":0,"64":6},"f":{"0":6,"1":1,"2":2,"3":2,"4":6,"5":3,"6":2},"b":{"0":[1,1],"1":[1,1],"2":[1,1],"3":[1,1],"4":[2,0],"5":[1,4],"6":[1,3],"7":[4,1],"8":[1,2],"9":[3,1],"10":[1,1],"11":[2,2],"12":[1,2],"13":[1,1],"14":[2,2],"15":[0,1],"16":[1,1]}}
,"/Users/liron_dabach/Documents/לימודים/שנה ג׳/נושאים מתקדמים באפליקציות אינטרנטיות/Project/Aura/server/src/middleware/authMiddleware.ts": {"path":"/Users/liron_dabach/Documents/לימודים/שנה ג׳/נושאים מתקדמים באפליקציות אינטרנטיות/Project/Aura/server/src/middleware/authMiddleware.ts","statementMap":{"0":{"start":{"line":2,"column":0},"end":{"line":2,"column":31}},"1":{"start":{"line":7,"column":28},"end":{"line":34,"column":1}},"2":{"start":{"line":12,"column":21},"end":{"line":12,"column":46}},"3":{"start":{"line":13,"column":2},"end":{"line":19,"column":3}},"4":{"start":{"line":14,"column":4},"end":{"line":18,"column":9}},"5":{"start":{"line":20,"column":16},"end":{"line":20,"column":40}},"6":{"start":{"line":21,"column":2},"end":{"line":23,"column":3}},"7":{"start":{"line":22,"column":4},"end":{"line":22,"column":76}},"8":{"start":{"line":24,"column":17},"end":{"line":24,"column":59}},"9":{"start":{"line":25,"column":2},"end":{"line":33,"column":3}},"10":{"start":{"line":26,"column":20},"end":{"line":26,"column":64}},"11":{"start":{"line":27,"column":4},"end":{"line":27,"column":36}},"12":{"start":{"line":28,"column":4},"end":{"line":28,"column":11}},"13":{"start":{"line":30,"column":4},"end":{"line":32,"column":67}},"14":{"start":{"line":7,"column":13},"end":{"line":7,"column":28}}},"fnMap":{"0":{"name":"(anonymous_1)","decl":{"start":{"line":7,"column":28},"end":{"line":7,"column":null}},"loc":{"start":{"line":11,"column":4},"end":{"line":34,"column":1}}}},"branchMap":{"0":{"loc":{"start":{"line":13,"column":2},"end":{"line":19,"column":3}},"type":"if","locations":[{"start":{"line":13,"column":2},"end":{"line":19,"column":3}},{"start":{},"end":{}}]},"1":{"loc":{"start":{"line":13,"column":6},"end":{"line":13,"column":54}},"type":"binary-expr","locations":[{"start":{"line":13,"column":6},"end":{"line":13,"column":17}},{"start":{"line":13,"column":21},"end":{"line":13,"column":54}}]},"2":{"loc":{"start":{"line":21,"column":2},"end":{"line":23,"column":3}},"type":"if","locations":[{"start":{"line":21,"column":2},"end":{"line":23,"column":3}},{"start":{},"end":{}}]},"3":{"loc":{"start":{"line":24,"column":17},"end":{"line":24,"column":59}},"type":"binary-expr","locations":[{"start":{"line":24,"column":17},"end":{"line":24,"column":39}},{"start":{"line":24,"column":43},"end":{"line":24,"column":59}}]}},"s":{"0":6,"1":6,"2":34,"3":34,"4":7,"5":27,"6":27,"7":1,"8":26,"9":26,"10":26,"11":25,"12":25,"13":1,"14":6},"f":{"0":34},"b":{"0":[7,27],"1":[34,28],"2":[1,26],"3":[26,0]}}
,"/Users/liron_dabach/Documents/לימודים/שנה ג׳/נושאים מתקדמים באפליקציות אינטרנטיות/Project/Aura/server/src/models/commentsModel.ts": {"path":"/Users/liron_dabach/Documents/לימודים/שנה ג׳/נושאים מתקדמים באפליקציות אינטרנטיות/Project/Aura/server/src/models/commentsModel.ts","statementMap":{"0":{"start":{"line":1,"column":0},"end":{"line":1,"column":32}},"1":{"start":{"line":3,"column":23},"end":{"line":22,"column":2}},"2":{"start":{"line":24,"column":0},"end":{"line":24,"column":57}}},"fnMap":{},"branchMap":{},"s":{"0":7,"1":7,"2":7},"f":{},"b":{}}
,"/Users/liron_dabach/Documents/לימודים/שנה ג׳/נושאים מתקדמים באפליקציות אינטרנטיות/Project/Aura/server/src/models/likesModel.ts": {"path":"/Users/liron_dabach/Documents/לימודים/שנה ג׳/נושאים מתקדמים באפליקציות אינטרנטיות/Project/Aura/server/src/models/likesModel.ts","statementMap":{"0":{"start":{"line":1,"column":0},"end":{"line":1,"column":32}},"1":{"start":{"line":3,"column":19},"end":{"line":18,"column":2}},"2":{"start":{"line":20,"column":0},"end":{"line":20,"column":50}}},"fnMap":{},"branchMap":{},"s":{"0":7,"1":7,"2":7},"f":{},"b":{}}
,"/Users/liron_dabach/Documents/לימודים/שנה ג׳/נושאים מתקדמים באפליקציות אינטרנטיות/Project/Aura/server/src/models/postsModel.ts": {"path":"/Users/liron_dabach/Documents/לימודים/שנה ג׳/נושאים מתקדמים באפליקציות אינטרנטיות/Project/Aura/server/src/models/postsModel.ts","statementMap":{"0":{"start":{"line":1,"column":0},"end":{"line":1,"column":32}},"1":{"start":{"line":3,"column":19},"end":{"line":21,"column":2}},"2":{"start":{"line":23,"column":0},"end":{"line":23,"column":50}}},"fnMap":{},"branchMap":{},"s":{"0":6,"1":6,"2":6},"f":{},"b":{}}
,"/Users/liron_dabach/Documents/לימודים/שנה ג׳/נושאים מתקדמים באפליקציות אינטרנטיות/Project/Aura/server/src/models/usersModel.ts": {"path":"/Users/liron_dabach/Documents/לימודים/שנה ג׳/נושאים מתקדמים באפליקציות אינטרנטיות/Project/Aura/server/src/models/usersModel.ts","statementMap":{"0":{"start":{"line":1,"column":0},"end":{"line":1,"column":32}},"1":{"start":{"line":3,"column":19},"end":{"line":37,"column":2}},"2":{"start":{"line":39,"column":0},"end":{"line":39,"column":50}}},"fnMap":{},"branchMap":{},"s":{"0":6,"1":6,"2":6},"f":{},"b":{}}
,"/Users/liron_dabach/Documents/לימודים/שנה ג׳/נושאים מתקדמים באפליקציות אינטרנטיות/Project/Aura/server/src/routes/authRoute.ts": {"path":"/Users/liron_dabach/Documents/לימודים/שנה ג׳/נושאים מתקדמים באפליקציות אינטרנטיות/Project/Aura/server/src/routes/authRoute.ts","statementMap":{"0":{"start":{"line":1,"column":0},"end":{"line":1,"column":30}},"1":{"start":{"line":2,"column":0},"end":{"line":2,"column":59}},"2":{"start":{"line":4,"column":15},"end":{"line":4,"column":31}},"3":{"start":{"line":34,"column":0},"end":{"line":34,"column":50}},"4":{"start":{"line":70,"column":0},"end":{"line":70,"column":44}},"5":{"start":{"line":106,"column":0},"end":{"line":106,"column":51}},"6":{"start":{"line":146,"column":0},"end":{"line":146,"column":46}},"7":{"start":{"line":180,"column":0},"end":{"line":180,"column":59}},"8":{"start":{"line":182,"column":0},"end":{"line":182,"column":22}}},"fnMap":{},"branchMap":{},"s":{"0":6,"1":6,"2":6,"3":6,"4":6,"5":6,"6":6,"7":6,"8":6},"f":{},"b":{}}
,"/Users/liron_dabach/Documents/לימודים/שנה ג׳/נושאים מתקדמים באפליקציות אינטרנטיות/Project/Aura/server/src/routes/commentsRoute.ts": {"path":"/Users/liron_dabach/Documents/לימודים/שנה ג׳/נושאים מתקדמים באפליקציות אינטרנטיות/Project/Aura/server/src/routes/commentsRoute.ts","statementMap":{"0":{"start":{"line":1,"column":0},"end":{"line":1,"column":30}},"1":{"start":{"line":2,"column":0},"end":{"line":2,"column":60}},"2":{"start":{"line":3,"column":0},"end":{"line":3,"column":67}},"3":{"start":{"line":5,"column":15},"end":{"line":5,"column":31}},"4":{"start":{"line":33,"column":0},"end":{"line":33,"column":85}},"5":{"start":{"line":75,"column":0},"end":{"line":75,"column":103}},"6":{"start":{"line":123,"column":0},"end":{"line":123,"column":113}},"7":{"start":{"line":159,"column":0},"end":{"line":159,"column":113}},"8":{"start":{"line":161,"column":0},"end":{"line":161,"column":22}}},"fnMap":{},"branchMap":{},"s":{"0":6,"1":6,"2":6,"3":6,"4":6,"5":6,"6":6,"7":6,"8":6},"f":{},"b":{}}
,"/Users/liron_dabach/Documents/לימודים/שנה ג׳/נושאים מתקדמים באפליקציות אינטרנטיות/Project/Aura/server/src/routes/likesRoute.ts": {"path":"/Users/liron_dabach/Documents/לימודים/שנה ג׳/נושאים מתקדמים באפליקציות אינטרנטיות/Project/Aura/server/src/routes/likesRoute.ts","statementMap":{"0":{"start":{"line":1,"column":0},"end":{"line":1,"column":30}},"1":{"start":{"line":2,"column":0},"end":{"line":2,"column":60}},"2":{"start":{"line":3,"column":0},"end":{"line":3,"column":61}},"3":{"start":{"line":5,"column":15},"end":{"line":5,"column":31}},"4":{"start":{"line":33,"column":0},"end":{"line":33,"column":79}},"5":{"start":{"line":63,"column":0},"end":{"line":63,"column":97}},"6":{"start":{"line":92,"column":0},"end":{"line":92,"column":96}},"7":{"start":{"line":94,"column":0},"end":{"line":94,"column":22}}},"fnMap":{},"branchMap":{},"s":{"0":6,"1":6,"2":6,"3":6,"4":6,"5":6,"6":6,"7":6},"f":{},"b":{}}
,"/Users/liron_dabach/Documents/לימודים/שנה ג׳/נושאים מתקדמים באפליקציות אינטרנטיות/Project/Aura/server/src/routes/postsRoute.ts": {"path":"/Users/liron_dabach/Documents/לימודים/שנה ג׳/נושאים מתקדמים באפליקציות אינטרנטיות/Project/Aura/server/src/routes/postsRoute.ts","statementMap":{"0":{"start":{"line":1,"column":0},"end":{"line":1,"column":30}},"1":{"start":{"line":2,"column":0},"end":{"line":2,"column":60}},"2":{"start":{"line":3,"column":0},"end":{"line":3,"column":61}},"3":{"start":{"line":5,"column":15},"end":{"line":5,"column":31}},"4":{"start":{"line":51,"column":0},"end":{"line":51,"column":62}},"5":{"start":{"line":80,"column":0},"end":{"line":80,"column":66}},"6":{"start":{"line":108,"column":0},"end":{"line":108,"column":79}},"7":{"start":{"line":137,"column":0},"end":{"line":137,"column":77}},"8":{"start":{"line":179,"column":0},"end":{"line":179,"column":79}},"9":{"start":{"line":209,"column":0},"end":{"line":209,"column":79}},"10":{"start":{"line":211,"column":0},"end":{"line":211,"column":22}}},"fnMap":{},"branchMap":{},"s":{"0":6,"1":6,"2":6,"3":6,"4":6,"5":6,"6":6,"7":6,"8":6,"9":6,"10":6},"f":{},"b":{}}
}
