{"/Users/liron_dabach/Documents/לימודים/שנה ג׳/נושאים מתקדמים באפליקציות אינטרנטיות/Project/Aura/server/src/index.ts": {"path":"/Users/liron_dabach/Documents/לימודים/שנה ג׳/נושאים מתקדמים באפליקציות אינטרנטיות/Project/Aura/server/src/index.ts","statementMap":{"0":{"start":{"line":1,"column":0},"end":{"line":1,"column":43}},"1":{"start":{"line":2,"column":0},"end":{"line":2,"column":32}},"2":{"start":{"line":3,"column":0},"end":{"line":3,"column":45}},"3":{"start":{"line":4,"column":0},"end":{"line":4,"column":51}},"4":{"start":{"line":5,"column":0},"end":{"line":5,"column":45}},"5":{"start":{"line":6,"column":0},"end":{"line":6,"column":43}},"6":{"start":{"line":7,"column":0},"end":{"line":7,"column":47}},"7":{"start":{"line":8,"column":0},"end":{"line":8,"column":45}},"8":{"start":{"line":9,"column":0},"end":{"line":9,"column":41}},"9":{"start":{"line":10,"column":0},"end":{"line":10,"column":24}},"10":{"start":{"line":11,"column":0},"end":{"line":11,"column":39}},"11":{"start":{"line":13,"column":0},"end":{"line":13,"column":10}},"12":{"start":{"line":15,"column":12},"end":{"line":15,"column":21}},"13":{"start":{"line":16,"column":0},"end":{"line":16,"column":24}},"14":{"start":{"line":17,"column":0},"end":{"line":17,"column":18}},"15":{"start":{"line":19,"column":0},"end":{"line":24,"column":3}},"16":{"start":{"line":20,"column":2},"end":{"line":20,"column":49}},"17":{"start":{"line":21,"column":2},"end":{"line":21,"column":50}},"18":{"start":{"line":22,"column":2},"end":{"line":22,"column":50}},"19":{"start":{"line":23,"column":2},"end":{"line":23,"column":9}},"20":{"start":{"line":27,"column":0},"end":{"line":27,"column":33}},"21":{"start":{"line":28,"column":0},"end":{"line":28,"column":39}},"22":{"start":{"line":29,"column":0},"end":{"line":29,"column":33}},"23":{"start":{"line":30,"column":0},"end":{"line":30,"column":32}},"24":{"start":{"line":31,"column":0},"end":{"line":31,"column":33}},"25":{"start":{"line":32,"column":0},"end":{"line":32,"column":57}},"26":{"start":{"line":33,"column":0},"end":{"line":33,"column":36}},"27":{"start":{"line":36,"column":17},"end":{"line":36,"column":62}},"28":{"start":{"line":37,"column":0},"end":{"line":37,"column":34}},"29":{"start":{"line":40,"column":0},"end":{"line":42,"column":3}},"30":{"start":{"line":41,"column":2},"end":{"line":41,"column":47}},"31":{"start":{"line":44,"column":16},"end":{"line":75,"column":1}},"32":{"start":{"line":45,"column":13},"end":{"line":73,"column":4}},"33":{"start":{"line":46,"column":18},"end":{"line":46,"column":42}},"34":{"start":{"line":47,"column":4},"end":{"line":50,"column":5}},"35":{"start":{"line":48,"column":6},"end":{"line":48,"column":42}},"36":{"start":{"line":49,"column":6},"end":{"line":49,"column":13}},"37":{"start":{"line":51,"column":27},"end":{"line":51,"column":81}},"38":{"start":{"line":52,"column":4},"end":{"line":68,"column":9}},"39":{"start":{"line":58,"column":8},"end":{"line":58,"column":21}},"40":{"start":{"line":61,"column":8},"end":{"line":67,"column":10}},"41":{"start":{"line":70,"column":15},"end":{"line":70,"column":34}},"42":{"start":{"line":71,"column":4},"end":{"line":71,"column":79}},"43":{"start":{"line":71,"column":30},"end":{"line":71,"column":77}},"44":{"start":{"line":72,"column":4},"end":{"line":72,"column":64}},"45":{"start":{"line":72,"column":26},"end":{"line":72,"column":62}},"46":{"start":{"line":74,"column":2},"end":{"line":74,"column":12}},"47":{"start":{"line":77,"column":0},"end":{"line":77,"column":23}}},"fnMap":{"0":{"name":"(anonymous_1)","decl":{"start":{"line":19,"column":8},"end":{"line":19,"column":9}},"loc":{"start":{"line":19,"column":27},"end":{"line":24,"column":1}}},"1":{"name":"(anonymous_2)","decl":{"start":{"line":40,"column":8},"end":{"line":40,"column":9}},"loc":{"start":{"line":40,"column":21},"end":{"line":42,"column":1}}},"2":{"name":"(anonymous_3)","decl":{"start":{"line":44,"column":16},"end":{"line":44,"column":19}},"loc":{"start":{"line":44,"column":21},"end":{"line":75,"column":1}}},"3":{"name":"(anonymous_4)","decl":{"start":{"line":45,"column":34},"end":{"line":45,"column":35}},"loc":{"start":{"line":45,"column":54},"end":{"line":73,"column":3}}},"4":{"name":"(anonymous_5)","decl":{"start":{"line":57,"column":12},"end":{"line":57,"column":15}},"loc":{"start":{"line":57,"column":17},"end":{"line":59,"column":7}}},"5":{"name":"(anonymous_6)","decl":{"start":{"line":60,"column":13},"end":{"line":60,"column":14}},"loc":{"start":{"line":60,"column":23},"end":{"line":68,"column":7}}},"6":{"name":"(anonymous_7)","decl":{"start":{"line":71,"column":19},"end":{"line":71,"column":20}},"loc":{"start":{"line":71,"column":30},"end":{"line":71,"column":77}}},"7":{"name":"(anonymous_8)","decl":{"start":{"line":72,"column":20},"end":{"line":72,"column":23}},"loc":{"start":{"line":72,"column":26},"end":{"line":72,"column":62}}}},"branchMap":{"0":{"loc":{"start":{"line":47,"column":4},"end":{"line":50,"column":5}},"type":"if","locations":[{"start":{"line":47,"column":4},"end":{"line":50,"column":5}},{"start":{},"end":{}}]},"1":{"loc":{"start":{"line":51,"column":34},"end":{"line":51,"column":80}},"type":"binary-expr","locations":[{"start":{"line":51,"column":34},"end":{"line":51,"column":70}},{"start":{"line":51,"column":74},"end":{"line":51,"column":80}}]},"2":{"loc":{"start":{"line":65,"column":33},"end":{"line":65,"column":87}},"type":"cond-expr","locations":[{"start":{"line":65,"column":58},"end":{"line":65,"column":71}},{"start":{"line":65,"column":74},"end":{"line":65,"column":87}}]}},"s":{"0":8,"1":8,"2":8,"3":8,"4":8,"5":8,"6":8,"7":8,"8":8,"9":8,"10":8,"11":8,"12":8,"13":8,"14":8,"15":8,"16":91,"17":91,"18":91,"19":91,"20":8,"21":8,"22":8,"23":8,"24":8,"25":8,"26":8,"27":8,"28":8,"29":8,"30":4,"31":8,"32":10,"33":10,"34":10,"35":2,"36":2,"37":8,"38":8,"39":7,"40":1,"41":8,"42":8,"43":0,"44":8,"45":7,"46":10,"47":8},"f":{"0":91,"1":4,"2":10,"3":10,"4":7,"5":1,"6":0,"7":7},"b":{"0":[2,8],"1":[8,0],"2":[1,0]}}
,"/Users/liron_dabach/Documents/לימודים/שנה ג׳/נושאים מתקדמים באפליקציות אינטרנטיות/Project/Aura/server/src/swagger.ts": {"path":"/Users/liron_dabach/Documents/לימודים/שנה ג׳/נושאים מתקדמים באפליקציות אינטרנטיות/Project/Aura/server/src/swagger.ts","statementMap":{"0":{"start":{"line":2,"column":0},"end":{"line":2,"column":43}},"1":{"start":{"line":3,"column":0},"end":{"line":3,"column":41}},"2":{"start":{"line":4,"column":0},"end":{"line":4,"column":24}},"3":{"start":{"line":6,"column":25},"end":{"line":305,"column":1}},"4":{"start":{"line":7,"column":15},"end":{"line":7,"column":41}},"5":{"start":{"line":9,"column":4},"end":{"line":9,"column":64}},"6":{"start":{"line":11,"column":15},"end":{"line":14,"column":4}},"7":{"start":{"line":16,"column":2},"end":{"line":304,"column":5}},"8":{"start":{"line":307,"column":18},"end":{"line":380,"column":2}},"9":{"start":{"line":382,"column":18},"end":{"line":391,"column":2}},"10":{"start":{"line":393,"column":28},"end":{"line":402,"column":1}},"11":{"start":{"line":394,"column":15},"end":{"line":394,"column":33}},"12":{"start":{"line":396,"column":2},"end":{"line":399,"column":5}},"13":{"start":{"line":397,"column":4},"end":{"line":397,"column":54}},"14":{"start":{"line":398,"column":4},"end":{"line":398,"column":31}},"15":{"start":{"line":401,"column":2},"end":{"line":401,"column":74}},"16":{"start":{"line":393,"column":13},"end":{"line":393,"column":28}}},"fnMap":{"0":{"name":"(anonymous_1)","decl":{"start":{"line":6,"column":25},"end":{"line":6,"column":28}},"loc":{"start":{"line":6,"column":30},"end":{"line":305,"column":1}}},"1":{"name":"(anonymous_2)","decl":{"start":{"line":393,"column":28},"end":{"line":393,"column":29}},"loc":{"start":{"line":393,"column":45},"end":{"line":402,"column":1}}},"2":{"name":"(anonymous_3)","decl":{"start":{"line":396,"column":28},"end":{"line":396,"column":29}},"loc":{"start":{"line":396,"column":61},"end":{"line":399,"column":3}}}},"branchMap":{"0":{"loc":{"start":{"line":7,"column":15},"end":{"line":7,"column":41}},"type":"binary-expr","locations":[{"start":{"line":7,"column":15},"end":{"line":7,"column":31}},{"start":{"line":7,"column":35},"end":{"line":7,"column":41}}]},"1":{"loc":{"start":{"line":9,"column":4},"end":{"line":9,"column":64}},"type":"binary-expr","locations":[{"start":{"line":9,"column":4},"end":{"line":9,"column":34}},{"start":{"line":9,"column":38},"end":{"line":9,"column":64}}]}},"s":{"0":8,"1":8,"2":8,"3":8,"4":8,"5":8,"6":8,"7":8,"8":8,"9":8,"10":8,"11":8,"12":8,"13":1,"14":1,"15":8,"16":8},"f":{"0":8,"1":8,"2":1},"b":{"0":[8,0],"1":[8,8]}}
,"/Users/liron_dabach/Documents/לימודים/שנה ג׳/נושאים מתקדמים באפליקציות אינטרנטיות/Project/Aura/server/src/config/env.ts": {"path":"/Users/liron_dabach/Documents/לימודים/שנה ג׳/נושאים מתקדמים באפליקציות אינטרנטיות/Project/Aura/server/src/config/env.ts","statementMap":{"0":{"start":{"line":1,"column":0},"end":{"line":1,"column":28}},"1":{"start":{"line":2,"column":0},"end":{"line":2,"column":20}},"2":{"start":{"line":3,"column":0},"end":{"line":3,"column":24}},"3":{"start":{"line":5,"column":22},"end":{"line":10,"column":2}},"4":{"start":{"line":11,"column":20},"end":{"line":11,"column":79}},"5":{"start":{"line":11,"column":54},"end":{"line":11,"column":78}},"6":{"start":{"line":12,"column":15},"end":{"line":12,"column":20}},"7":{"start":{"line":14,"column":24},"end":{"line":16,"column":1}},"8":{"start":{"line":15,"column":2},"end":{"line":15,"column":40}},"9":{"start":{"line":18,"column":25},"end":{"line":27,"column":1}},"10":{"start":{"line":19,"column":2},"end":{"line":21,"column":3}},"11":{"start":{"line":20,"column":4},"end":{"line":20,"column":11}},"12":{"start":{"line":23,"column":22},"end":{"line":23,"column":49}},"13":{"start":{"line":24,"column":2},"end":{"line":26,"column":3}},"14":{"start":{"line":25,"column":4},"end":{"line":25,"column":35}},"15":{"start":{"line":29,"column":37},"end":{"line":32,"column":1}},"16":{"start":{"line":30,"column":16},"end":{"line":30,"column":69}},"17":{"start":{"line":31,"column":2},"end":{"line":31,"column":63}},"18":{"start":{"line":29,"column":13},"end":{"line":29,"column":37}},"19":{"start":{"line":34,"column":23},"end":{"line":52,"column":1}},"20":{"start":{"line":35,"column":2},"end":{"line":40,"column":3}},"21":{"start":{"line":36,"column":4},"end":{"line":38,"column":5}},"22":{"start":{"line":37,"column":6},"end":{"line":37,"column":43}},"23":{"start":{"line":39,"column":4},"end":{"line":39,"column":20}},"24":{"start":{"line":42,"column":16},"end":{"line":42,"column":73}},"25":{"start":{"line":43,"column":22},"end":{"line":49,"column":4}},"26":{"start":{"line":51,"column":2},"end":{"line":51,"column":61}},"27":{"start":{"line":51,"column":31},"end":{"line":51,"column":59}},"28":{"start":{"line":34,"column":13},"end":{"line":34,"column":23}}},"fnMap":{"0":{"name":"(anonymous_1)","decl":{"start":{"line":11,"column":39},"end":{"line":11,"column":40}},"loc":{"start":{"line":11,"column":54},"end":{"line":11,"column":78}}},"1":{"name":"(anonymous_2)","decl":{"start":{"line":14,"column":24},"end":{"line":14,"column":25}},"loc":{"start":{"line":14,"column":75},"end":{"line":16,"column":1}}},"2":{"name":"(anonymous_3)","decl":{"start":{"line":18,"column":25},"end":{"line":18,"column":26}},"loc":{"start":{"line":18,"column":56},"end":{"line":27,"column":1}}},"3":{"name":"(anonymous_4)","decl":{"start":{"line":29,"column":37},"end":{"line":29,"column":70}},"loc":{"start":{"line":29,"column":72},"end":{"line":32,"column":1}}},"4":{"name":"(anonymous_5)","decl":{"start":{"line":34,"column":23},"end":{"line":34,"column":26}},"loc":{"start":{"line":34,"column":28},"end":{"line":52,"column":1}}},"5":{"name":"(anonymous_6)","decl":{"start":{"line":51,"column":22},"end":{"line":51,"column":23}},"loc":{"start":{"line":51,"column":31},"end":{"line":51,"column":59}}}},"branchMap":{"0":{"loc":{"start":{"line":19,"column":2},"end":{"line":21,"column":3}},"type":"if","locations":[{"start":{"line":19,"column":2},"end":{"line":21,"column":3}},{"start":{},"end":{}}]},"1":{"loc":{"start":{"line":24,"column":2},"end":{"line":26,"column":3}},"type":"if","locations":[{"start":{"line":24,"column":2},"end":{"line":26,"column":3}},{"start":{},"end":{}}]},"2":{"loc":{"start":{"line":30,"column":17},"end":{"line":30,"column":54}},"type":"binary-expr","locations":[{"start":{"line":30,"column":17},"end":{"line":30,"column":37}},{"start":{"line":30,"column":41},"end":{"line":30,"column":54}}]},"3":{"loc":{"start":{"line":31,"column":9},"end":{"line":31,"column":62}},"type":"cond-expr","locations":[{"start":{"line":31,"column":34},"end":{"line":31,"column":46}},{"start":{"line":31,"column":49},"end":{"line":31,"column":62}}]},"4":{"loc":{"start":{"line":35,"column":2},"end":{"line":40,"column":3}},"type":"if","locations":[{"start":{"line":35,"column":2},"end":{"line":40,"column":3}},{"start":{},"end":{}}]},"5":{"loc":{"start":{"line":36,"column":4},"end":{"line":38,"column":5}},"type":"if","locations":[{"start":{"line":36,"column":4},"end":{"line":38,"column":5}},{"start":{},"end":{}}]},"6":{"loc":{"start":{"line":42,"column":16},"end":{"line":42,"column":73}},"type":"cond-expr","locations":[{"start":{"line":42,"column":59},"end":{"line":42,"column":65}},{"start":{"line":42,"column":68},"end":{"line":42,"column":73}}]}},"s":{"0":13,"1":13,"2":13,"3":13,"4":13,"5":13,"6":13,"7":13,"8":65,"9":13,"10":105,"11":40,"12":65,"13":65,"14":65,"15":13,"16":21,"17":21,"18":13,"19":13,"20":21,"21":13,"22":13,"23":13,"24":21,"25":21,"26":21,"27":105,"28":13},"f":{"0":13,"1":65,"2":105,"3":21,"4":21,"5":105},"b":{"0":[40,65],"1":[65,0],"2":[21,0],"3":[0,21],"4":[13,8],"5":[13,0],"6":[0,21]}}
,"/Users/liron_dabach/Documents/לימודים/שנה ג׳/נושאים מתקדמים באפליקציות אינטרנטיות/Project/Aura/server/src/controllers/authController.ts": {"path":"/Users/liron_dabach/Documents/לימודים/שנה ג׳/נושאים מתקדמים באפליקציות אינטרנטיות/Project/Aura/server/src/controllers/authController.ts","statementMap":{"0":{"start":{"line":2,"column":0},"end":{"line":2,"column":28}},"1":{"start":{"line":3,"column":0},"end":{"line":3,"column":40}},"2":{"start":{"line":4,"column":0},"end":{"line":4,"column":31}},"3":{"start":{"line":5,"column":0},"end":{"line":5,"column":51}},"4":{"start":{"line":7,"column":18},"end":{"line":9,"column":1}},"5":{"start":{"line":8,"column":2},"end":{"line":8,"column":37}},"6":{"start":{"line":16,"column":22},"end":{"line":34,"column":1}},"7":{"start":{"line":17,"column":17},"end":{"line":17,"column":59}},"8":{"start":{"line":18,"column":2},"end":{"line":21,"column":3}},"9":{"start":{"line":19,"column":4},"end":{"line":19,"column":60}},"10":{"start":{"line":20,"column":4},"end":{"line":20,"column":20}},"11":{"start":{"line":23,"column":20},"end":{"line":23,"column":66}},"12":{"start":{"line":24,"column":16},"end":{"line":24,"column":75}},"13":{"start":{"line":26,"column":27},"end":{"line":27,"column":null}},"14":{"start":{"line":29,"column":15},"end":{"line":29,"column":47}},"15":{"start":{"line":30,"column":23},"end":{"line":32,"column":4}},"16":{"start":{"line":33,"column":2},"end":{"line":33,"column":33}},"17":{"start":{"line":36,"column":17},"end":{"line":77,"column":2}},"18":{"start":{"line":36,"column":55},"end":{"line":77,"column":2}},"19":{"start":{"line":37,"column":19},"end":{"line":37,"column":36}},"20":{"start":{"line":38,"column":16},"end":{"line":38,"column":30}},"21":{"start":{"line":39,"column":19},"end":{"line":39,"column":36}},"22":{"start":{"line":41,"column":2},"end":{"line":43,"column":3}},"23":{"start":{"line":42,"column":4},"end":{"line":42,"column":76}},"24":{"start":{"line":46,"column":2},"end":{"line":52,"column":3}},"25":{"start":{"line":47,"column":4},"end":{"line":51,"column":6}},"26":{"start":{"line":54,"column":2},"end":{"line":76,"column":3}},"27":{"start":{"line":55,"column":17},"end":{"line":55,"column":41}},"28":{"start":{"line":56,"column":27},"end":{"line":56,"column":60}},"29":{"start":{"line":57,"column":17},"end":{"line":61,"column":6}},"30":{"start":{"line":62,"column":19},"end":{"line":62,"column":53}},"31":{"start":{"line":63,"column":4},"end":{"line":63,"column":49}},"32":{"start":{"line":64,"column":4},"end":{"line":64,"column":22}},"33":{"start":{"line":65,"column":4},"end":{"line":73,"column":7}},"34":{"start":{"line":75,"column":4},"end":{"line":75,"column":56}},"35":{"start":{"line":79,"column":14},"end":{"line":118,"column":2}},"36":{"start":{"line":79,"column":52},"end":{"line":118,"column":2}},"37":{"start":{"line":80,"column":19},"end":{"line":80,"column":36}},"38":{"start":{"line":81,"column":19},"end":{"line":81,"column":36}},"39":{"start":{"line":83,"column":2},"end":{"line":85,"column":3}},"40":{"start":{"line":84,"column":4},"end":{"line":84,"column":69}},"41":{"start":{"line":87,"column":2},"end":{"line":117,"column":3}},"42":{"start":{"line":88,"column":17},"end":{"line":88,"column":59}},"43":{"start":{"line":89,"column":4},"end":{"line":91,"column":5}},"44":{"start":{"line":90,"column":6},"end":{"line":90,"column":65}},"45":{"start":{"line":94,"column":4},"end":{"line":96,"column":5}},"46":{"start":{"line":95,"column":6},"end":{"line":95,"column":65}},"47":{"start":{"line":98,"column":20},"end":{"line":98,"column":65}},"48":{"start":{"line":99,"column":4},"end":{"line":101,"column":5}},"49":{"start":{"line":100,"column":6},"end":{"line":100,"column":65}},"50":{"start":{"line":103,"column":19},"end":{"line":103,"column":53}},"51":{"start":{"line":104,"column":4},"end":{"line":104,"column":49}},"52":{"start":{"line":105,"column":4},"end":{"line":105,"column":22}},"53":{"start":{"line":106,"column":4},"end":{"line":114,"column":7}},"54":{"start":{"line":116,"column":4},"end":{"line":116,"column":56}},"55":{"start":{"line":120,"column":15},"end":{"line":141,"column":2}},"56":{"start":{"line":120,"column":53},"end":{"line":141,"column":2}},"57":{"start":{"line":121,"column":23},"end":{"line":121,"column":44}},"58":{"start":{"line":123,"column":2},"end":{"line":125,"column":3}},"59":{"start":{"line":124,"column":4},"end":{"line":124,"column":60}},"60":{"start":{"line":127,"column":2},"end":{"line":140,"column":3}},"61":{"start":{"line":128,"column":20},"end":{"line":128,"column":63}},"62":{"start":{"line":129,"column":17},"end":{"line":129,"column":49}},"63":{"start":{"line":130,"column":4},"end":{"line":132,"column":5}},"64":{"start":{"line":131,"column":6},"end":{"line":131,"column":58}},"65":{"start":{"line":133,"column":4},"end":{"line":135,"column":6}},"66":{"start":{"line":134,"column":17},"end":{"line":134,"column":39}},"67":{"start":{"line":136,"column":4},"end":{"line":136,"column":22}},"68":{"start":{"line":137,"column":4},"end":{"line":137,"column":65}},"69":{"start":{"line":139,"column":4},"end":{"line":139,"column":56}},"70":{"start":{"line":143,"column":21},"end":{"line":175,"column":2}},"71":{"start":{"line":143,"column":59},"end":{"line":175,"column":2}},"72":{"start":{"line":144,"column":23},"end":{"line":144,"column":44}},"73":{"start":{"line":146,"column":2},"end":{"line":148,"column":3}},"74":{"start":{"line":147,"column":4},"end":{"line":147,"column":60}},"75":{"start":{"line":150,"column":17},"end":{"line":150,"column":59}},"76":{"start":{"line":152,"column":2},"end":{"line":174,"column":3}},"77":{"start":{"line":153,"column":20},"end":{"line":153,"column":71}},"78":{"start":{"line":154,"column":17},"end":{"line":154,"column":49}},"79":{"start":{"line":155,"column":4},"end":{"line":157,"column":5}},"80":{"start":{"line":156,"column":6},"end":{"line":156,"column":58}},"81":{"start":{"line":158,"column":4},"end":{"line":163,"column":5}},"82":{"start":{"line":159,"column":6},"end":{"line":159,"column":30}},"83":{"start":{"line":160,"column":6},"end":{"line":160,"column":24}},"84":{"start":{"line":161,"column":6},"end":{"line":161,"column":60}},"85":{"start":{"line":162,"column":6},"end":{"line":162,"column":58}},"86":{"start":{"line":164,"column":19},"end":{"line":164,"column":45}},"87":{"start":{"line":166,"column":4},"end":{"line":168,"column":6}},"88":{"start":{"line":167,"column":17},"end":{"line":167,"column":39}},"89":{"start":{"line":169,"column":4},"end":{"line":169,"column":49}},"90":{"start":{"line":170,"column":4},"end":{"line":170,"column":22}},"91":{"start":{"line":171,"column":4},"end":{"line":171,"column":33}},"92":{"start":{"line":173,"column":4},"end":{"line":173,"column":56}},"93":{"start":{"line":177,"column":20},"end":{"line":255,"column":2}},"94":{"start":{"line":177,"column":58},"end":{"line":255,"column":2}},"95":{"start":{"line":178,"column":25},"end":{"line":178,"column":33}},"96":{"start":{"line":180,"column":2},"end":{"line":182,"column":3}},"97":{"start":{"line":181,"column":4},"end":{"line":181,"column":64}},"98":{"start":{"line":184,"column":25},"end":{"line":184,"column":53}},"99":{"start":{"line":185,"column":2},"end":{"line":188,"column":3}},"100":{"start":{"line":186,"column":4},"end":{"line":186,"column":49}},"101":{"start":{"line":187,"column":4},"end":{"line":187,"column":71}},"102":{"start":{"line":190,"column":2},"end":{"line":254,"column":3}},"103":{"start":{"line":191,"column":19},"end":{"line":191,"column":51}},"104":{"start":{"line":192,"column":19},"end":{"line":195,"column":6}},"105":{"start":{"line":197,"column":20},"end":{"line":197,"column":39}},"106":{"start":{"line":198,"column":4},"end":{"line":200,"column":5}},"107":{"start":{"line":199,"column":6},"end":{"line":199,"column":57}},"108":{"start":{"line":202,"column":52},"end":{"line":202,"column":59}},"109":{"start":{"line":204,"column":4},"end":{"line":206,"column":5}},"110":{"start":{"line":205,"column":6},"end":{"line":205,"column":65}},"111":{"start":{"line":209,"column":15},"end":{"line":209,"column":69}},"112":{"start":{"line":211,"column":4},"end":{"line":236,"column":5}},"113":{"start":{"line":213,"column":6},"end":{"line":217,"column":7}},"114":{"start":{"line":214,"column":8},"end":{"line":214,"column":33}},"115":{"start":{"line":215,"column":8},"end":{"line":215,"column":51}},"116":{"start":{"line":215,"column":21},"end":{"line":215,"column":51}},"117":{"start":{"line":216,"column":8},"end":{"line":216,"column":26}},"118":{"start":{"line":220,"column":23},"end":{"line":220,"column":85}},"119":{"start":{"line":223,"column":27},"end":{"line":223,"column":35}},"120":{"start":{"line":224,"column":20},"end":{"line":224,"column":21}},"121":{"start":{"line":225,"column":6},"end":{"line":228,"column":7}},"122":{"start":{"line":226,"column":8},"end":{"line":226,"column":49}},"123":{"start":{"line":227,"column":8},"end":{"line":227,"column":18}},"124":{"start":{"line":230,"column":6},"end":{"line":235,"column":9}},"125":{"start":{"line":238,"column":19},"end":{"line":238,"column":53}},"126":{"start":{"line":239,"column":4},"end":{"line":239,"column":49}},"127":{"start":{"line":240,"column":4},"end":{"line":240,"column":22}},"128":{"start":{"line":242,"column":4},"end":{"line":250,"column":7}},"129":{"start":{"line":252,"column":4},"end":{"line":252,"column":46}},"130":{"start":{"line":253,"column":4},"end":{"line":253,"column":63}},"131":{"start":{"line":257,"column":0},"end":{"line":263,"column":2}}},"fnMap":{"0":{"name":"(anonymous_8)","decl":{"start":{"line":7,"column":18},"end":{"line":7,"column":19}},"loc":{"start":{"line":7,"column":67},"end":{"line":9,"column":1}}},"1":{"name":"(anonymous_9)","decl":{"start":{"line":16,"column":22},"end":{"line":16,"column":23}},"loc":{"start":{"line":16,"column":58},"end":{"line":34,"column":1}}},"2":{"name":"(anonymous_10)","decl":{"start":{"line":36,"column":17},"end":{"line":36,"column":24}},"loc":{"start":{"line":36,"column":55},"end":{"line":77,"column":2}}},"3":{"name":"(anonymous_11)","decl":{"start":{"line":36,"column":55},"end":{"line":36,"column":null}},"loc":{"start":{"line":36,"column":55},"end":{"line":77,"column":1}}},"4":{"name":"(anonymous_12)","decl":{"start":{"line":79,"column":14},"end":{"line":79,"column":21}},"loc":{"start":{"line":79,"column":52},"end":{"line":118,"column":2}}},"5":{"name":"(anonymous_13)","decl":{"start":{"line":79,"column":52},"end":{"line":79,"column":null}},"loc":{"start":{"line":79,"column":52},"end":{"line":118,"column":1}}},"6":{"name":"(anonymous_14)","decl":{"start":{"line":120,"column":15},"end":{"line":120,"column":22}},"loc":{"start":{"line":120,"column":53},"end":{"line":141,"column":2}}},"7":{"name":"(anonymous_15)","decl":{"start":{"line":120,"column":53},"end":{"line":120,"column":null}},"loc":{"start":{"line":120,"column":53},"end":{"line":141,"column":1}}},"8":{"name":"(anonymous_16)","decl":{"start":{"line":134,"column":6},"end":{"line":134,"column":7}},"loc":{"start":{"line":134,"column":17},"end":{"line":134,"column":39}}},"9":{"name":"(anonymous_17)","decl":{"start":{"line":143,"column":21},"end":{"line":143,"column":28}},"loc":{"start":{"line":143,"column":59},"end":{"line":175,"column":2}}},"10":{"name":"(anonymous_18)","decl":{"start":{"line":143,"column":59},"end":{"line":143,"column":null}},"loc":{"start":{"line":143,"column":59},"end":{"line":175,"column":1}}},"11":{"name":"(anonymous_19)","decl":{"start":{"line":167,"column":6},"end":{"line":167,"column":7}},"loc":{"start":{"line":167,"column":17},"end":{"line":167,"column":39}}},"12":{"name":"(anonymous_20)","decl":{"start":{"line":177,"column":20},"end":{"line":177,"column":27}},"loc":{"start":{"line":177,"column":58},"end":{"line":255,"column":2}}},"13":{"name":"(anonymous_21)","decl":{"start":{"line":177,"column":58},"end":{"line":177,"column":null}},"loc":{"start":{"line":177,"column":58},"end":{"line":255,"column":1}}}},"branchMap":{"0":{"loc":{"start":{"line":17,"column":17},"end":{"line":17,"column":59}},"type":"binary-expr","locations":[{"start":{"line":17,"column":17},"end":{"line":17,"column":39}},{"start":{"line":17,"column":43},"end":{"line":17,"column":59}}]},"1":{"loc":{"start":{"line":18,"column":2},"end":{"line":21,"column":3}},"type":"if","locations":[{"start":{"line":18,"column":2},"end":{"line":21,"column":3}},{"start":{},"end":{}}]},"2":{"loc":{"start":{"line":23,"column":29},"end":{"line":23,"column":65}},"type":"binary-expr","locations":[{"start":{"line":23,"column":29},"end":{"line":23,"column":55}},{"start":{"line":23,"column":59},"end":{"line":23,"column":65}}]},"3":{"loc":{"start":{"line":27,"column":4},"end":{"line":27,"column":50}},"type":"binary-expr","locations":[{"start":{"line":27,"column":4},"end":{"line":27,"column":40}},{"start":{"line":27,"column":44},"end":{"line":27,"column":50}}]},"4":{"loc":{"start":{"line":41,"column":2},"end":{"line":43,"column":3}},"type":"if","locations":[{"start":{"line":41,"column":2},"end":{"line":43,"column":3}},{"start":{},"end":{}}]},"5":{"loc":{"start":{"line":41,"column":6},"end":{"line":41,"column":38}},"type":"binary-expr","locations":[{"start":{"line":41,"column":6},"end":{"line":41,"column":15}},{"start":{"line":41,"column":19},"end":{"line":41,"column":25}},{"start":{"line":41,"column":29},"end":{"line":41,"column":38}}]},"6":{"loc":{"start":{"line":46,"column":2},"end":{"line":52,"column":3}},"type":"if","locations":[{"start":{"line":46,"column":2},"end":{"line":52,"column":3}},{"start":{},"end":{}}]},"7":{"loc":{"start":{"line":83,"column":2},"end":{"line":85,"column":3}},"type":"if","locations":[{"start":{"line":83,"column":2},"end":{"line":85,"column":3}},{"start":{},"end":{}}]},"8":{"loc":{"start":{"line":83,"column":6},"end":{"line":83,"column":28}},"type":"binary-expr","locations":[{"start":{"line":83,"column":6},"end":{"line":83,"column":15}},{"start":{"line":83,"column":19},"end":{"line":83,"column":28}}]},"9":{"loc":{"start":{"line":89,"column":4},"end":{"line":91,"column":5}},"type":"if","locations":[{"start":{"line":89,"column":4},"end":{"line":91,"column":5}},{"start":{},"end":{}}]},"10":{"loc":{"start":{"line":94,"column":4},"end":{"line":96,"column":5}},"type":"if","locations":[{"start":{"line":94,"column":4},"end":{"line":96,"column":5}},{"start":{},"end":{}}]},"11":{"loc":{"start":{"line":99,"column":4},"end":{"line":101,"column":5}},"type":"if","locations":[{"start":{"line":99,"column":4},"end":{"line":101,"column":5}},{"start":{},"end":{}}]},"12":{"loc":{"start":{"line":123,"column":2},"end":{"line":125,"column":3}},"type":"if","locations":[{"start":{"line":123,"column":2},"end":{"line":125,"column":3}},{"start":{},"end":{}}]},"13":{"loc":{"start":{"line":130,"column":4},"end":{"line":132,"column":5}},"type":"if","locations":[{"start":{"line":130,"column":4},"end":{"line":132,"column":5}},{"start":{},"end":{}}]},"14":{"loc":{"start":{"line":146,"column":2},"end":{"line":148,"column":3}},"type":"if","locations":[{"start":{"line":146,"column":2},"end":{"line":148,"column":3}},{"start":{},"end":{}}]},"15":{"loc":{"start":{"line":150,"column":17},"end":{"line":150,"column":59}},"type":"binary-expr","locations":[{"start":{"line":150,"column":17},"end":{"line":150,"column":39}},{"start":{"line":150,"column":43},"end":{"line":150,"column":59}}]},"16":{"loc":{"start":{"line":155,"column":4},"end":{"line":157,"column":5}},"type":"if","locations":[{"start":{"line":155,"column":4},"end":{"line":157,"column":5}},{"start":{},"end":{}}]},"17":{"loc":{"start":{"line":158,"column":4},"end":{"line":163,"column":5}},"type":"if","locations":[{"start":{"line":158,"column":4},"end":{"line":163,"column":5}},{"start":{},"end":{}}]},"18":{"loc":{"start":{"line":180,"column":2},"end":{"line":182,"column":3}},"type":"if","locations":[{"start":{"line":180,"column":2},"end":{"line":182,"column":3}},{"start":{},"end":{}}]},"19":{"loc":{"start":{"line":185,"column":2},"end":{"line":188,"column":3}},"type":"if","locations":[{"start":{"line":185,"column":2},"end":{"line":188,"column":3}},{"start":{},"end":{}}]},"20":{"loc":{"start":{"line":198,"column":4},"end":{"line":200,"column":5}},"type":"if","locations":[{"start":{"line":198,"column":4},"end":{"line":200,"column":5}},{"start":{},"end":{}}]},"21":{"loc":{"start":{"line":204,"column":4},"end":{"line":206,"column":5}},"type":"if","locations":[{"start":{"line":204,"column":4},"end":{"line":206,"column":5}},{"start":{},"end":{}}]},"22":{"loc":{"start":{"line":211,"column":4},"end":{"line":236,"column":5}},"type":"if","locations":[{"start":{"line":211,"column":4},"end":{"line":236,"column":5}},{"start":{"line":218,"column":11},"end":{"line":236,"column":5}}]},"23":{"loc":{"start":{"line":213,"column":6},"end":{"line":217,"column":7}},"type":"if","locations":[{"start":{"line":213,"column":6},"end":{"line":217,"column":7}},{"start":{},"end":{}}]},"24":{"loc":{"start":{"line":215,"column":8},"end":{"line":215,"column":51}},"type":"if","locations":[{"start":{"line":215,"column":8},"end":{"line":215,"column":51}},{"start":{},"end":{}}]},"25":{"loc":{"start":{"line":220,"column":23},"end":{"line":220,"column":85}},"type":"binary-expr","locations":[{"start":{"line":220,"column":23},"end":{"line":220,"column":62}},{"start":{"line":220,"column":66},"end":{"line":220,"column":85}}]},"26":{"loc":{"start":{"line":220,"column":23},"end":{"line":220,"column":62}},"type":"cond-expr","locations":[{"start":{"line":220,"column":27},"end":{"line":220,"column":29}},{"start":{"line":220,"column":23},"end":{"line":220,"column":62}}]},"27":{"loc":{"start":{"line":220,"column":23},"end":{"line":220,"column":29}},"type":"binary-expr","locations":[{"start":{"line":220,"column":23},"end":{"line":220,"column":29}},{"start":{"line":220,"column":23},"end":{"line":220,"column":29}}]}},"s":{"0":8,"1":8,"2":8,"3":8,"4":8,"5":20,"6":8,"7":6,"8":6,"9":1,"10":1,"11":5,"12":5,"13":5,"14":5,"15":5,"16":5,"17":8,"18":4,"19":4,"20":4,"21":4,"22":4,"23":1,"24":3,"25":1,"26":2,"27":2,"28":2,"29":2,"30":2,"31":1,"32":1,"33":1,"34":1,"35":8,"36":6,"37":6,"38":6,"39":6,"40":1,"41":5,"42":5,"43":4,"44":1,"45":3,"46":1,"47":2,"48":2,"49":1,"50":1,"51":1,"52":1,"53":1,"54":1,"55":8,"56":4,"57":4,"58":4,"59":1,"60":3,"61":3,"62":3,"63":2,"64":1,"65":1,"66":2,"67":1,"68":1,"69":1,"70":8,"71":5,"72":5,"73":5,"74":1,"75":4,"76":4,"77":4,"78":3,"79":3,"80":1,"81":2,"82":1,"83":1,"84":1,"85":1,"86":1,"87":1,"88":2,"89":1,"90":1,"91":1,"92":1,"93":8,"94":7,"95":7,"96":7,"97":1,"98":6,"99":6,"100":1,"101":1,"102":5,"103":5,"104":5,"105":4,"106":4,"107":1,"108":3,"109":3,"110":1,"111":2,"112":2,"113":1,"114":1,"115":1,"116":1,"117":1,"118":1,"119":1,"120":1,"121":1,"122":1,"123":1,"124":1,"125":2,"126":2,"127":2,"128":2,"129":1,"130":1,"131":8},"f":{"0":20,"1":6,"2":4,"3":4,"4":6,"5":6,"6":4,"7":4,"8":2,"9":5,"10":5,"11":2,"12":7,"13":7},"b":{"0":[6,1],"1":[1,5],"2":[5,0],"3":[5,0],"4":[1,3],"5":[4,4,4],"6":[1,2],"7":[1,5],"8":[6,6],"9":[1,3],"10":[1,2],"11":[1,1],"12":[1,3],"13":[1,1],"14":[1,4],"15":[4,0],"16":[1,2],"17":[1,1],"18":[1,6],"19":[1,5],"20":[1,3],"21":[1,2],"22":[1,1],"23":[1,0],"24":[1,0],"25":[1,0],"26":[0,1],"27":[1,1]}}
,"/Users/liron_dabach/Documents/לימודים/שנה ג׳/נושאים מתקדמים באפליקציות אינטרנטיות/Project/Aura/server/src/controllers/baseController.ts": {"path":"/Users/liron_dabach/Documents/לימודים/שנה ג׳/נושאים מתקדמים באפליקציות אינטרנטיות/Project/Aura/server/src/controllers/baseController.ts","statementMap":{"0":{"start":{"line":7,"column":4},"end":{"line":7,"column":23}},"1":{"start":{"line":11,"column":4},"end":{"line":22,"column":5}},"2":{"start":{"line":12,"column":6},"end":{"line":18,"column":7}},"3":{"start":{"line":13,"column":27},"end":{"line":13,"column":59}},"4":{"start":{"line":14,"column":8},"end":{"line":14,"column":36}},"5":{"start":{"line":16,"column":21},"end":{"line":16,"column":44}},"6":{"start":{"line":17,"column":8},"end":{"line":17,"column":23}},"7":{"start":{"line":20,"column":6},"end":{"line":20,"column":25}},"8":{"start":{"line":21,"column":6},"end":{"line":21,"column":61}},"9":{"start":{"line":26,"column":15},"end":{"line":26,"column":28}},"10":{"start":{"line":27,"column":4},"end":{"line":27,"column":36}},"11":{"start":{"line":28,"column":4},"end":{"line":38,"column":5}},"12":{"start":{"line":29,"column":19},"end":{"line":29,"column":48}},"13":{"start":{"line":30,"column":6},"end":{"line":34,"column":7}},"14":{"start":{"line":31,"column":8},"end":{"line":31,"column":56}},"15":{"start":{"line":33,"column":8},"end":{"line":33,"column":23}},"16":{"start":{"line":36,"column":6},"end":{"line":36,"column":25}},"17":{"start":{"line":37,"column":6},"end":{"line":37,"column":65}},"18":{"start":{"line":43,"column":19},"end":{"line":43,"column":36}},"19":{"start":{"line":44,"column":4},"end":{"line":46,"column":5}},"20":{"start":{"line":45,"column":6},"end":{"line":45,"column":31}},"21":{"start":{"line":47,"column":21},"end":{"line":47,"column":29}},"22":{"start":{"line":48,"column":4},"end":{"line":48,"column":26}},"23":{"start":{"line":49,"column":4},"end":{"line":55,"column":5}},"24":{"start":{"line":50,"column":19},"end":{"line":50,"column":52}},"25":{"start":{"line":51,"column":6},"end":{"line":51,"column":33}},"26":{"start":{"line":53,"column":6},"end":{"line":53,"column":25}},"27":{"start":{"line":54,"column":6},"end":{"line":54,"column":57}},"28":{"start":{"line":59,"column":15},"end":{"line":59,"column":28}},"29":{"start":{"line":60,"column":4},"end":{"line":71,"column":5}},"30":{"start":{"line":61,"column":26},"end":{"line":61,"column":64}},"31":{"start":{"line":62,"column":6},"end":{"line":65,"column":7}},"32":{"start":{"line":63,"column":8},"end":{"line":63,"column":49}},"33":{"start":{"line":64,"column":8},"end":{"line":64,"column":15}},"34":{"start":{"line":66,"column":6},"end":{"line":66,"column":40}},"35":{"start":{"line":67,"column":6},"end":{"line":67,"column":53}},"36":{"start":{"line":69,"column":6},"end":{"line":69,"column":25}},"37":{"start":{"line":70,"column":6},"end":{"line":70,"column":57}},"38":{"start":{"line":75,"column":15},"end":{"line":75,"column":28}},"39":{"start":{"line":76,"column":24},"end":{"line":76,"column":32}},"40":{"start":{"line":77,"column":4},"end":{"line":85,"column":5}},"41":{"start":{"line":78,"column":19},"end":{"line":80,"column":8}},"42":{"start":{"line":81,"column":6},"end":{"line":81,"column":21}},"43":{"start":{"line":83,"column":6},"end":{"line":83,"column":25}},"44":{"start":{"line":84,"column":6},"end":{"line":84,"column":57}},"45":{"start":{"line":89,"column":0},"end":{"line":89,"column":30}}},"fnMap":{"0":{"name":"(anonymous_7)","decl":{"start":{"line":6,"column":2},"end":{"line":6,"column":14}},"loc":{"start":{"line":6,"column":24},"end":{"line":8,"column":3}}},"1":{"name":"(anonymous_8)","decl":{"start":{"line":10,"column":8},"end":{"line":10,"column":14}},"loc":{"start":{"line":10,"column":42},"end":{"line":23,"column":null}}},"2":{"name":"(anonymous_10)","decl":{"start":{"line":25,"column":8},"end":{"line":25,"column":15}},"loc":{"start":{"line":25,"column":43},"end":{"line":39,"column":null}}},"3":{"name":"(anonymous_12)","decl":{"start":{"line":42,"column":8},"end":{"line":42,"column":14}},"loc":{"start":{"line":42,"column":42},"end":{"line":56,"column":null}}},"4":{"name":"(anonymous_14)","decl":{"start":{"line":58,"column":8},"end":{"line":58,"column":11}},"loc":{"start":{"line":58,"column":39},"end":{"line":72,"column":null}}},"5":{"name":"(anonymous_16)","decl":{"start":{"line":74,"column":8},"end":{"line":74,"column":14}},"loc":{"start":{"line":74,"column":42},"end":{"line":86,"column":null}}}},"branchMap":{"0":{"loc":{"start":{"line":12,"column":6},"end":{"line":18,"column":7}},"type":"if","locations":[{"start":{"line":12,"column":6},"end":{"line":18,"column":7}},{"start":{"line":15,"column":13},"end":{"line":18,"column":7}}]},"1":{"loc":{"start":{"line":30,"column":6},"end":{"line":34,"column":7}},"type":"if","locations":[{"start":{"line":30,"column":6},"end":{"line":34,"column":7}},{"start":{"line":32,"column":13},"end":{"line":34,"column":7}}]},"2":{"loc":{"start":{"line":44,"column":4},"end":{"line":46,"column":5}},"type":"if","locations":[{"start":{"line":44,"column":4},"end":{"line":46,"column":5}},{"start":{},"end":{}}]},"3":{"loc":{"start":{"line":62,"column":6},"end":{"line":65,"column":7}},"type":"if","locations":[{"start":{"line":62,"column":6},"end":{"line":65,"column":7}},{"start":{},"end":{}}]}},"s":{"0":42,"1":5,"2":5,"3":3,"4":1,"5":2,"6":2,"7":2,"8":2,"9":3,"10":3,"11":3,"12":3,"13":1,"14":1,"15":0,"16":2,"17":2,"18":10,"19":10,"20":1,"21":10,"22":10,"23":10,"24":10,"25":8,"26":2,"27":2,"28":11,"29":11,"30":11,"31":7,"32":2,"33":2,"34":5,"35":5,"36":4,"37":4,"38":12,"39":12,"40":12,"41":12,"42":8,"43":4,"44":4,"45":10},"f":{"0":42,"1":5,"2":3,"3":10,"4":11,"5":12},"b":{"0":[3,2],"1":[1,0],"2":[1,9],"3":[2,5]}}
,"/Users/liron_dabach/Documents/לימודים/שנה ג׳/נושאים מתקדמים באפליקציות אינטרנטיות/Project/Aura/server/src/controllers/commentsController.ts": {"path":"/Users/liron_dabach/Documents/לימודים/שנה ג׳/נושאים מתקדמים באפליקציות אינטרנטיות/Project/Aura/server/src/controllers/commentsController.ts","statementMap":{"0":{"start":{"line":1,"column":0},"end":{"line":1,"column":52}},"1":{"start":{"line":3,"column":0},"end":{"line":3,"column":46}},"2":{"start":{"line":8,"column":4},"end":{"line":8,"column":25}},"3":{"start":{"line":14,"column":19},"end":{"line":14,"column":36}},"4":{"start":{"line":15,"column":4},"end":{"line":23,"column":5}},"5":{"start":{"line":16,"column":23},"end":{"line":18,"column":39}},"6":{"start":{"line":19,"column":6},"end":{"line":19,"column":37}},"7":{"start":{"line":21,"column":6},"end":{"line":21,"column":25}},"8":{"start":{"line":22,"column":6},"end":{"line":22,"column":67}},"9":{"start":{"line":28,"column":19},"end":{"line":28,"column":36}},"10":{"start":{"line":29,"column":4},"end":{"line":31,"column":5}},"11":{"start":{"line":30,"column":6},"end":{"line":30,"column":37}},"12":{"start":{"line":32,"column":4},"end":{"line":32,"column":29}},"13":{"start":{"line":34,"column":4},"end":{"line":44,"column":5}},"14":{"start":{"line":35,"column":25},"end":{"line":35,"column":58}},"15":{"start":{"line":37,"column":31},"end":{"line":39,"column":39}},"16":{"start":{"line":40,"column":6},"end":{"line":40,"column":45}},"17":{"start":{"line":42,"column":6},"end":{"line":42,"column":25}},"18":{"start":{"line":43,"column":6},"end":{"line":43,"column":53}},"19":{"start":{"line":49,"column":22},"end":{"line":49,"column":42}},"20":{"start":{"line":50,"column":19},"end":{"line":50,"column":36}},"21":{"start":{"line":51,"column":4},"end":{"line":94,"column":5}},"22":{"start":{"line":52,"column":22},"end":{"line":52,"column":58}},"23":{"start":{"line":53,"column":6},"end":{"line":56,"column":7}},"24":{"start":{"line":54,"column":8},"end":{"line":54,"column":50}},"25":{"start":{"line":55,"column":8},"end":{"line":55,"column":15}},"26":{"start":{"line":58,"column":6},"end":{"line":63,"column":7}},"27":{"start":{"line":59,"column":8},"end":{"line":61,"column":70}},"28":{"start":{"line":62,"column":8},"end":{"line":62,"column":15}},"29":{"start":{"line":65,"column":6},"end":{"line":77,"column":7}},"30":{"start":{"line":71,"column":8},"end":{"line":75,"column":12}},"31":{"start":{"line":76,"column":8},"end":{"line":76,"column":15}},"32":{"start":{"line":80,"column":29},"end":{"line":82,"column":39}},"33":{"start":{"line":84,"column":6},"end":{"line":87,"column":7}},"34":{"start":{"line":85,"column":8},"end":{"line":85,"column":50}},"35":{"start":{"line":86,"column":8},"end":{"line":86,"column":15}},"36":{"start":{"line":89,"column":6},"end":{"line":89,"column":43}},"37":{"start":{"line":90,"column":6},"end":{"line":90,"column":13}},"38":{"start":{"line":92,"column":6},"end":{"line":92,"column":25}},"39":{"start":{"line":93,"column":6},"end":{"line":93,"column":53}},"40":{"start":{"line":99,"column":22},"end":{"line":99,"column":42}},"41":{"start":{"line":100,"column":19},"end":{"line":100,"column":36}},"42":{"start":{"line":101,"column":4},"end":{"line":120,"column":5}},"43":{"start":{"line":102,"column":22},"end":{"line":102,"column":58}},"44":{"start":{"line":103,"column":6},"end":{"line":106,"column":7}},"45":{"start":{"line":104,"column":8},"end":{"line":104,"column":50}},"46":{"start":{"line":105,"column":8},"end":{"line":105,"column":15}},"47":{"start":{"line":108,"column":6},"end":{"line":113,"column":7}},"48":{"start":{"line":109,"column":8},"end":{"line":111,"column":70}},"49":{"start":{"line":112,"column":8},"end":{"line":112,"column":15}},"50":{"start":{"line":114,"column":6},"end":{"line":114,"column":32}},"51":{"start":{"line":115,"column":6},"end":{"line":115,"column":26}},"52":{"start":{"line":116,"column":6},"end":{"line":116,"column":13}},"53":{"start":{"line":118,"column":6},"end":{"line":118,"column":25}},"54":{"start":{"line":119,"column":6},"end":{"line":119,"column":53}},"55":{"start":{"line":124,"column":0},"end":{"line":124,"column":40}}},"fnMap":{"0":{"name":"(anonymous_8)","decl":{"start":{"line":7,"column":2},"end":{"line":7,"column":null}},"loc":{"start":{"line":7,"column":2},"end":{"line":9,"column":3}}},"1":{"name":"(anonymous_9)","decl":{"start":{"line":13,"column":8},"end":{"line":13,"column":19}},"loc":{"start":{"line":13,"column":47},"end":{"line":24,"column":null}}},"2":{"name":"(anonymous_11)","decl":{"start":{"line":27,"column":8},"end":{"line":27,"column":22}},"loc":{"start":{"line":27,"column":54},"end":{"line":45,"column":null}}},"3":{"name":"(anonymous_13)","decl":{"start":{"line":48,"column":8},"end":{"line":48,"column":22}},"loc":{"start":{"line":48,"column":54},"end":{"line":95,"column":null}}},"4":{"name":"(anonymous_15)","decl":{"start":{"line":98,"column":8},"end":{"line":98,"column":19}},"loc":{"start":{"line":98,"column":51},"end":{"line":121,"column":null}}}},"branchMap":{"0":{"loc":{"start":{"line":29,"column":4},"end":{"line":31,"column":5}},"type":"if","locations":[{"start":{"line":29,"column":4},"end":{"line":31,"column":5}},{"start":{},"end":{}}]},"1":{"loc":{"start":{"line":53,"column":6},"end":{"line":56,"column":7}},"type":"if","locations":[{"start":{"line":53,"column":6},"end":{"line":56,"column":7}},{"start":{},"end":{}}]},"2":{"loc":{"start":{"line":58,"column":6},"end":{"line":63,"column":7}},"type":"if","locations":[{"start":{"line":58,"column":6},"end":{"line":63,"column":7}},{"start":{},"end":{}}]},"3":{"loc":{"start":{"line":58,"column":10},"end":{"line":58,"column":65}},"type":"binary-expr","locations":[{"start":{"line":58,"column":10},"end":{"line":58,"column":19}},{"start":{"line":58,"column":23},"end":{"line":58,"column":65}}]},"4":{"loc":{"start":{"line":65,"column":6},"end":{"line":77,"column":7}},"type":"if","locations":[{"start":{"line":65,"column":6},"end":{"line":77,"column":7}},{"start":{},"end":{}}]},"5":{"loc":{"start":{"line":66,"column":8},"end":{"line":69,"column":81}},"type":"binary-expr","locations":[{"start":{"line":66,"column":9},"end":{"line":66,"column":24}},{"start":{"line":66,"column":28},"end":{"line":66,"column":73}},{"start":{"line":67,"column":9},"end":{"line":67,"column":24}},{"start":{"line":67,"column":28},"end":{"line":67,"column":73}},{"start":{"line":68,"column":9},"end":{"line":68,"column":22}},{"start":{"line":69,"column":10},"end":{"line":69,"column":80}}]},"6":{"loc":{"start":{"line":84,"column":6},"end":{"line":87,"column":7}},"type":"if","locations":[{"start":{"line":84,"column":6},"end":{"line":87,"column":7}},{"start":{},"end":{}}]},"7":{"loc":{"start":{"line":103,"column":6},"end":{"line":106,"column":7}},"type":"if","locations":[{"start":{"line":103,"column":6},"end":{"line":106,"column":7}},{"start":{},"end":{}}]},"8":{"loc":{"start":{"line":108,"column":6},"end":{"line":113,"column":7}},"type":"if","locations":[{"start":{"line":108,"column":6},"end":{"line":113,"column":7}},{"start":{},"end":{}}]},"9":{"loc":{"start":{"line":108,"column":10},"end":{"line":108,"column":65}},"type":"binary-expr","locations":[{"start":{"line":108,"column":10},"end":{"line":108,"column":19}},{"start":{"line":108,"column":23},"end":{"line":108,"column":65}}]}},"s":{"0":9,"1":9,"2":9,"3":3,"4":3,"5":3,"6":2,"7":1,"8":1,"9":2,"10":2,"11":2,"12":2,"13":2,"14":2,"15":2,"16":2,"17":0,"18":0,"19":7,"20":7,"21":7,"22":7,"23":6,"24":1,"25":1,"26":5,"27":1,"28":1,"29":4,"30":2,"31":2,"32":2,"33":2,"34":0,"35":0,"36":2,"37":2,"38":1,"39":1,"40":5,"41":5,"42":5,"43":5,"44":4,"45":1,"46":1,"47":3,"48":1,"49":1,"50":2,"51":2,"52":2,"53":1,"54":1,"55":9},"f":{"0":9,"1":3,"2":2,"3":7,"4":5},"b":{"0":[2,0],"1":[1,5],"2":[1,4],"3":[5,5],"4":[2,2],"5":[4,1,3,1,2,0],"6":[0,2],"7":[1,3],"8":[1,2],"9":[3,3]}}
,"/Users/liron_dabach/Documents/לימודים/שנה ג׳/נושאים מתקדמים באפליקציות אינטרנטיות/Project/Aura/server/src/controllers/likesController.ts": {"path":"/Users/liron_dabach/Documents/לימודים/שנה ג׳/נושאים מתקדמים באפליקציות אינטרנטיות/Project/Aura/server/src/controllers/likesController.ts","statementMap":{"0":{"start":{"line":1,"column":0},"end":{"line":1,"column":46}},"1":{"start":{"line":3,"column":0},"end":{"line":3,"column":46}},"2":{"start":{"line":8,"column":4},"end":{"line":8,"column":22}},"3":{"start":{"line":13,"column":19},"end":{"line":13,"column":36}},"4":{"start":{"line":14,"column":4},"end":{"line":20,"column":5}},"5":{"start":{"line":15,"column":20},"end":{"line":15,"column":61}},"6":{"start":{"line":16,"column":6},"end":{"line":16,"column":22}},"7":{"start":{"line":18,"column":6},"end":{"line":18,"column":25}},"8":{"start":{"line":19,"column":6},"end":{"line":19,"column":66}},"9":{"start":{"line":25,"column":19},"end":{"line":25,"column":36}},"10":{"start":{"line":26,"column":4},"end":{"line":26,"column":33}},"11":{"start":{"line":26,"column":19},"end":{"line":26,"column":33}},"12":{"start":{"line":27,"column":4},"end":{"line":29,"column":5}},"13":{"start":{"line":28,"column":6},"end":{"line":28,"column":39}},"14":{"start":{"line":30,"column":4},"end":{"line":30,"column":29}},"15":{"start":{"line":31,"column":4},"end":{"line":31,"column":34}},"16":{"start":{"line":36,"column":19},"end":{"line":36,"column":36}},"17":{"start":{"line":37,"column":4},"end":{"line":52,"column":5}},"18":{"start":{"line":38,"column":19},"end":{"line":41,"column":8}},"19":{"start":{"line":42,"column":6},"end":{"line":45,"column":7}},"20":{"start":{"line":43,"column":8},"end":{"line":43,"column":73}},"21":{"start":{"line":44,"column":8},"end":{"line":44,"column":15}},"22":{"start":{"line":46,"column":6},"end":{"line":46,"column":51}},"23":{"start":{"line":47,"column":6},"end":{"line":47,"column":33}},"24":{"start":{"line":48,"column":6},"end":{"line":48,"column":13}},"25":{"start":{"line":50,"column":6},"end":{"line":50,"column":25}},"26":{"start":{"line":51,"column":6},"end":{"line":51,"column":63}},"27":{"start":{"line":56,"column":0},"end":{"line":56,"column":37}}},"fnMap":{"0":{"name":"(anonymous_8)","decl":{"start":{"line":7,"column":2},"end":{"line":7,"column":null}},"loc":{"start":{"line":7,"column":2},"end":{"line":9,"column":3}}},"1":{"name":"(anonymous_9)","decl":{"start":{"line":12,"column":8},"end":{"line":12,"column":19}},"loc":{"start":{"line":12,"column":47},"end":{"line":21,"column":null}}},"2":{"name":"(anonymous_11)","decl":{"start":{"line":24,"column":8},"end":{"line":24,"column":22}},"loc":{"start":{"line":24,"column":54},"end":{"line":32,"column":null}}},"3":{"name":"(anonymous_14)","decl":{"start":{"line":35,"column":8},"end":{"line":35,"column":19}},"loc":{"start":{"line":35,"column":51},"end":{"line":53,"column":null}}}},"branchMap":{"0":{"loc":{"start":{"line":26,"column":4},"end":{"line":26,"column":33}},"type":"if","locations":[{"start":{"line":26,"column":4},"end":{"line":26,"column":33}},{"start":{},"end":{}}]},"1":{"loc":{"start":{"line":27,"column":4},"end":{"line":29,"column":5}},"type":"if","locations":[{"start":{"line":27,"column":4},"end":{"line":29,"column":5}},{"start":{},"end":{}}]},"2":{"loc":{"start":{"line":40,"column":18},"end":{"line":40,"column":31}},"type":"cond-expr","locations":[{"start":{"line":40,"column":26},"end":{"line":40,"column":28}},{"start":{"line":40,"column":26},"end":{"line":40,"column":31}}]},"3":{"loc":{"start":{"line":40,"column":18},"end":{"line":40,"column":28}},"type":"binary-expr","locations":[{"start":{"line":40,"column":18},"end":{"line":40,"column":28}},{"start":{"line":40,"column":26},"end":{"line":40,"column":28}}]},"4":{"loc":{"start":{"line":42,"column":6},"end":{"line":45,"column":7}},"type":"if","locations":[{"start":{"line":42,"column":6},"end":{"line":45,"column":7}},{"start":{},"end":{}}]}},"s":{"0":9,"1":9,"2":9,"3":4,"4":4,"5":4,"6":3,"7":1,"8":1,"9":1,"10":1,"11":0,"12":1,"13":1,"14":1,"15":1,"16":5,"17":5,"18":5,"19":4,"20":2,"21":2,"22":2,"23":2,"24":2,"25":1,"26":1,"27":9},"f":{"0":9,"1":4,"2":1,"3":5},"b":{"0":[0,1],"1":[1,0],"2":[0,5],"3":[5,5],"4":[2,2]}}
,"/Users/liron_dabach/Documents/לימודים/שנה ג׳/נושאים מתקדמים באפליקציות אינטרנטיות/Project/Aura/server/src/controllers/postsController.ts": {"path":"/Users/liron_dabach/Documents/לימודים/שנה ג׳/נושאים מתקדמים באפליקציות אינטרנטיות/Project/Aura/server/src/controllers/postsController.ts","statementMap":{"0":{"start":{"line":2,"column":0},"end":{"line":2,"column":46}},"1":{"start":{"line":3,"column":0},"end":{"line":3,"column":46}},"2":{"start":{"line":5,"column":0},"end":{"line":5,"column":null}},"3":{"start":{"line":9,"column":0},"end":{"line":9,"column":81}},"4":{"start":{"line":15,"column":4},"end":{"line":15,"column":22}},"5":{"start":{"line":20,"column":4},"end":{"line":45,"column":5}},"6":{"start":{"line":21,"column":19},"end":{"line":21,"column":71}},"7":{"start":{"line":22,"column":27},"end":{"line":22,"column":70}},"8":{"start":{"line":23,"column":20},"end":{"line":23,"column":84}},"9":{"start":{"line":24,"column":19},"end":{"line":24,"column":37}},"10":{"start":{"line":26,"column":29},"end":{"line":34,"column":8}},"11":{"start":{"line":36,"column":6},"end":{"line":41,"column":9}},"12":{"start":{"line":43,"column":6},"end":{"line":43,"column":25}},"13":{"start":{"line":44,"column":6},"end":{"line":44,"column":58}},"14":{"start":{"line":50,"column":15},"end":{"line":50,"column":28}},"15":{"start":{"line":51,"column":4},"end":{"line":62,"column":5}},"16":{"start":{"line":52,"column":19},"end":{"line":54,"column":56}},"17":{"start":{"line":55,"column":6},"end":{"line":57,"column":7}},"18":{"start":{"line":56,"column":8},"end":{"line":56,"column":56}},"19":{"start":{"line":58,"column":6},"end":{"line":58,"column":28}},"20":{"start":{"line":60,"column":6},"end":{"line":60,"column":25}},"21":{"start":{"line":61,"column":6},"end":{"line":61,"column":63}},"22":{"start":{"line":66,"column":4},"end":{"line":68,"column":5}},"23":{"start":{"line":67,"column":6},"end":{"line":67,"column":39}},"24":{"start":{"line":69,"column":4},"end":{"line":71,"column":5}},"25":{"start":{"line":70,"column":6},"end":{"line":70,"column":71}},"26":{"start":{"line":72,"column":4},"end":{"line":75,"column":5}},"27":{"start":{"line":73,"column":6},"end":{"line":73,"column":66}},"28":{"start":{"line":74,"column":6},"end":{"line":74,"column":13}},"29":{"start":{"line":77,"column":4},"end":{"line":77,"column":31}},"30":{"start":{"line":78,"column":4},"end":{"line":78,"column":34}},"31":{"start":{"line":82,"column":15},"end":{"line":82,"column":28}},"32":{"start":{"line":83,"column":4},"end":{"line":122,"column":5}},"33":{"start":{"line":84,"column":19},"end":{"line":84,"column":48}},"34":{"start":{"line":85,"column":6},"end":{"line":88,"column":7}},"35":{"start":{"line":86,"column":8},"end":{"line":86,"column":54}},"36":{"start":{"line":87,"column":8},"end":{"line":87,"column":15}},"37":{"start":{"line":89,"column":6},"end":{"line":92,"column":7}},"38":{"start":{"line":90,"column":8},"end":{"line":90,"column":73}},"39":{"start":{"line":91,"column":8},"end":{"line":91,"column":15}},"40":{"start":{"line":93,"column":6},"end":{"line":96,"column":7}},"41":{"start":{"line":94,"column":8},"end":{"line":94,"column":63}},"42":{"start":{"line":95,"column":8},"end":{"line":95,"column":15}},"43":{"start":{"line":97,"column":6},"end":{"line":100,"column":7}},"44":{"start":{"line":98,"column":8},"end":{"line":98,"column":71}},"45":{"start":{"line":99,"column":8},"end":{"line":99,"column":15}},"46":{"start":{"line":102,"column":26},"end":{"line":102,"column":39}},"47":{"start":{"line":103,"column":6},"end":{"line":105,"column":7}},"48":{"start":{"line":104,"column":8},"end":{"line":104,"column":73}},"49":{"start":{"line":107,"column":19},"end":{"line":109,"column":8}},"50":{"start":{"line":110,"column":6},"end":{"line":113,"column":7}},"51":{"start":{"line":111,"column":8},"end":{"line":111,"column":54}},"52":{"start":{"line":112,"column":8},"end":{"line":112,"column":15}},"53":{"start":{"line":115,"column":6},"end":{"line":117,"column":7}},"54":{"start":{"line":116,"column":8},"end":{"line":116,"column":51}},"55":{"start":{"line":118,"column":6},"end":{"line":118,"column":21}},"56":{"start":{"line":120,"column":6},"end":{"line":120,"column":25}},"57":{"start":{"line":121,"column":6},"end":{"line":121,"column":55}},"58":{"start":{"line":126,"column":15},"end":{"line":126,"column":28}},"59":{"start":{"line":127,"column":4},"end":{"line":151,"column":5}},"60":{"start":{"line":128,"column":19},"end":{"line":128,"column":48}},"61":{"start":{"line":129,"column":6},"end":{"line":132,"column":7}},"62":{"start":{"line":130,"column":8},"end":{"line":130,"column":47}},"63":{"start":{"line":131,"column":8},"end":{"line":131,"column":15}},"64":{"start":{"line":133,"column":6},"end":{"line":147,"column":7}},"65":{"start":{"line":134,"column":28},"end":{"line":134,"column":66}},"66":{"start":{"line":135,"column":8},"end":{"line":138,"column":9}},"67":{"start":{"line":136,"column":10},"end":{"line":136,"column":49}},"68":{"start":{"line":137,"column":10},"end":{"line":137,"column":17}},"69":{"start":{"line":139,"column":8},"end":{"line":139,"column":60}},"70":{"start":{"line":140,"column":8},"end":{"line":140,"column":42}},"71":{"start":{"line":141,"column":8},"end":{"line":141,"column":15}},"72":{"start":{"line":143,"column":8},"end":{"line":143,"column":43}},"73":{"start":{"line":144,"column":8},"end":{"line":144,"column":74}},"74":{"start":{"line":145,"column":8},"end":{"line":145,"column":71}},"75":{"start":{"line":146,"column":8},"end":{"line":146,"column":15}},"76":{"start":{"line":149,"column":6},"end":{"line":149,"column":25}},"77":{"start":{"line":150,"column":6},"end":{"line":150,"column":55}},"78":{"start":{"line":155,"column":19},"end":{"line":155,"column":36}},"79":{"start":{"line":156,"column":4},"end":{"line":162,"column":5}},"80":{"start":{"line":157,"column":20},"end":{"line":157,"column":82}},"81":{"start":{"line":158,"column":6},"end":{"line":158,"column":22}},"82":{"start":{"line":160,"column":6},"end":{"line":160,"column":25}},"83":{"start":{"line":161,"column":6},"end":{"line":161,"column":69}},"84":{"start":{"line":166,"column":15},"end":{"line":166,"column":43}},"85":{"start":{"line":167,"column":17},"end":{"line":167,"column":69}},"86":{"start":{"line":168,"column":25},"end":{"line":168,"column":68}},"87":{"start":{"line":169,"column":18},"end":{"line":169,"column":82}},"88":{"start":{"line":171,"column":4},"end":{"line":180,"column":5}},"89":{"start":{"line":172,"column":22},"end":{"line":172,"column":71}},"90":{"start":{"line":173,"column":6},"end":{"line":173,"column":31}},"91":{"start":{"line":175,"column":6},"end":{"line":177,"column":7}},"92":{"start":{"line":176,"column":8},"end":{"line":176,"column":61}},"93":{"start":{"line":178,"column":6},"end":{"line":178,"column":25}},"94":{"start":{"line":179,"column":6},"end":{"line":179,"column":63}},"95":{"start":{"line":184,"column":0},"end":{"line":184,"column":37}}},"fnMap":{"0":{"name":"(anonymous_17)","decl":{"start":{"line":14,"column":2},"end":{"line":14,"column":null}},"loc":{"start":{"line":14,"column":2},"end":{"line":16,"column":3}}},"1":{"name":"(anonymous_18)","decl":{"start":{"line":19,"column":8},"end":{"line":19,"column":14}},"loc":{"start":{"line":19,"column":42},"end":{"line":46,"column":null}}},"2":{"name":"(anonymous_20)","decl":{"start":{"line":49,"column":8},"end":{"line":49,"column":15}},"loc":{"start":{"line":49,"column":43},"end":{"line":63,"column":null}}},"3":{"name":"(anonymous_22)","decl":{"start":{"line":65,"column":8},"end":{"line":65,"column":14}},"loc":{"start":{"line":65,"column":52},"end":{"line":79,"column":null}}},"4":{"name":"(anonymous_25)","decl":{"start":{"line":81,"column":8},"end":{"line":81,"column":14}},"loc":{"start":{"line":81,"column":52},"end":{"line":123,"column":null}}},"5":{"name":"(anonymous_27)","decl":{"start":{"line":125,"column":8},"end":{"line":125,"column":11}},"loc":{"start":{"line":125,"column":43},"end":{"line":152,"column":null}}},"6":{"name":"(anonymous_29)","decl":{"start":{"line":154,"column":8},"end":{"line":154,"column":19}},"loc":{"start":{"line":154,"column":47},"end":{"line":163,"column":null}}},"7":{"name":"(anonymous_31)","decl":{"start":{"line":165,"column":8},"end":{"line":165,"column":16}},"loc":{"start":{"line":165,"column":44},"end":{"line":181,"column":null}}}},"branchMap":{"0":{"loc":{"start":{"line":21,"column":31},"end":{"line":21,"column":70}},"type":"binary-expr","locations":[{"start":{"line":21,"column":31},"end":{"line":21,"column":65}},{"start":{"line":21,"column":69},"end":{"line":21,"column":70}}]},"1":{"loc":{"start":{"line":22,"column":36},"end":{"line":22,"column":69}},"type":"binary-expr","locations":[{"start":{"line":22,"column":36},"end":{"line":22,"column":62}},{"start":{"line":22,"column":66},"end":{"line":22,"column":69}}]},"2":{"loc":{"start":{"line":23,"column":32},"end":{"line":23,"column":83}},"type":"binary-expr","locations":[{"start":{"line":23,"column":32},"end":{"line":23,"column":67}},{"start":{"line":23,"column":71},"end":{"line":23,"column":83}}]},"3":{"loc":{"start":{"line":55,"column":6},"end":{"line":57,"column":7}},"type":"if","locations":[{"start":{"line":55,"column":6},"end":{"line":57,"column":7}},{"start":{},"end":{}}]},"4":{"loc":{"start":{"line":66,"column":4},"end":{"line":68,"column":5}},"type":"if","locations":[{"start":{"line":66,"column":4},"end":{"line":68,"column":5}},{"start":{},"end":{}}]},"5":{"loc":{"start":{"line":69,"column":4},"end":{"line":71,"column":5}},"type":"if","locations":[{"start":{"line":69,"column":4},"end":{"line":71,"column":5}},{"start":{},"end":{}}]},"6":{"loc":{"start":{"line":69,"column":8},"end":{"line":69,"column":26}},"type":"cond-expr","locations":[{"start":{"line":69,"column":16},"end":{"line":69,"column":18}},{"start":{"line":69,"column":16},"end":{"line":69,"column":26}}]},"7":{"loc":{"start":{"line":69,"column":8},"end":{"line":69,"column":18}},"type":"binary-expr","locations":[{"start":{"line":69,"column":8},"end":{"line":69,"column":18}},{"start":{"line":69,"column":16},"end":{"line":69,"column":18}}]},"8":{"loc":{"start":{"line":72,"column":4},"end":{"line":75,"column":5}},"type":"if","locations":[{"start":{"line":72,"column":4},"end":{"line":75,"column":5}},{"start":{},"end":{}}]},"9":{"loc":{"start":{"line":85,"column":6},"end":{"line":88,"column":7}},"type":"if","locations":[{"start":{"line":85,"column":6},"end":{"line":88,"column":7}},{"start":{},"end":{}}]},"10":{"loc":{"start":{"line":89,"column":6},"end":{"line":92,"column":7}},"type":"if","locations":[{"start":{"line":89,"column":6},"end":{"line":92,"column":7}},{"start":{},"end":{}}]},"11":{"loc":{"start":{"line":89,"column":10},"end":{"line":89,"column":77}},"type":"binary-expr","locations":[{"start":{"line":89,"column":10},"end":{"line":89,"column":27}},{"start":{"line":89,"column":31},"end":{"line":89,"column":77}}]},"12":{"loc":{"start":{"line":93,"column":6},"end":{"line":96,"column":7}},"type":"if","locations":[{"start":{"line":93,"column":6},"end":{"line":96,"column":7}},{"start":{},"end":{}}]},"13":{"loc":{"start":{"line":97,"column":6},"end":{"line":100,"column":7}},"type":"if","locations":[{"start":{"line":97,"column":6},"end":{"line":100,"column":7}},{"start":{},"end":{}}]},"14":{"loc":{"start":{"line":97,"column":10},"end":{"line":97,"column":63}},"type":"binary-expr","locations":[{"start":{"line":97,"column":10},"end":{"line":97,"column":18}},{"start":{"line":97,"column":22},"end":{"line":97,"column":63}}]},"15":{"loc":{"start":{"line":103,"column":6},"end":{"line":105,"column":7}},"type":"if","locations":[{"start":{"line":103,"column":6},"end":{"line":105,"column":7}},{"start":{},"end":{}}]},"16":{"loc":{"start":{"line":103,"column":10},"end":{"line":103,"column":28}},"type":"cond-expr","locations":[{"start":{"line":103,"column":18},"end":{"line":103,"column":20}},{"start":{"line":103,"column":18},"end":{"line":103,"column":28}}]},"17":{"loc":{"start":{"line":103,"column":10},"end":{"line":103,"column":20}},"type":"binary-expr","locations":[{"start":{"line":103,"column":10},"end":{"line":103,"column":20}},{"start":{"line":103,"column":18},"end":{"line":103,"column":20}}]},"18":{"loc":{"start":{"line":110,"column":6},"end":{"line":113,"column":7}},"type":"if","locations":[{"start":{"line":110,"column":6},"end":{"line":113,"column":7}},{"start":{},"end":{}}]},"19":{"loc":{"start":{"line":115,"column":6},"end":{"line":117,"column":7}},"type":"if","locations":[{"start":{"line":115,"column":6},"end":{"line":117,"column":7}},{"start":{},"end":{}}]},"20":{"loc":{"start":{"line":115,"column":10},"end":{"line":115,"column":76}},"type":"binary-expr","locations":[{"start":{"line":115,"column":10},"end":{"line":115,"column":28}},{"start":{"line":115,"column":32},"end":{"line":115,"column":43}},{"start":{"line":115,"column":47},"end":{"line":115,"column":76}}]},"21":{"loc":{"start":{"line":115,"column":10},"end":{"line":115,"column":28}},"type":"cond-expr","locations":[{"start":{"line":115,"column":18},"end":{"line":115,"column":20}},{"start":{"line":115,"column":18},"end":{"line":115,"column":28}}]},"22":{"loc":{"start":{"line":115,"column":10},"end":{"line":115,"column":20}},"type":"binary-expr","locations":[{"start":{"line":115,"column":10},"end":{"line":115,"column":20}},{"start":{"line":115,"column":18},"end":{"line":115,"column":20}}]},"23":{"loc":{"start":{"line":129,"column":6},"end":{"line":132,"column":7}},"type":"if","locations":[{"start":{"line":129,"column":6},"end":{"line":132,"column":7}},{"start":{},"end":{}}]},"24":{"loc":{"start":{"line":133,"column":6},"end":{"line":147,"column":7}},"type":"if","locations":[{"start":{"line":133,"column":6},"end":{"line":147,"column":7}},{"start":{"line":142,"column":13},"end":{"line":147,"column":7}}]},"25":{"loc":{"start":{"line":133,"column":10},"end":{"line":133,"column":63}},"type":"binary-expr","locations":[{"start":{"line":133,"column":10},"end":{"line":133,"column":18}},{"start":{"line":133,"column":22},"end":{"line":133,"column":63}}]},"26":{"loc":{"start":{"line":135,"column":8},"end":{"line":138,"column":9}},"type":"if","locations":[{"start":{"line":135,"column":8},"end":{"line":138,"column":9}},{"start":{},"end":{}}]},"27":{"loc":{"start":{"line":144,"column":59},"end":{"line":144,"column":72}},"type":"cond-expr","locations":[{"start":{"line":144,"column":67},"end":{"line":144,"column":69}},{"start":{"line":144,"column":67},"end":{"line":144,"column":72}}]},"28":{"loc":{"start":{"line":144,"column":59},"end":{"line":144,"column":69}},"type":"binary-expr","locations":[{"start":{"line":144,"column":59},"end":{"line":144,"column":69}},{"start":{"line":144,"column":67},"end":{"line":144,"column":69}}]},"29":{"loc":{"start":{"line":166,"column":15},"end":{"line":166,"column":43}},"type":"binary-expr","locations":[{"start":{"line":166,"column":15},"end":{"line":166,"column":37}},{"start":{"line":166,"column":41},"end":{"line":166,"column":43}}]},"30":{"loc":{"start":{"line":167,"column":29},"end":{"line":167,"column":68}},"type":"binary-expr","locations":[{"start":{"line":167,"column":29},"end":{"line":167,"column":63}},{"start":{"line":167,"column":67},"end":{"line":167,"column":68}}]},"31":{"loc":{"start":{"line":168,"column":34},"end":{"line":168,"column":67}},"type":"binary-expr","locations":[{"start":{"line":168,"column":34},"end":{"line":168,"column":60}},{"start":{"line":168,"column":64},"end":{"line":168,"column":67}}]},"32":{"loc":{"start":{"line":169,"column":30},"end":{"line":169,"column":81}},"type":"binary-expr","locations":[{"start":{"line":169,"column":30},"end":{"line":169,"column":65}},{"start":{"line":169,"column":69},"end":{"line":169,"column":81}}]},"33":{"loc":{"start":{"line":175,"column":6},"end":{"line":177,"column":7}},"type":"if","locations":[{"start":{"line":175,"column":6},"end":{"line":177,"column":7}},{"start":{},"end":{}}]}},"s":{"0":8,"1":8,"2":8,"3":8,"4":8,"5":1,"6":1,"7":1,"8":1,"9":1,"10":1,"11":1,"12":0,"13":0,"14":2,"15":2,"16":2,"17":2,"18":1,"19":1,"20":0,"21":0,"22":4,"23":4,"24":4,"25":2,"26":4,"27":0,"28":0,"29":4,"30":4,"31":8,"32":8,"33":8,"34":7,"35":1,"36":1,"37":6,"38":1,"39":1,"40":5,"41":1,"42":1,"43":4,"44":1,"45":1,"46":3,"47":3,"48":1,"49":3,"50":3,"51":0,"52":0,"53":3,"54":1,"55":3,"56":1,"57":1,"58":4,"59":4,"60":4,"61":4,"62":1,"63":1,"64":3,"65":2,"66":2,"67":0,"68":0,"69":2,"70":2,"71":2,"72":1,"73":1,"74":1,"75":1,"76":0,"77":0,"78":2,"79":2,"80":2,"81":2,"82":0,"83":0,"84":5,"85":5,"86":5,"87":5,"88":5,"89":5,"90":3,"91":2,"92":2,"93":0,"94":0,"95":8},"f":{"0":8,"1":1,"2":2,"3":4,"4":8,"5":4,"6":2,"7":5},"b":{"0":[1,1],"1":[1,1],"2":[1,1],"3":[1,1],"4":[4,0],"5":[2,2],"6":[2,2],"7":[4,4],"8":[0,4],"9":[1,6],"10":[1,5],"11":[6,1],"12":[1,4],"13":[1,3],"14":[4,4],"15":[1,2],"16":[2,1],"17":[3,3],"18":[0,3],"19":[1,2],"20":[3,1,1],"21":[2,1],"22":[3,3],"23":[1,3],"24":[2,1],"25":[3,3],"26":[0,2],"27":[0,1],"28":[1,1],"29":[5,1],"30":[5,5],"31":[5,5],"32":[5,5],"33":[2,0]}}
,"/Users/liron_dabach/Documents/לימודים/שנה ג׳/נושאים מתקדמים באפליקציות אינטרנטיות/Project/Aura/server/src/controllers/usersController.ts": {"path":"/Users/liron_dabach/Documents/לימודים/שנה ג׳/נושאים מתקדמים באפליקציות אינטרנטיות/Project/Aura/server/src/controllers/usersController.ts","statementMap":{"0":{"start":{"line":2,"column":0},"end":{"line":2,"column":28}},"1":{"start":{"line":3,"column":0},"end":{"line":3,"column":40}},"2":{"start":{"line":5,"column":0},"end":{"line":5,"column":null}},"3":{"start":{"line":13,"column":23},"end":{"line":13,"column":49}},"4":{"start":{"line":14,"column":25},"end":{"line":19,"column":1}},"5":{"start":{"line":15,"column":18},"end":{"line":15,"column":64}},"6":{"start":{"line":16,"column":2},"end":{"line":16,"column":26}},"7":{"start":{"line":17,"column":2},"end":{"line":17,"column":31}},"8":{"start":{"line":18,"column":2},"end":{"line":18,"column":17}},"9":{"start":{"line":21,"column":22},"end":{"line":21,"column":97}},"10":{"start":{"line":23,"column":29},"end":{"line":24,"column":69}},"11":{"start":{"line":24,"column":2},"end":{"line":24,"column":69}},"12":{"start":{"line":24,"column":41},"end":{"line":24,"column":68}},"13":{"start":{"line":26,"column":28},"end":{"line":35,"column":1}},"14":{"start":{"line":27,"column":18},"end":{"line":27,"column":31}},"15":{"start":{"line":28,"column":39},"end":{"line":28,"column":41}},"16":{"start":{"line":29,"column":2},"end":{"line":33,"column":3}},"17":{"start":{"line":30,"column":4},"end":{"line":32,"column":5}},"18":{"start":{"line":31,"column":6},"end":{"line":31,"column":31}},"19":{"start":{"line":34,"column":2},"end":{"line":34,"column":17}},"20":{"start":{"line":37,"column":21},"end":{"line":38,"column":42}},"21":{"start":{"line":38,"column":2},"end":{"line":38,"column":42}},"22":{"start":{"line":42,"column":4},"end":{"line":48,"column":5}},"23":{"start":{"line":43,"column":20},"end":{"line":43,"column":55}},"24":{"start":{"line":44,"column":6},"end":{"line":44,"column":29}},"25":{"start":{"line":46,"column":6},"end":{"line":46,"column":25}},"26":{"start":{"line":47,"column":6},"end":{"line":47,"column":65}},"27":{"start":{"line":52,"column":4},"end":{"line":61,"column":5}},"28":{"start":{"line":53,"column":19},"end":{"line":53,"column":69}},"29":{"start":{"line":54,"column":6},"end":{"line":56,"column":7}},"30":{"start":{"line":55,"column":8},"end":{"line":55,"column":61}},"31":{"start":{"line":57,"column":6},"end":{"line":57,"column":28}},"32":{"start":{"line":59,"column":6},"end":{"line":59,"column":25}},"33":{"start":{"line":60,"column":6},"end":{"line":60,"column":70}},"34":{"start":{"line":65,"column":4},"end":{"line":92,"column":5}},"35":{"start":{"line":66,"column":6},"end":{"line":68,"column":7}},"36":{"start":{"line":67,"column":8},"end":{"line":67,"column":72}},"37":{"start":{"line":69,"column":22},"end":{"line":69,"column":51}},"38":{"start":{"line":70,"column":6},"end":{"line":72,"column":7}},"39":{"start":{"line":71,"column":8},"end":{"line":71,"column":78}},"40":{"start":{"line":74,"column":6},"end":{"line":76,"column":7}},"41":{"start":{"line":75,"column":8},"end":{"line":75,"column":88}},"42":{"start":{"line":77,"column":6},"end":{"line":79,"column":7}},"43":{"start":{"line":78,"column":8},"end":{"line":78,"column":60}},"44":{"start":{"line":81,"column":19},"end":{"line":81,"column":43}},"45":{"start":{"line":82,"column":6},"end":{"line":82,"column":67}},"46":{"start":{"line":84,"column":22},"end":{"line":84,"column":48}},"47":{"start":{"line":85,"column":6},"end":{"line":85,"column":61}},"48":{"start":{"line":87,"column":6},"end":{"line":87,"column":25}},"49":{"start":{"line":88,"column":6},"end":{"line":90,"column":7}},"50":{"start":{"line":89,"column":8},"end":{"line":89,"column":79}},"51":{"start":{"line":91,"column":6},"end":{"line":91,"column":62}},"52":{"start":{"line":96,"column":19},"end":{"line":96,"column":32}},"53":{"start":{"line":97,"column":4},"end":{"line":164,"column":5}},"54":{"start":{"line":98,"column":19},"end":{"line":98,"column":46}},"55":{"start":{"line":99,"column":6},"end":{"line":101,"column":7}},"56":{"start":{"line":100,"column":8},"end":{"line":100,"column":61}},"57":{"start":{"line":102,"column":6},"end":{"line":104,"column":7}},"58":{"start":{"line":103,"column":8},"end":{"line":103,"column":69}},"59":{"start":{"line":106,"column":32},"end":{"line":106,"column":51}},"60":{"start":{"line":107,"column":6},"end":{"line":109,"column":7}},"61":{"start":{"line":108,"column":8},"end":{"line":108,"column":72}},"62":{"start":{"line":110,"column":22},"end":{"line":110,"column":51}},"63":{"start":{"line":113,"column":30},"end":{"line":113,"column":112}},"64":{"start":{"line":114,"column":6},"end":{"line":114,"column":42}},"65":{"start":{"line":116,"column":6},"end":{"line":120,"column":7}},"66":{"start":{"line":117,"column":8},"end":{"line":117,"column":78}},"67":{"start":{"line":118,"column":13},"end":{"line":120,"column":7}},"68":{"start":{"line":122,"column":6},"end":{"line":124,"column":7}},"69":{"start":{"line":123,"column":8},"end":{"line":123,"column":60}},"70":{"start":{"line":126,"column":6},"end":{"line":129,"column":7}},"71":{"start":{"line":127,"column":21},"end":{"line":127,"column":45}},"72":{"start":{"line":128,"column":8},"end":{"line":128,"column":69}},"73":{"start":{"line":132,"column":6},"end":{"line":143,"column":7}},"74":{"start":{"line":134,"column":8},"end":{"line":138,"column":10}},"75":{"start":{"line":140,"column":8},"end":{"line":142,"column":11}},"76":{"start":{"line":145,"column":6},"end":{"line":147,"column":7}},"77":{"start":{"line":146,"column":8},"end":{"line":146,"column":61}},"78":{"start":{"line":150,"column":6},"end":{"line":155,"column":7}},"79":{"start":{"line":154,"column":8},"end":{"line":154,"column":57}},"80":{"start":{"line":157,"column":6},"end":{"line":157,"column":49}},"81":{"start":{"line":159,"column":6},"end":{"line":159,"column":25}},"82":{"start":{"line":160,"column":6},"end":{"line":162,"column":7}},"83":{"start":{"line":161,"column":8},"end":{"line":161,"column":79}},"84":{"start":{"line":163,"column":6},"end":{"line":163,"column":62}},"85":{"start":{"line":168,"column":19},"end":{"line":168,"column":32}},"86":{"start":{"line":169,"column":4},"end":{"line":188,"column":5}},"87":{"start":{"line":170,"column":19},"end":{"line":170,"column":46}},"88":{"start":{"line":171,"column":6},"end":{"line":173,"column":7}},"89":{"start":{"line":172,"column":8},"end":{"line":172,"column":61}},"90":{"start":{"line":174,"column":6},"end":{"line":176,"column":7}},"91":{"start":{"line":175,"column":8},"end":{"line":175,"column":69}},"92":{"start":{"line":178,"column":22},"end":{"line":178,"column":58}},"93":{"start":{"line":179,"column":6},"end":{"line":181,"column":7}},"94":{"start":{"line":180,"column":8},"end":{"line":180,"column":61}},"95":{"start":{"line":183,"column":6},"end":{"line":183,"column":60}},"96":{"start":{"line":184,"column":6},"end":{"line":184,"column":61}},"97":{"start":{"line":186,"column":6},"end":{"line":186,"column":25}},"98":{"start":{"line":187,"column":6},"end":{"line":187,"column":62}},"99":{"start":{"line":192,"column":0},"end":{"line":192,"column":37}}},"fnMap":{"0":{"name":"(anonymous_8)","decl":{"start":{"line":14,"column":25},"end":{"line":14,"column":26}},"loc":{"start":{"line":14,"column":39},"end":{"line":19,"column":1}}},"1":{"name":"(anonymous_9)","decl":{"start":{"line":23,"column":29},"end":{"line":23,"column":30}},"loc":{"start":{"line":24,"column":2},"end":{"line":24,"column":69}}},"2":{"name":"(anonymous_10)","decl":{"start":{"line":24,"column":32},"end":{"line":24,"column":33}},"loc":{"start":{"line":24,"column":41},"end":{"line":24,"column":68}}},"3":{"name":"(anonymous_11)","decl":{"start":{"line":26,"column":28},"end":{"line":26,"column":29}},"loc":{"start":{"line":26,"column":42},"end":{"line":35,"column":1}}},"4":{"name":"(anonymous_12)","decl":{"start":{"line":37,"column":21},"end":{"line":37,"column":22}},"loc":{"start":{"line":38,"column":2},"end":{"line":38,"column":42}}},"5":{"name":"(anonymous_13)","decl":{"start":{"line":41,"column":8},"end":{"line":41,"column":14}},"loc":{"start":{"line":41,"column":43},"end":{"line":49,"column":null}}},"6":{"name":"(anonymous_15)","decl":{"start":{"line":51,"column":8},"end":{"line":51,"column":15}},"loc":{"start":{"line":51,"column":43},"end":{"line":62,"column":null}}},"7":{"name":"(anonymous_17)","decl":{"start":{"line":64,"column":8},"end":{"line":64,"column":14}},"loc":{"start":{"line":64,"column":48},"end":{"line":93,"column":null}}},"8":{"name":"(anonymous_19)","decl":{"start":{"line":95,"column":8},"end":{"line":95,"column":14}},"loc":{"start":{"line":95,"column":52},"end":{"line":165,"column":null}}},"9":{"name":"(anonymous_21)","decl":{"start":{"line":167,"column":8},"end":{"line":167,"column":11}},"loc":{"start":{"line":167,"column":43},"end":{"line":189,"column":null}}}},"branchMap":{"0":{"loc":{"start":{"line":15,"column":18},"end":{"line":15,"column":64}},"type":"cond-expr","locations":[{"start":{"line":15,"column":35},"end":{"line":15,"column":50}},{"start":{"line":15,"column":52},"end":{"line":15,"column":64}}]},"1":{"loc":{"start":{"line":15,"column":18},"end":{"line":15,"column":32}},"type":"cond-expr","locations":[{"start":{"line":15,"column":22},"end":{"line":15,"column":24}},{"start":{"line":15,"column":18},"end":{"line":15,"column":32}}]},"2":{"loc":{"start":{"line":15,"column":18},"end":{"line":15,"column":24}},"type":"binary-expr","locations":[{"start":{"line":15,"column":18},"end":{"line":15,"column":24}},{"start":{"line":15,"column":18},"end":{"line":15,"column":24}}]},"3":{"loc":{"start":{"line":24,"column":14},"end":{"line":24,"column":24}},"type":"binary-expr","locations":[{"start":{"line":24,"column":14},"end":{"line":24,"column":18}},{"start":{"line":24,"column":22},"end":{"line":24,"column":24}}]},"4":{"loc":{"start":{"line":30,"column":4},"end":{"line":32,"column":5}},"type":"if","locations":[{"start":{"line":30,"column":4},"end":{"line":32,"column":5}},{"start":{},"end":{}}]},"5":{"loc":{"start":{"line":54,"column":6},"end":{"line":56,"column":7}},"type":"if","locations":[{"start":{"line":54,"column":6},"end":{"line":56,"column":7}},{"start":{},"end":{}}]},"6":{"loc":{"start":{"line":66,"column":6},"end":{"line":68,"column":7}},"type":"if","locations":[{"start":{"line":66,"column":6},"end":{"line":68,"column":7}},{"start":{},"end":{}}]},"7":{"loc":{"start":{"line":70,"column":6},"end":{"line":72,"column":7}},"type":"if","locations":[{"start":{"line":70,"column":6},"end":{"line":72,"column":7}},{"start":{},"end":{}}]},"8":{"loc":{"start":{"line":70,"column":10},"end":{"line":70,"column":28}},"type":"cond-expr","locations":[{"start":{"line":70,"column":18},"end":{"line":70,"column":20}},{"start":{"line":70,"column":18},"end":{"line":70,"column":28}}]},"9":{"loc":{"start":{"line":70,"column":10},"end":{"line":70,"column":20}},"type":"binary-expr","locations":[{"start":{"line":70,"column":10},"end":{"line":70,"column":20}},{"start":{"line":70,"column":18},"end":{"line":70,"column":20}}]},"10":{"loc":{"start":{"line":74,"column":6},"end":{"line":76,"column":7}},"type":"if","locations":[{"start":{"line":74,"column":6},"end":{"line":76,"column":7}},{"start":{},"end":{}}]},"11":{"loc":{"start":{"line":74,"column":10},"end":{"line":74,"column":66}},"type":"binary-expr","locations":[{"start":{"line":74,"column":10},"end":{"line":74,"column":27}},{"start":{"line":74,"column":31},"end":{"line":74,"column":45}},{"start":{"line":74,"column":49},"end":{"line":74,"column":66}}]},"12":{"loc":{"start":{"line":77,"column":6},"end":{"line":79,"column":7}},"type":"if","locations":[{"start":{"line":77,"column":6},"end":{"line":79,"column":7}},{"start":{},"end":{}}]},"13":{"loc":{"start":{"line":88,"column":6},"end":{"line":90,"column":7}},"type":"if","locations":[{"start":{"line":88,"column":6},"end":{"line":90,"column":7}},{"start":{},"end":{}}]},"14":{"loc":{"start":{"line":88,"column":10},"end":{"line":88,"column":19}},"type":"cond-expr","locations":[{"start":{"line":88,"column":13},"end":{"line":88,"column":15}},{"start":{"line":88,"column":10},"end":{"line":88,"column":19}}]},"15":{"loc":{"start":{"line":88,"column":10},"end":{"line":88,"column":15}},"type":"binary-expr","locations":[{"start":{"line":88,"column":10},"end":{"line":88,"column":15}},{"start":{"line":88,"column":10},"end":{"line":88,"column":15}}]},"16":{"loc":{"start":{"line":99,"column":6},"end":{"line":101,"column":7}},"type":"if","locations":[{"start":{"line":99,"column":6},"end":{"line":101,"
[...]
":125,"column":17}},"42":{"start":{"line":129,"column":19},"end":{"line":129,"column":42}},"43":{"start":{"line":130,"column":16},"end":{"line":130,"column":68}},"44":{"start":{"line":131,"column":32},"end":{"line":131,"column":34}},"45":{"start":{"line":133,"column":4},"end":{"line":141,"column":5}},"46":{"start":{"line":134,"column":6},"end":{"line":136,"column":7}},"47":{"start":{"line":135,"column":8},"end":{"line":135,"column":17}},"48":{"start":{"line":137,"column":6},"end":{"line":139,"column":7}},"49":{"start":{"line":138,"column":8},"end":{"line":138,"column":17}},"50":{"start":{"line":140,"column":6},"end":{"line":140,"column":25}},"51":{"start":{"line":143,"column":4},"end":{"line":143,"column":21}},"52":{"start":{"line":152,"column":18},"end":{"line":152,"column":53}},"53":{"start":{"line":153,"column":24},"end":{"line":156,"column":6}},"54":{"start":{"line":157,"column":17},"end":{"line":157,"column":35}},"55":{"start":{"line":159,"column":27},"end":{"line":167,"column":6}},"56":{"start":{"line":169,"column":4},"end":{"line":175,"column":6}},"57":{"start":{"line":179,"column":19},"end":{"line":179,"column":52}},"58":{"start":{"line":180,"column":4},"end":{"line":182,"column":5}},"59":{"start":{"line":181,"column":6},"end":{"line":181,"column":59}},"60":{"start":{"line":183,"column":4},"end":{"line":185,"column":5}},"61":{"start":{"line":184,"column":6},"end":{"line":184,"column":79}},"62":{"start":{"line":187,"column":21},"end":{"line":187,"column":43}},"63":{"start":{"line":188,"column":22},"end":{"line":188,"column":45}},"64":{"start":{"line":189,"column":27},"end":{"line":189,"column":54}},"65":{"start":{"line":191,"column":24},"end":{"line":195,"column":28}},"66":{"start":{"line":197,"column":4},"end":{"line":205,"column":5}},"67":{"start":{"line":198,"column":6},"end":{"line":204,"column":8}},"68":{"start":{"line":207,"column":20},"end":{"line":207,"column":55}},"69":{"start":{"line":207,"column":46},"end":{"line":207,"column":54}},"70":{"start":{"line":208,"column":36},"end":{"line":217,"column":6}},"71":{"start":{"line":219,"column":26},"end":{"line":219,"column":51}},"72":{"start":{"line":220,"column":4},"end":{"line":222,"column":7}},"73":{"start":{"line":221,"column":6},"end":{"line":221,"column":55}},"74":{"start":{"line":223,"column":29},"end":{"line":223,"column":54}},"75":{"start":{"line":224,"column":4},"end":{"line":226,"column":7}},"76":{"start":{"line":225,"column":6},"end":{"line":225,"column":58}},"77":{"start":{"line":228,"column":27},"end":{"line":228,"column":81}},"78":{"start":{"line":229,"column":4},"end":{"line":235,"column":7}},"79":{"start":{"line":230,"column":17},"end":{"line":230,"column":36}},"80":{"start":{"line":231,"column":6},"end":{"line":234,"column":9}},"81":{"start":{"line":237,"column":23},"end":{"line":249,"column":6}},"82":{"start":{"line":238,"column":21},"end":{"line":238,"column":89}},"83":{"start":{"line":239,"column":6},"end":{"line":241,"column":7}},"84":{"start":{"line":240,"column":8},"end":{"line":240,"column":21}},"85":{"start":{"line":242,"column":6},"end":{"line":244,"column":7}},"86":{"start":{"line":243,"column":8},"end":{"line":243,"column":21}},"87":{"start":{"line":245,"column":6},"end":{"line":247,"column":7}},"88":{"start":{"line":246,"column":8},"end":{"line":246,"column":21}},"89":{"start":{"line":248,"column":6},"end":{"line":248,"column":18}},"90":{"start":{"line":251,"column":4},"end":{"line":259,"column":5}},"91":{"start":{"line":252,"column":6},"end":{"line":258,"column":8}},"92":{"start":{"line":261,"column":21},"end":{"line":261,"column":75}},"93":{"start":{"line":261,"column":54},"end":{"line":261,"column":73}},"94":{"start":{"line":262,"column":19},"end":{"line":262,"column":87}},"95":{"start":{"line":264,"column":4},"end":{"line":309,"column":5}},"96":{"start":{"line":265,"column":23},"end":{"line":273,"column":8}},"97":{"start":{"line":275,"column":24},"end":{"line":275,"column":72}},"98":{"start":{"line":276,"column":26},"end":{"line":278,"column":33}},"99":{"start":{"line":277,"column":21},"end":{"line":277,"column":74}},"100":{"start":{"line":277,"column":47},"end":{"line":277,"column":73}},"101":{"start":{"line":280,"column":20},"end":{"line":280,"column":38}},"102":{"start":{"line":281,"column":20},"end":{"line":281,"column":46}},"103":{"start":{"line":282,"column":25},"end":{"line":282,"column":68}},"104":{"start":{"line":284,"column":6},"end":{"line":290,"column":8}},"105":{"start":{"line":292,"column":6},"end":{"line":302,"column":7}},"106":{"start":{"line":293,"column":22},"end":{"line":293,"column":39}},"107":{"start":{"line":294,"column":22},"end":{"line":294,"column":48}},"108":{"start":{"line":295,"column":8},"end":{"line":301,"column":10}},"109":{"start":{"line":303,"column":6},"end":{"line":308,"column":8}},"110":{"start":{"line":307,"column":33},"end":{"line":307,"column":52}},"111":{"start":{"line":314,"column":9},"end":{"line":314,"column":22}},"112":{"start":{"line":313,"column":0},"end":{"line":313,"column":35}}},"fnMap":{"0":{"name":"(anonymous_8)","decl":{"start":{"line":7,"column":2},"end":{"line":7,"column":14}},"loc":{"start":{"line":7,"column":29},"end":{"line":10,"column":3}}},"1":{"name":"(anonymous_9)","decl":{"start":{"line":21,"column":20},"end":{"line":21,"column":21}},"loc":{"start":{"line":22,"column":2},"end":{"line":22,"column":46}}},"2":{"name":"(anonymous_10)","decl":{"start":{"line":30,"column":2},"end":{"line":30,"column":14}},"loc":{"start":{"line":30,"column":54},"end":{"line":33,"column":3}}},"3":{"name":"(anonymous_11)","decl":{"start":{"line":35,"column":10},"end":{"line":35,"column":24}},"loc":{"start":{"line":35,"column":38},"end":{"line":42,"column":3}}},"4":{"name":"(anonymous_12)","decl":{"start":{"line":44,"column":10},"end":{"line":44,"column":31}},"loc":{"start":{"line":44,"column":45},"end":{"line":104,"column":3}}},"5":{"name":"(anonymous_13)","decl":{"start":{"line":106,"column":10},"end":{"line":106,"column":21}},"loc":{"start":{"line":106,"column":120},"end":{"line":126,"column":3}}},"6":{"name":"(anonymous_14)","decl":{"start":{"line":107,"column":45},"end":{"line":107,"column":46}},"loc":{"start":{"line":107,"column":54},"end":{"line":113,"column":7}}},"7":{"name":"(anonymous_15)","decl":{"start":{"line":128,"column":10},"end":{"line":128,"column":24}},"loc":{"start":{"line":128,"column":67},"end":{"line":144,"column":3}}},"8":{"name":"(anonymous_16)","decl":{"start":{"line":146,"column":16},"end":{"line":146,"column":29}},"loc":{"start":{"line":150,"column":28},"end":{"line":176,"column":null}}},"9":{"name":"(anonymous_18)","decl":{"start":{"line":178,"column":8},"end":{"line":178,"column":21}},"loc":{"start":{"line":178,"column":64},"end":{"line":310,"column":null}}},"10":{"name":"(anonymous_20)","decl":{"start":{"line":207,"column":36},"end":{"line":207,"column":37}},"loc":{"start":{"line":207,"column":46},"end":{"line":207,"column":54}}},"11":{"name":"(anonymous_21)","decl":{"start":{"line":220,"column":21},"end":{"line":220,"column":22}},"loc":{"start":{"line":220,"column":34},"end":{"line":222,"column":5}}},"12":{"name":"(anonymous_22)","decl":{"start":{"line":224,"column":24},"end":{"line":224,"column":25}},"loc":{"start":{"line":224,"column":37},"end":{"line":226,"column":5}}},"13":{"name":"(anonymous_23)","decl":{"start":{"line":229,"column":24},"end":{"line":229,"column":25}},"loc":{"start":{"line":229,"column":33},"end":{"line":235,"column":5}}},"14":{"name":"(anonymous_24)","decl":{"start":{"line":237,"column":42},"end":{"line":237,"column":43}},"loc":{"start":{"line":237,"column":51},"end":{"line":249,"column":5}}},"15":{"name":"(anonymous_25)","decl":{"start":{"line":261,"column":44},"end":{"line":261,"column":45}},"loc":{"start":{"line":261,"column":54},"end":{"line":261,"column":73}}},"16":{"name":"(anonymous_26)","decl":{"start":{"line":277,"column":13},"end":{"line":277,"column":14}},"loc":{"start":{"line":277,"column":21},"end":{"line":277,"column":74}}},"17":{"name":"(anonymous_27)","decl":{"start":{"line":277,"column":37},"end":{"line":277,"column":38}},"loc":{"start":{"line":277,"column":47},"end":{"line":277,"column":73}}},"18":{"name":"(anonymous_28)","decl":{"start":{"line":307,"column":23},"end":{"line":307,"column":24}},"loc":{"start":{"line":307,"column":33},"end":{"line":307,"column":52}}}},"branchMap":{"0":{"loc":{"start":{"line":30,"column":14},"end":{"line":30,"column":36}},"type":"default-arg","locations":[{"start":{"line":30,"column":26},"end":{"line":30,"column":36}}]},"1":{"loc":{"start":{"line":30,"column":38},"end":{"line":30,"column":54}},"type":"default-arg","locations":[{"start":{"line":30,"column":44},"end":{"line":30,"column":54}}]},"2":{"loc":{"start":{"line":36,"column":18},"end":{"line":36,"column":29}},"type":"binary-expr","locations":[{"start":{"line":36,"column":18},"end":{"line":36,"column":23}},{"start":{"line":36,"column":27},"end":{"line":36,"column":29}}]},"3":{"loc":{"start":{"line":48,"column":28},"end":{"line":48,"column":59}},"type":"cond-expr","locations":[{"start":{"line":48,"column":51},"end":{"line":48,"column":53}},{"start":{"line":48,"column":51},"end":{"line":48,"column":59}}]},"4":{"loc":{"start":{"line":48,"column":28},"end":{"line":48,"column":53}},"type":"binary-expr","locations":[{"start":{"line":48,"column":28},"end":{"line":48,"column":53}},{"start":{"line":48,"column":51},"end":{"line":48,"column":53}}]},"5":{"loc":{"start":{"line":48,"column":28},"end":{"line":48,"column":51}},"type":"cond-expr","locations":[{"start":{"line":48,"column":46},"end":{"line":48,"column":49}},{"start":{"line":48,"column":28},"end":{"line":48,"column":51}}]},"6":{"loc":{"start":{"line":48,"column":28},"end":{"line":48,"column":49}},"type":"binary-expr","locations":[{"start":{"line":48,"column":28},"end":{"line":48,"column":49}},{"start":{"line":48,"column":28},"end":{"line":48,"column":49}}]},"7":{"loc":{"start":{"line":50,"column":26},"end":{"line":51,"column":41}},"type":"binary-expr","locations":[{"start":{"line":50,"column":26},"end":{"line":50,"column":74}},{"start":{"line":51,"column":6},"end":{"line":51,"column":41}}]},"8":{"loc":{"start":{"line":53,"column":6},"end":{"line":54,"column":44}},"type":"binary-expr","locations":[{"start":{"line":53,"column":6},"end":{"line":53,"column":57}},{"start":{"line":54,"column":6},"end":{"line":54,"column":44}}]},"9":{"loc":{"start":{"line":59,"column":21},"end":{"line":59,"column":65}},"type":"cond-expr","locations":[{"start":{"line":59,"column":37},"end":{"line":59,"column":61}},{"start":{"line":59,"column":64},"end":{"line":59,"column":65}}]},"10":{"loc":{"start":{"line":60,"column":22},"end":{"line":60,"column":72}},"type":"cond-expr","locations":[{"start":{"line":60,"column":41},"end":{"line":60,"column":68}},{"start":{"line":60,"column":71},"end":{"line":60,"column":72}}]},"11":{"loc":{"start":{"line":65,"column":4},"end":{"line":67,"column":5}},"type":"if","locations":[{"start":{"line":65,"column":4},"end":{"line":67,"column":5}},{"start":{},"end":{}}]},"12":{"loc":{"start":{"line":65,"column":8},"end":{"line":65,"column":79}},"type":"binary-expr","locations":[{"start":{"line":65,"column":8},"end":{"line":65,"column":20}},{"start":{"line":65,"column":24},"end":{"line":65,"column":51}},{"start":{"line":65,"column":55},"end":{"line":65,"column":79}}]},"13":{"loc":{"start":{"line":69,"column":4},"end":{"line":78,"column":5}},"type":"if","locations":[{"start":{"line":69,"column":4},"end":{"line":78,"column":5}},{"start":{"line":74,"column":11},"end":{"line":78,"column":5}}]},"14":{"loc":{"start":{"line":72,"column":28},"end":{"line":72,"column":91}},"type":"cond-expr","locations":[{"start":{"line":72,"column":54},"end":{"line":72,"column":55}},{"start":{"line":72,"column":58},"end":{"line":72,"column":91}}]},"15":{"loc":{"start":{"line":72,"column":58},"end":{"line":72,"column":91}},"type":"cond-expr","locations":[{"start":{"line":72,"column":85},"end":{"line":72,"column":87}},{"start":{"line":72,"column":90},"end":{"line":72,"column":91}}]},"16":{"loc":{"start":{"line":74,"column":11},"end":{"line":78,"column":5}},"type":"if","locations":[{"start":{"line":74,"column":11},"end":{"line":78,"column":5}},{"start":{"line":76,"column":11},"end":{"line":78,"column":5}}]},"17":{"loc":{"start":{"line":76,"column":11},"end":{"line":78,"column":5}},"type":"if","locations":[{"start":{"line":76,"column":11},"end":{"line":78,"column":5}},{"start":{},"end":{}}]},"18":{"loc":{"start":{"line":99,"column":17},"end":{"line":99,"column":55}},"type":"binary-expr","locations":[{"start":{"line":99,"column":17},"end":{"line":99,"column":32}},{"start":{"line":99,"column":36},"end":{"line":99,"column":55}}]},"19":{"loc":{"start":{"line":111,"column":13},"end":{"line":111,"column":64}},"type":"binary-expr","locations":[{"start":{"line":111,"column":13},"end":{"line":111,"column":59}},{"start":{"line":111,"column":63},"end":{"line":111,"column":64}}]},"20":{"loc":{"start":{"line":111,"column":13},"end":{"line":111,"column":59}},"type":"cond-expr","locations":[{"start":{"line":111,"column":52},"end":{"line":111,"column":54}},{"start":{"line":111,"column":52},"end":{"line":111,"column":59}}]},"21":{"loc":{"start":{"line":111,"column":13},"end":{"line":111,"column":54}},"type":"binary-expr","locations":[{"start":{"line":111,"column":13},"end":{"line":111,"column":54}},{"start":{"line":111,"column":52},"end":{"line":111,"column":54}}]},"22":{"loc":{"start":{"line":112,"column":16},"end":{"line":112,"column":70}},"type":"binary-expr","locations":[{"start":{"line":112,"column":16},"end":{"line":112,"column":65}},{"start":{"line":112,"column":69},"end":{"line":112,"column":70}}]},"23":{"loc":{"start":{"line":112,"column":16},"end":{"line":112,"column":65}},"type":"cond-expr","locations":[{"start":{"line":112,"column":55},"end":{"line":112,"column":57}},{"start":{"line":112,"column":55},"end":{"line":112,"column":65}}]},"24":{"loc":{"start":{"line":112,"column":16},"end":{"line":112,"column":57}},"type":"binary-expr","locations":[{"start":{"line":112,"column":16},"end":{"line":112,"column":57}},{"start":{"line":112,"column":55},"end":{"line":112,"column":57}}]},"25":{"loc":{"start":{"line":130,"column":16},"end":{"line":130,"column":68}},"type":"cond-expr","locations":[{"start":{"line":130,"column":49},"end":{"line":130,"column":63}},{"start":{"line":130,"column":66},"end":{"line":130,"column":68}}]},"26":{"loc":{"start":{"line":130,"column":30},"end":{"line":130,"column":45}},"type":"cond-expr","locations":[{"start":{"line":130,"column":36},"end":{"line":130,"column":38}},{"start":{"line":130,"column":30},"end":{"line":130,"column":45}}]},"27":{"loc":{"start":{"line":130,"column":30},"end":{"line":130,"column":38}},"type":"binary-expr","locations":[{"start":{"line":130,"column":30},"end":{"line":130,"column":38}},{"start":{"line":130,"column":30},"end":{"line":130,"column":38}}]},"28":{"loc":{"start":{"line":134,"column":6},"end":{"line":136,"column":7}},"type":"if","locations":[{"start":{"line":134,"column":6},"end":{"line":136,"column":7}},{"start":{},"end":{}}]},"29":{"loc":{"start":{"line":137,"column":6},"end":{"line":139,"column":7}},"type":"if","locations":[{"start":{"line":137,"column":6},"end":{"line":139,"column":7}},{"start":{},"end":{}}]},"30":{"loc":{"start":{"line":137,"column":10},"end":{"line":137,"column":53}},"type":"binary-expr","locations":[{"start":{"line":137,"column":10},"end":{"line":137,"column":27}},{"start":{"line":137,"column":31},"end":{"line":137,"column":53}}]},"31":{"loc":{"start":{"line":180,"column":4},"end":{"line":182,"column":5}},"type":"if","locations":[{"start":{"line":180,"column":4},"end":{"line":182,"column":5}},{"start":{},"end":{}}]},"32":{"loc":{"start":{"line":183,"column":4},"end":{"line":185,"column":5}},"type":"if","locations":[{"start":{"line":183,"column":4},"end":{"line":185,"column":5}},{"start":{},"end":{}}]},"33":{"loc":{"start":{"line":187,"column":33},"end":{"line":187,"column":42}},"type":"binary-expr","locations":[{"start":{"line":187,"column":33},"end":{"line":187,"column":37}},{"start":{"line":187,"column":41},"end":{"line":187,"column":42}}]},"34":{"loc":{"start":{"line":188,"column":34},"end":{"line":188,"column":44}},"type":"binary-expr","locations":[{"start":{"line":188,"column":34},"end":{"line":188,"column":39}},{"start":{"line":188,"column":43},"end":{"line":188,"column":44}}]},"35":{"loc":{"start":{"line":197,"column":4},"end":{"line":205,"column":5}},"type":"if","locations":[{"start":{"line":197,"column":4},"end":{"line":205,"column":5}},{"start":{},"end":{}}]},"36":{"loc":{"start":{"line":232,"column":15},"end":{"line":232,"column":41}},"type":"binary-expr","locations":[{"start":{"line":232,"column":15},"end":{"line":232,"column":36}},{"start":{"line":232,"column":40},"end":{"line":232,"column":41}}]},"37":{"loc":{"start":{"line":233,"column":18},"end":{"line":233,"column":47}},"type":"binary-expr","locations":[{"start":{"line":233,"column":18},"end":{"line":233,"column":42}},{"start":{"line":233,"column":46},"end":{"line":233,"column":47}}]},"38":{"loc":{"start":{"line":238,"column":21},"end":{"line":238,"column":89}},"type":"binary-expr","locations":[{"start":{"line":238,"column":21},"end":{"line":238,"column":60}},{"start":{"line":238,"column":64},"end":{"line":238,"column":89}}]},"39":{"loc":{"start":{"line":239,"column":6},"end":{"line":241,"column":7}},"type":"if","locations":[{"start":{"line":239,"column":6},"end":{"line":241,"column":7}},{"start":{},"end":{}}]},"40":{"loc":{"start":{"line":242,"column":6},"end":{"line":244,"column":7}},"type":"if","locations":[{"start":{"line":242,"column":6},"end":{"line":244,"column":7}},{"start":{},"end":{}}]},"41":{"loc":{"start":{"line":245,"column":6},"end":{"line":247,"column":7}},"type":"if","locations":[{"start":{"line":245,"column":6},"end":{"line":247,"column":7}},{"start":{},"end":{}}]},"42":{"loc":{"start":{"line":245,"column":10},"end":{"line":245,"column":94}},"type":"binary-expr","locations":[{"start":{"line":245,"column":10},"end":{"line":245,"column":29}},{"start":{"line":245,"column":33},"end":{"line":245,"column":94}}]},"43":{"loc":{"start":{"line":251,"column":4},"end":{"line":259,"column":5}},"type":"if","locations":[{"start":{"line":251,"column":4},"end":{"line":259,"column":5}},{"start":{},"end":{}}]},"44":{"loc":{"start":{"line":292,"column":6},"end":{"line":302,"column":7}},"type":"if","locations":[{"start":{"line":292,"column":6},"end":{"line":302,"column":7}},{"start":{},"end":{}}]}},"s":{"0":9,"1":9,"2":9,"3":9,"4":4,"5":4,"6":9,"7":9,"8":7,"9":17,"10":17,"11":17,"12":17,"13":13,"14":13,"15":13,"16":13,"17":13,"18":13,"19":13,"20":13,"21":13,"22":13,"23":13,"24":13,"25":13,"26":13,"27":2,"28":13,"29":0,"30":0,"31":0,"32":0,"33":13,"34":1,"35":12,"36":0,"37":13,"38":13,"39":9,"40":50,"41":9,"42":8,"43":2,"44":2,"45":2,"46":4,"47":0,"48":4,"49":0,"50":4,"51":2,"52":7,"53":7,"54":7,"55":7,"56":7,"57":13,"58":13,"59":2,"60":11,"61":2,"62":9,"63":9,"64":9,"65":9,"66":9,"67":0,"68":9,"69":61,"70":9,"71":9,"72":9,"73":31,"74":9,"75":9,"76":11,"77":9,"78":9,"79":61,"80":61,"81":9,"82":61,"83":61,"84":10,"85":51,"86":0,"87":51,"88":1,"89":50,"90":9,"91":0,"92":9,"93":50,"94":9,"95":9,"96":9,"97":8,"98":2,"99":4,"100":6,"101":2,"102":2,"103":2,"104":2,"105":7,"106":0,"107":0,"108":0,"109":7,"110":36,"111":9,"112":9},"f":{"0":4,"1":7,"2":17,"3":13,"4":13,"5":9,"6":50,"7":8,"8":7,"9":13,"10":61,"11":31,"12":11,"13":61,"14":61,"15":50,"16":4,"17":6,"18":36},"b":{"0":[9],"1":[9],"2":[13,1],"3":[9,4],"4":[13,13],"5":[9,4],"6":[13,4],"7":[13,11],"8":[13,13],"9":[2,11],"10":[0,13],"11":[2,11],"12":[13,13,2],"13":[0,13],"14":[0,0],"15":[0,0],"16":[1,12],"17":[0,12],"18":[13,9],"19":[50,25],"20":[0,50],"21":[50,50],"22":[50,39],"23":[0,50],"24":[50,50],"25":[2,0],"26":[0,2],"27":[2,2],"28":[0,4],"29":[0,4],"30":[4,4],"31":[2,11],"32":[2,9],"33":[9,0],"34":[9,0],"35":[0,9],"36":[61,30],"37":[61,50],"38":[61,0],"39":[10,51],"40":[0,51],"41":[1,50],"42":[51,7],"43":[0,9],"44":[0,7]}}
}
