TN:
SF:src/index.ts
FN:14,(anonymous_1)
FN:32,(anonymous_2)
FN:36,(anonymous_3)
FN:37,(anonymous_4)
FN:49,(anonymous_5)
FN:52,(anonymous_6)
FN:63,(anonymous_7)
FN:64,(anonymous_8)
FNF:8
FNH:6
FNDA:58,(anonymous_1)
FNDA:0,(anonymous_2)
FNDA:8,(anonymous_3)
FNDA:8,(anonymous_4)
FNDA:5,(anonymous_5)
FNDA:1,(anonymous_6)
FNDA:0,(anonymous_7)
FNDA:5,(anonymous_8)
DA:1,6
DA:2,6
DA:3,6
DA:4,6
DA:5,6
DA:6,6
DA:7,6
DA:8,6
DA:10,6
DA:11,6
DA:12,6
DA:14,6
DA:15,58
DA:16,58
DA:17,58
DA:18,58
DA:22,6
DA:23,6
DA:24,6
DA:25,6
DA:28,6
DA:29,6
DA:32,6
DA:33,0
DA:36,6
DA:37,8
DA:38,8
DA:39,8
DA:40,2
DA:41,2
DA:43,6
DA:44,6
DA:50,5
DA:53,1
DA:62,6
DA:63,6
DA:64,6
DA:66,8
DA:69,6
LF:39
LH:38
BRDA:39,0,0,2
BRDA:39,0,1,6
BRDA:43,1,0,6
BRDA:43,1,1,0
BRDA:57,2,0,1
BRDA:57,2,1,0
BRF:6
BRH:4
end_of_record
TN:
SF:src/swagger.ts
FN:6,(anonymous_1)
FN:279,(anonymous_2)
FN:282,(anonymous_3)
FNF:3
FNH:3
FNDA:6,(anonymous_1)
FNDA:6,(anonymous_2)
FNDA:1,(anonymous_3)
DA:2,6
DA:3,6
DA:4,6
DA:6,6
DA:7,6
DA:9,6
DA:11,6
DA:16,6
DA:193,6
DA:268,6
DA:279,6
DA:280,6
DA:282,6
DA:283,1
DA:284,1
DA:287,6
LF:16
LH:16
BRDA:7,0,0,6
BRDA:7,0,1,0
BRDA:9,1,0,6
BRDA:9,1,1,6
BRF:4
BRH:3
end_of_record
TN:
SF:src/controllers/authController.ts
FN:7,(anonymous_8)
FN:16,(anonymous_9)
FN:36,(anonymous_10)
FN:36,(anonymous_11)
FN:71,(anonymous_12)
FN:71,(anonymous_13)
FN:104,(anonymous_14)
FN:104,(anonymous_15)
FN:118,(anonymous_16)
FN:127,(anonymous_17)
FN:127,(anonymous_18)
FN:151,(anonymous_19)
FN:161,(anonymous_20)
FN:161,(anonymous_21)
FNF:14
FNH:14
FNDA:20,(anonymous_8)
FNDA:6,(anonymous_9)
FNDA:4,(anonymous_10)
FNDA:4,(anonymous_11)
FNDA:6,(anonymous_12)
FNDA:6,(anonymous_13)
FNDA:4,(anonymous_14)
FNDA:4,(anonymous_15)
FNDA:2,(anonymous_16)
FNDA:5,(anonymous_17)
FNDA:5,(anonymous_18)
FNDA:2,(anonymous_19)
FNDA:7,(anonymous_20)
FNDA:7,(anonymous_21)
DA:2,6
DA:3,6
DA:4,6
DA:5,6
DA:7,6
DA:8,20
DA:16,6
DA:17,6
DA:18,6
DA:19,1
DA:20,1
DA:23,5
DA:24,5
DA:26,5
DA:29,5
DA:30,5
DA:33,5
DA:36,6
DA:37,4
DA:38,4
DA:39,4
DA:41,4
DA:42,1
DA:46,3
DA:47,1
DA:54,2
DA:55,2
DA:56,2
DA:57,2
DA:62,2
DA:63,1
DA:64,1
DA:65,1
DA:67,1
DA:71,6
DA:72,6
DA:73,6
DA:75,6
DA:76,1
DA:79,5
DA:80,5
DA:81,4
DA:82,1
DA:86,3
DA:87,1
DA:90,2
DA:91,2
DA:92,1
DA:95,1
DA:96,1
DA:97,1
DA:98,1
DA:100,1
DA:104,6
DA:105,4
DA:107,4
DA:108,1
DA:111,3
DA:112,3
DA:113,3
DA:114,2
DA:115,1
DA:117,1
DA:118,2
DA:120,1
DA:121,1
DA:123,1
DA:127,6
DA:128,5
DA:130,5
DA:131,1
DA:134,4
DA:136,4
DA:137,4
DA:138,3
DA:139,3
DA:140,1
DA:142,2
DA:143,1
DA:144,1
DA:145,1
DA:146,1
DA:148,1
DA:150,1
DA:151,2
DA:153,1
DA:154,1
DA:155,1
DA:157,1
DA:161,7
DA:162,7
DA:164,7
DA:165,1
DA:168,6
DA:169,6
DA:170,1
DA:171,1
DA:174,5
DA:175,5
DA:176,5
DA:181,4
DA:182,4
DA:183,1
DA:186,3
DA:188,3
DA:189,1
DA:193,2
DA:195,2
DA:197,1
DA:198,1
DA:199,1
DA:200,1
DA:204,1
DA:207,1
DA:208,1
DA:209,1
DA:210,1
DA:211,1
DA:214,1
DA:222,2
DA:223,2
DA:224,2
DA:226,2
DA:236,1
DA:237,1
DA:241,6
LF:126
LH:126
BRDA:17,0,0,6
BRDA:17,0,1,1
BRDA:18,1,0,1
BRDA:18,1,1,5
BRDA:23,2,0,5
BRDA:23,2,1,0
BRDA:27,3,0,5
BRDA:27,3,1,0
BRDA:41,4,0,1
BRDA:41,4,1,3
BRDA:41,5,0,4
BRDA:41,5,1,4
BRDA:41,5,2,4
BRDA:46,6,0,1
BRDA:46,6,1,2
BRDA:75,7,0,1
BRDA:75,7,1,5
BRDA:75,8,0,6
BRDA:75,8,1,6
BRDA:81,9,0,1
BRDA:81,9,1,3
BRDA:86,10,0,1
BRDA:86,10,1,2
BRDA:91,11,0,1
BRDA:91,11,1,1
BRDA:107,12,0,1
BRDA:107,12,1,3
BRDA:114,13,0,1
BRDA:114,13,1,1
BRDA:130,14,0,1
BRDA:130,14,1,4
BRDA:134,15,0,4
BRDA:134,15,1,0
BRDA:139,16,0,1
BRDA:139,16,1,2
BRDA:142,17,0,1
BRDA:142,17,1,1
BRDA:164,18,0,1
BRDA:164,18,1,6
BRDA:169,19,0,1
BRDA:169,19,1,5
BRDA:182,20,0,1
BRDA:182,20,1,3
BRDA:188,21,0,1
BRDA:188,21,1,2
BRDA:195,22,0,1
BRDA:195,22,1,1
BRDA:197,23,0,1
BRDA:197,23,1,0
BRDA:199,24,0,1
BRDA:199,24,1,0
BRDA:204,25,0,1
BRDA:204,25,1,0
BRDA:204,26,0,0
BRDA:204,26,1,1
BRDA:204,27,0,1
BRDA:204,27,1,1
BRF:57
BRH:50
end_of_record
TN:
SF:src/controllers/baseController.ts
FN:6,(anonymous_7)
FN:10,(anonymous_8)
FN:25,(anonymous_10)
FN:42,(anonymous_12)
FN:58,(anonymous_14)
FN:74,(anonymous_16)
FNF:6
FNH:6
FNDA:36,(anonymous_7)
FNDA:5,(anonymous_8)
FNDA:3,(anonymous_10)
FNDA:10,(anonymous_12)
FNDA:12,(anonymous_14)
FNDA:15,(anonymous_16)
DA:7,36
DA:11,5
DA:12,5
DA:13,3
DA:14,1
DA:16,2
DA:17,2
DA:20,2
DA:21,2
DA:26,3
DA:27,3
DA:28,3
DA:29,3
DA:30,1
DA:31,1
DA:33,0
DA:36,2
DA:37,2
DA:43,10
DA:44,10
DA:45,3
DA:47,10
DA:48,10
DA:49,10
DA:50,10
DA:51,8
DA:53,2
DA:54,2
DA:59,12
DA:60,12
DA:61,12
DA:62,8
DA:63,2
DA:64,2
DA:66,6
DA:67,6
DA:69,4
DA:70,4
DA:75,15
DA:76,15
DA:77,15
DA:78,15
DA:81,11
DA:83,4
DA:84,4
DA:89,8
LF:46
LH:45
BRDA:12,0,0,3
BRDA:12,0,1,2
BRDA:30,1,0,1
BRDA:30,1,1,0
BRDA:44,2,0,3
BRDA:44,2,1,7
BRDA:62,3,0,2
BRDA:62,3,1,6
BRF:8
BRH:7
end_of_record
TN:
SF:src/controllers/commentsController.ts
FN:7,(anonymous_8)
FN:13,(anonymous_9)
FN:27,(anonymous_11)
FN:37,(anonymous_14)
FN:77,(anonymous_17)
FNF:5
FNH:5
FNDA:7,(anonymous_8)
FNDA:3,(anonymous_9)
FNDA:2,(anonymous_11)
FNDA:7,(anonymous_14)
FNDA:5,(anonymous_17)
DA:1,7
DA:3,7
DA:8,7
DA:14,3
DA:15,3
DA:16,3
DA:19,2
DA:21,1
DA:22,1
DA:28,2
DA:29,2
DA:30,2
DA:32,2
DA:33,2
DA:38,7
DA:39,7
DA:40,7
DA:41,7
DA:42,6
DA:43,1
DA:44,1
DA:47,5
DA:48,1
DA:51,1
DA:54,4
DA:60,2
DA:65,2
DA:67,2
DA:68,2
DA:69,2
DA:71,1
DA:72,1
DA:78,5
DA:79,5
DA:80,5
DA:81,5
DA:82,4
DA:83,1
DA:84,1
DA:87,3
DA:88,1
DA:91,1
DA:93,2
DA:94,2
DA:95,2
DA:97,1
DA:98,1
DA:103,7
LF:48
LH:48
BRDA:29,0,0,2
BRDA:29,0,1,0
BRDA:42,1,0,1
BRDA:42,1,1,5
BRDA:47,2,0,1
BRDA:47,2,1,4
BRDA:47,3,0,5
BRDA:47,3,1,5
BRDA:54,4,0,2
BRDA:54,4,1,2
BRDA:55,5,0,4
BRDA:55,5,1,1
BRDA:55,5,2,3
BRDA:55,5,3,1
BRDA:55,5,4,2
BRDA:55,5,5,0
BRDA:82,6,0,1
BRDA:82,6,1,3
BRDA:87,7,0,1
BRDA:87,7,1,2
BRDA:87,8,0,3
BRDA:87,8,1,3
BRF:22
BRH:20
end_of_record
TN:
SF:src/controllers/likesController.ts
FN:7,(anonymous_8)
FN:12,(anonymous_9)
FN:24,(anonymous_11)
FN:35,(anonymous_14)
FNF:4
FNH:4
FNDA:7,(anonymous_8)
FNDA:4,(anonymous_9)
FNDA:1,(anonymous_11)
FNDA:5,(anonymous_14)
DA:1,7
DA:3,7
DA:8,7
DA:13,4
DA:14,4
DA:15,4
DA:16,3
DA:18,1
DA:19,1
DA:25,1
DA:26,1
DA:27,1
DA:28,1
DA:30,1
DA:31,1
DA:36,5
DA:37,5
DA:38,5
DA:42,4
DA:43,2
DA:44,2
DA:46,2
DA:47,2
DA:48,2
DA:50,1
DA:51,1
DA:56,7
LF:27
LH:27
BRDA:26,0,0,0
BRDA:26,0,1,1
BRDA:27,1,0,1
BRDA:27,1,1,0
BRDA:40,2,0,0
BRDA:40,2,1,5
BRDA:40,3,0,5
BRDA:40,3,1,5
BRDA:42,4,0,2
BRDA:42,4,1,2
BRF:10
BRH:7
end_of_record
TN:
SF:src/controllers/postsController.ts
FN:7,(anonymous_8)
FN:12,(anonymous_9)
FN:42,(anonymous_11)
FN:58,(anonymous_13)
FN:67,(anonymous_16)
FN:95,(anonymous_19)
FN:118,(anonymous_22)
FNF:7
FNH:7
FNDA:6,(anonymous_8)
FNDA:1,(anonymous_9)
FNDA:2,(anonymous_11)
FNDA:2,(anonymous_13)
FNDA:6,(anonymous_16)
FNDA:3,(anonymous_19)
FNDA:2,(anonymous_22)
DA:2,6
DA:3,6
DA:8,6
DA:13,1
DA:14,1
DA:15,1
DA:16,1
DA:17,1
DA:19,1
DA:29,1
DA:36,0
DA:37,0
DA:43,2
DA:44,2
DA:45,2
DA:48,2
DA:49,1
DA:51,1
DA:53,0
DA:54,0
DA:59,2
DA:60,2
DA:63,2
DA:64,2
DA:68,6
DA:69,6
DA:70,6
DA:71,5
DA:72,1
DA:73,1
DA:75,4
DA:76,1
DA:77,1
DA:79,3
DA:80,1
DA:81,1
DA:83,2
DA:84,1
DA:85,1
DA:87,1
DA:88,1
DA:90,1
DA:91,1
DA:96,3
DA:97,3
DA:98,3
DA:99,3
DA:100,1
DA:101,1
DA:103,2
DA:104,1
DA:105,1
DA:107,1
DA:108,1
DA:109,1
DA:110,1
DA:113,0
DA:114,0
DA:119,2
DA:120,2
DA:121,2
DA:122,2
DA:124,0
DA:125,0
DA:130,6
LF:65
LH:57
BRDA:14,0,0,1
BRDA:14,0,1,1
BRDA:15,1,0,1
BRDA:15,1,1,1
BRDA:16,2,0,1
BRDA:16,2,1,1
BRDA:48,3,0,1
BRDA:48,3,1,1
BRDA:59,4,0,2
BRDA:59,4,1,0
BRDA:71,5,0,1
BRDA:71,5,1,4
BRDA:75,6,0,1
BRDA:75,6,1,3
BRDA:75,7,0,4
BRDA:75,7,1,1
BRDA:79,8,0,1
BRDA:79,8,1,2
BRDA:79,9,0,3
BRDA:79,9,1,1
BRDA:83,10,0,1
BRDA:83,10,1,1
BRDA:83,11,0,2
BRDA:83,11,1,2
BRDA:99,12,0,1
BRDA:99,12,1,2
BRDA:103,13,0,1
BRDA:103,13,1,1
BRDA:103,14,0,2
BRDA:103,14,1,2
BRDA:108,15,0,0
BRDA:108,15,1,1
BRDA:108,16,0,1
BRDA:108,16,1,1
BRF:34
BRH:32
end_of_record
TN:
SF:src/middleware/authMiddleware.ts
FN:7,(anonymous_1)
FNF:1
FNH:1
FNDA:32,(anonymous_1)
DA:2,6
DA:7,6
DA:12,32
DA:13,32
DA:14,7
DA:20,25
DA:21,25
DA:22,1
DA:24,24
DA:25,24
DA:26,24
DA:27,23
DA:28,23
DA:30,1
LF:14
LH:14
BRDA:13,0,0,7
BRDA:13,0,1,25
BRDA:13,1,0,32
BRDA:13,1,1,26
BRDA:21,2,0,1
BRDA:21,2,1,24
BRDA:24,3,0,24
BRDA:24,3,1,0
BRF:8
BRH:7
end_of_record
TN:
SF:src/models/commentsModel.ts
FNF:0
FNH:0
DA:1,7
DA:3,7
DA:24,7
LF:3
LH:3
BRF:0
BRH:0
end_of_record
TN:
SF:src/models/likesModel.ts
FNF:0
FNH:0
DA:1,7
DA:3,7
DA:20,7
LF:3
LH:3
BRF:0
BRH:0
end_of_record
TN:
SF:src/models/postsModel.ts
FNF:0
FNH:0
DA:1,6
DA:3,6
DA:23,6
LF:3
LH:3
BRF:0
BRH:0
end_of_record
TN:
SF:src/models/usersModel.ts
FNF:0
FNH:0
DA:1,6
DA:3,6
DA:39,6
LF:3
LH:3
BRF:0
BRH:0
end_of_record
TN:
SF:src/routes/authRoute.ts
FNF:0
FNH:0
DA:1,6
DA:2,6
DA:4,6
DA:34,6
DA:70,6
DA:106,6
DA:146,6
DA:180,6
DA:182,6
LF:9
LH:9
BRF:0
BRH:0
end_of_record
TN:
SF:src/routes/commentsRoute.ts
FNF:0
FNH:0
DA:1,6
DA:2,6
DA:3,6
DA:5,6
DA:33,6
DA:75,6
DA:123,6
DA:159,6
DA:161,6
LF:9
LH:9
BRF:0
BRH:0
end_of_record
TN:
SF:src/routes/likesRoute.ts
FNF:0
FNH:0
DA:1,6
DA:2,6
DA:3,6
DA:5,6
DA:33,6
DA:63,6
DA:92,6
DA:94,6
LF:8
LH:8
BRF:0
BRH:0
end_of_record
TN:
SF:src/routes/postsRoute.ts
FNF:0
FNH:0
DA:1,6
DA:2,6
DA:3,6
DA:5,6
DA:51,6
DA:80,6
DA:108,6
DA:137,6
DA:179,6
DA:209,6
DA:211,6
LF:11
LH:11
BRF:0
BRH:0
end_of_record
