TN:
SF:src/index.ts
FN:16,(anonymous_1)
FN:37,(anonymous_2)
FN:41,(anonymous_3)
FN:42,(anonymous_4)
FN:54,(anonymous_5)
FN:57,(anonymous_6)
FN:68,(anonymous_7)
FN:69,(anonymous_8)
FNF:8
FNH:7
FNDA:86,(anonymous_1)
FNDA:4,(anonymous_2)
FNDA:9,(anonymous_3)
FNDA:9,(anonymous_4)
FNDA:6,(anonymous_5)
FNDA:1,(anonymous_6)
FNDA:0,(anonymous_7)
FNDA:6,(anonymous_8)
DA:1,7
DA:2,7
DA:3,7
DA:4,7
DA:5,7
DA:6,7
DA:7,7
DA:8,7
DA:9,7
DA:10,7
DA:12,7
DA:13,7
DA:14,7
DA:16,7
DA:17,86
DA:18,86
DA:19,86
DA:20,86
DA:24,7
DA:25,7
DA:26,7
DA:27,7
DA:28,7
DA:29,7
DA:30,7
DA:33,7
DA:34,7
DA:37,7
DA:38,4
DA:41,7
DA:42,9
DA:43,9
DA:44,9
DA:45,2
DA:46,2
DA:48,7
DA:49,7
DA:55,6
DA:58,1
DA:67,7
DA:68,7
DA:69,7
DA:71,9
DA:74,7
LF:44
LH:44
BRDA:44,0,0,2
BRDA:44,0,1,7
BRDA:48,1,0,7
BRDA:48,1,1,0
BRDA:62,2,0,1
BRDA:62,2,1,0
BRF:6
BRH:4
end_of_record
TN:
SF:src/swagger.ts
FN:6,(anonymous_1)
FN:393,(anonymous_2)
FN:396,(anonymous_3)
FNF:3
FNH:3
FNDA:7,(anonymous_1)
FNDA:7,(anonymous_2)
FNDA:1,(anonymous_3)
DA:2,7
DA:3,7
DA:4,7
DA:6,7
DA:7,7
DA:9,7
DA:11,7
DA:16,7
DA:307,7
DA:382,7
DA:393,7
DA:394,7
DA:396,7
DA:397,1
DA:398,1
DA:401,7
LF:16
LH:16
BRDA:7,0,0,7
BRDA:7,0,1,0
BRDA:9,1,0,7
BRDA:9,1,1,7
BRF:4
BRH:3
end_of_record
TN:
SF:src/controllers/authController.ts
FN:7,(anonymous_8)
FN:16,(anonymous_9)
FN:36,(anonymous_10)
FN:36,(anonymous_11)
FN:71,(anonymous_12)
FN:71,(anonymous_13)
FN:104,(anonymous_14)
FN:104,(anonymous_15)
FN:118,(anonymous_16)
FN:127,(anonymous_17)
FN:127,(anonymous_18)
FN:151,(anonymous_19)
FN:161,(anonymous_20)
FN:161,(anonymous_21)
FNF:14
FNH:14
FNDA:20,(anonymous_8)
FNDA:6,(anonymous_9)
FNDA:4,(anonymous_10)
FNDA:4,(anonymous_11)
FNDA:6,(anonymous_12)
FNDA:6,(anonymous_13)
FNDA:4,(anonymous_14)
FNDA:4,(anonymous_15)
FNDA:2,(anonymous_16)
FNDA:5,(anonymous_17)
FNDA:5,(anonymous_18)
FNDA:2,(anonymous_19)
FNDA:7,(anonymous_20)
FNDA:7,(anonymous_21)
DA:2,7
DA:3,7
DA:4,7
DA:5,7
DA:7,7
DA:8,20
DA:16,7
DA:17,6
DA:18,6
DA:19,1
DA:20,1
DA:23,5
DA:24,5
DA:26,5
DA:29,5
DA:30,5
DA:33,5
DA:36,7
DA:37,4
DA:38,4
DA:39,4
DA:41,4
DA:42,1
DA:46,3
DA:47,1
DA:54,2
DA:55,2
DA:56,2
DA:57,2
DA:62,2
DA:63,1
DA:64,1
DA:65,1
DA:67,1
DA:71,7
DA:72,6
DA:73,6
DA:75,6
DA:76,1
DA:79,5
DA:80,5
DA:81,4
DA:82,1
DA:86,3
DA:87,1
DA:90,2
DA:91,2
DA:92,1
DA:95,1
DA:96,1
DA:97,1
DA:98,1
DA:100,1
DA:104,7
DA:105,4
DA:107,4
DA:108,1
DA:111,3
DA:112,3
DA:113,3
DA:114,2
DA:115,1
DA:117,1
DA:118,2
DA:120,1
DA:121,1
DA:123,1
DA:127,7
DA:128,5
DA:130,5
DA:131,1
DA:134,4
DA:136,4
DA:137,4
DA:138,3
DA:139,3
DA:140,1
DA:142,2
DA:143,1
DA:144,1
DA:145,1
DA:146,1
DA:148,1
DA:150,1
DA:151,2
DA:153,1
DA:154,1
DA:155,1
DA:157,1
DA:161,7
DA:162,7
DA:164,7
DA:165,1
DA:168,6
DA:169,6
DA:170,1
DA:171,1
DA:174,5
DA:175,5
DA:176,5
DA:181,4
DA:182,4
DA:183,1
DA:186,3
DA:188,3
DA:189,1
DA:193,2
DA:195,2
DA:197,1
DA:198,1
DA:199,1
DA:200,1
DA:204,1
DA:207,1
DA:208,1
DA:209,1
DA:210,1
DA:211,1
DA:214,1
DA:222,2
DA:223,2
DA:224,2
DA:226,2
DA:236,1
DA:237,1
DA:241,7
LF:126
LH:126
BRDA:17,0,0,6
BRDA:17,0,1,1
BRDA:18,1,0,1
BRDA:18,1,1,5
BRDA:23,2,0,5
BRDA:23,2,1,0
BRDA:27,3,0,5
BRDA:27,3,1,0
BRDA:41,4,0,1
BRDA:41,4,1,3
BRDA:41,5,0,4
BRDA:41,5,1,4
BRDA:41,5,2,4
BRDA:46,6,0,1
BRDA:46,6,1,2
BRDA:75,7,0,1
BRDA:75,7,1,5
BRDA:75,8,0,6
BRDA:75,8,1,6
BRDA:81,9,0,1
BRDA:81,9,1,3
BRDA:86,10,0,1
BRDA:86,10,1,2
BRDA:91,11,0,1
BRDA:91,11,1,1
BRDA:107,12,0,1
BRDA:107,12,1,3
BRDA:114,13,0,1
BRDA:114,13,1,1
BRDA:130,14,0,1
BRDA:130,14,1,4
BRDA:134,15,0,4
BRDA:134,15,1,0
BRDA:139,16,0,1
BRDA:139,16,1,2
BRDA:142,17,0,1
BRDA:142,17,1,1
BRDA:164,18,0,1
BRDA:164,18,1,6
BRDA:169,19,0,1
BRDA:169,19,1,5
BRDA:182,20,0,1
BRDA:182,20,1,3
BRDA:188,21,0,1
BRDA:188,21,1,2
BRDA:195,22,0,1
BRDA:195,22,1,1
BRDA:197,23,0,1
BRDA:197,23,1,0
BRDA:199,24,0,1
BRDA:199,24,1,0
BRDA:204,25,0,1
BRDA:204,25,1,0
BRDA:204,26,0,0
BRDA:204,26,1,1
BRDA:204,27,0,1
BRDA:204,27,1,1
BRF:57
BRH:50
end_of_record
TN:
SF:src/controllers/baseController.ts
FN:6,(anonymous_7)
FN:10,(anonymous_8)
FN:25,(anonymous_10)
FN:42,(anonymous_12)
FN:58,(anonymous_14)
FN:74,(anonymous_16)
FNF:6
FNH:6
FNDA:39,(anonymous_7)
FNDA:5,(anonymous_8)
FNDA:3,(anonymous_10)
FNDA:12,(anonymous_12)
FNDA:11,(anonymous_14)
FNDA:14,(anonymous_16)
DA:7,39
DA:11,5
DA:12,5
DA:13,3
DA:14,1
DA:16,2
DA:17,2
DA:20,2
DA:21,2
DA:26,3
DA:27,3
DA:28,3
DA:29,3
DA:30,1
DA:31,1
DA:33,0
DA:36,2
DA:37,2
DA:43,12
DA:44,12
DA:45,3
DA:47,12
DA:48,12
DA:49,12
DA:50,12
DA:51,10
DA:53,2
DA:54,2
DA:59,11
DA:60,11
DA:61,11
DA:62,7
DA:63,2
DA:64,2
DA:66,5
DA:67,5
DA:69,4
DA:70,4
DA:75,14
DA:76,14
DA:77,14
DA:78,14
DA:81,10
DA:83,4
DA:84,4
DA:89,9
LF:46
LH:45
BRDA:12,0,0,3
BRDA:12,0,1,2
BRDA:30,1,0,1
BRDA:30,1,1,0
BRDA:44,2,0,3
BRDA:44,2,1,9
BRDA:62,3,0,2
BRDA:62,3,1,5
BRF:8
BRH:7
end_of_record
TN:
SF:src/controllers/commentsController.ts
FN:7,(anonymous_8)
FN:13,(anonymous_9)
FN:27,(anonymous_11)
FN:37,(anonymous_14)
FN:77,(anonymous_17)
FNF:5
FNH:5
FNDA:8,(anonymous_8)
FNDA:3,(anonymous_9)
FNDA:2,(anonymous_11)
FNDA:7,(anonymous_14)
FNDA:5,(anonymous_17)
DA:1,8
DA:3,8
DA:8,8
DA:14,3
DA:15,3
DA:16,3
DA:19,2
DA:21,1
DA:22,1
DA:28,2
DA:29,2
DA:30,2
DA:32,2
DA:33,2
DA:38,7
DA:39,7
DA:40,7
DA:41,7
DA:42,6
DA:43,1
DA:44,1
DA:47,5
DA:48,1
DA:51,1
DA:54,4
DA:60,2
DA:65,2
DA:67,2
DA:68,2
DA:69,2
DA:71,1
DA:72,1
DA:78,5
DA:79,5
DA:80,5
DA:81,5
DA:82,4
DA:83,1
DA:84,1
DA:87,3
DA:88,1
DA:91,1
DA:93,2
DA:94,2
DA:95,2
DA:97,1
DA:98,1
DA:103,8
LF:48
LH:48
BRDA:29,0,0,2
BRDA:29,0,1,0
BRDA:42,1,0,1
BRDA:42,1,1,5
BRDA:47,2,0,1
BRDA:47,2,1,4
BRDA:47,3,0,5
BRDA:47,3,1,5
BRDA:54,4,0,2
BRDA:54,4,1,2
BRDA:55,5,0,4
BRDA:55,5,1,1
BRDA:55,5,2,3
BRDA:55,5,3,1
BRDA:55,5,4,2
BRDA:55,5,5,0
BRDA:82,6,0,1
BRDA:82,6,1,3
BRDA:87,7,0,1
BRDA:87,7,1,2
BRDA:87,8,0,3
BRDA:87,8,1,3
BRF:22
BRH:20
end_of_record
TN:
SF:src/controllers/likesController.ts
FN:7,(anonymous_8)
FN:12,(anonymous_9)
FN:24,(anonymous_11)
FN:35,(anonymous_14)
FNF:4
FNH:4
FNDA:8,(anonymous_8)
FNDA:4,(anonymous_9)
FNDA:1,(anonymous_11)
FNDA:5,(anonymous_14)
DA:1,8
DA:3,8
DA:8,8
DA:13,4
DA:14,4
DA:15,4
DA:16,3
DA:18,1
DA:19,1
DA:25,1
DA:26,1
DA:27,1
DA:28,1
DA:30,1
DA:31,1
DA:36,5
DA:37,5
DA:38,5
DA:42,4
DA:43,2
DA:44,2
DA:46,2
DA:47,2
DA:48,2
DA:50,1
DA:51,1
DA:56,8
LF:27
LH:27
BRDA:26,0,0,0
BRDA:26,0,1,1
BRDA:27,1,0,1
BRDA:27,1,1,0
BRDA:40,2,0,0
BRDA:40,2,1,5
BRDA:40,3,0,5
BRDA:40,3,1,5
BRDA:42,4,0,2
BRDA:42,4,1,2
BRF:10
BRH:7
end_of_record
TN:
SF:src/controllers/postsController.ts
FN:13,(anonymous_8)
FN:18,(anonymous_9)
FN:48,(anonymous_11)
FN:64,(anonymous_13)
FN:80,(anonymous_16)
FN:124,(anonymous_18)
FN:153,(anonymous_20)
FNF:7
FNH:7
FNDA:7,(anonymous_8)
FNDA:1,(anonymous_9)
FNDA:2,(anonymous_11)
FNDA:4,(anonymous_13)
FNDA:8,(anonymous_16)
FNDA:4,(anonymous_18)
FNDA:2,(anonymous_20)
DA:2,7
DA:3,7
DA:5,7
DA:14,7
DA:19,1
DA:20,1
DA:21,1
DA:22,1
DA:23,1
DA:25,1
DA:35,1
DA:42,0
DA:43,0
DA:49,2
DA:50,2
DA:51,2
DA:54,2
DA:55,1
DA:57,1
DA:59,0
DA:60,0
DA:65,4
DA:66,4
DA:68,4
DA:69,2
DA:71,4
DA:72,0
DA:73,0
DA:76,4
DA:77,4
DA:81,8
DA:82,8
DA:83,8
DA:84,7
DA:85,1
DA:86,1
DA:88,6
DA:89,1
DA:90,1
DA:92,5
DA:93,1
DA:94,1
DA:96,4
DA:97,1
DA:98,1
DA:101,3
DA:102,3
DA:103,1
DA:106,3
DA:109,3
DA:110,0
DA:111,0
DA:114,3
DA:115,1
DA:117,3
DA:119,1
DA:120,1
DA:125,4
DA:126,4
DA:127,4
DA:128,4
DA:129,1
DA:130,1
DA:132,3
DA:133,2
DA:134,2
DA:135,0
DA:136,0
DA:138,2
DA:139,2
DA:140,2
DA:142,1
DA:143,1
DA:144,1
DA:145,1
DA:148,0
DA:149,0
DA:154,2
DA:155,2
DA:156,2
DA:157,2
DA:159,0
DA:160,0
DA:165,7
LF:84
LH:70
BRDA:20,0,0,1
BRDA:20,0,1,1
BRDA:21,1,0,1
BRDA:21,1,1,1
BRDA:22,2,0,1
BRDA:22,2,1,1
BRDA:54,3,0,1
BRDA:54,3,1,1
BRDA:65,4,0,4
BRDA:65,4,1,0
BRDA:68,5,0,2
BRDA:68,5,1,2
BRDA:68,6,0,2
BRDA:68,6,1,2
BRDA:68,7,0,4
BRDA:68,7,1,4
BRDA:71,8,0,0
BRDA:71,8,1,4
BRDA:84,9,0,1
BRDA:84,9,1,6
BRDA:88,10,0,1
BRDA:88,10,1,5
BRDA:88,11,0,6
BRDA:88,11,1,1
BRDA:92,12,0,1
BRDA:92,12,1,4
BRDA:96,13,0,1
BRDA:96,13,1,3
BRDA:96,14,0,4
BRDA:96,14,1,4
BRDA:102,15,0,1
BRDA:102,15,1,2
BRDA:102,16,0,2
BRDA:102,16,1,1
BRDA:102,17,0,3
BRDA:102,17,1,3
BRDA:109,18,0,0
BRDA:109,18,1,3
BRDA:114,19,0,1
BRDA:114,19,1,2
BRDA:114,20,0,3
BRDA:114,20,1,1
BRDA:114,20,2,1
BRDA:114,21,0,2
BRDA:114,21,1,1
BRDA:114,22,0,3
BRDA:114,22,1,3
BRDA:128,23,0,1
BRDA:128,23,1,3
BRDA:132,24,0,2
BRDA:132,24,1,1
BRDA:132,25,0,3
BRDA:132,25,1,3
BRDA:134,26,0,0
BRDA:134,26,1,2
BRDA:143,27,0,0
BRDA:143,27,1,1
BRDA:143,28,0,1
BRDA:143,28,1,1
BRF:59
BRH:54
end_of_record
TN:
SF:src/controllers/usersController.ts
FN:14,(anonymous_8)
FN:23,(anonymous_9)
FN:24,(anonymous_10)
FN:26,(anonymous_11)
FN:37,(anonymous_12)
FN:41,(anonymous_13)
FN:51,(anonymous_15)
FN:64,(anonymous_17)
FN:95,(anonymous_19)
FN:149,(anonymous_21)
FNF:10
FNH:8
FNDA:8,(anonymous_8)
FNDA:11,(anonymous_9)
FNDA:29,(anonymous_10)
FNDA:9,(anonymous_11)
FNDA:7,(anonymous_12)
FNDA:0,(anonymous_13)
FNDA:0,(anonymous_15)
FNDA:10,(anonymous_17)
FNDA:2,(anonymous_19)
FNDA:2,(anonymous_21)
DA:2,7
DA:3,7
DA:5,7
DA:13,7
DA:14,7
DA:15,8
DA:16,8
DA:17,8
DA:18,8
DA:21,7
DA:23,7
DA:24,29
DA:26,7
DA:27,9
DA:28,9
DA:29,9
DA:30,36
DA:31,21
DA:34,9
DA:37,7
DA:38,7
DA:42,0
DA:43,0
DA:44,0
DA:46,0
DA:47,0
DA:52,0
DA:53,0
DA:54,0
DA:55,0
DA:57,0
DA:59,0
DA:60,0
DA:65,10
DA:66,10
DA:67,2
DA:69,8
DA:70,8
DA:71,5
DA:74,8
DA:75,1
DA:77,7
DA:78,1
DA:81,6
DA:82,6
DA:84,6
DA:85,6
DA:87,0
DA:88,0
DA:89,0
DA:91,0
DA:96,2
DA:97,2
DA:98,2
DA:99,2
DA:100,0
DA:102,2
DA:103,1
DA:106,1
DA:107,1
DA:108,0
DA:110,1
DA:111,1
DA:112,1
DA:114,1
DA:115,0
DA:118,1
DA:119,0
DA:120,0
DA:123,1
DA:127,1
DA:128,0
DA:131,1
DA:136,1
DA:139,1
DA:141,0
DA:142,0
DA:143,0
DA:145,0
DA:150,2
DA:151,2
DA:152,2
DA:153,2
DA:154,0
DA:156,2
DA:157,1
DA:160,1
DA:161,1
DA:162,0
DA:165,1
DA:166,1
DA:168,0
DA:169,0
DA:174,7
LF:94
LH:64
BRDA:15,0,0,8
BRDA:15,0,1,0
BRDA:15,1,0,0
BRDA:15,1,1,8
BRDA:15,2,0,8
BRDA:15,2,1,8
BRDA:24,3,0,11
BRDA:24,3,1,0
BRDA:30,4,0,21
BRDA:30,4,1,15
BRDA:54,5,0,0
BRDA:54,5,1,0
BRDA:66,6,0,2
BRDA:66,6,1,8
BRDA:70,7,0,5
BRDA:70,7,1,3
BRDA:70,8,0,3
BRDA:70,8,1,5
BRDA:70,9,0,8
BRDA:70,9,1,8
BRDA:74,10,0,1
BRDA:74,10,1,7
BRDA:74,11,0,8
BRDA:74,11,1,7
BRDA:74,11,2,7
BRDA:77,12,0,1
BRDA:77,12,1,6
BRDA:88,13,0,0
BRDA:88,13,1,0
BRDA:88,14,0,0
BRDA:88,14,1,0
BRDA:88,15,0,0
BRDA:88,15,1,0
BRDA:99,16,0,0
BRDA:99,16,1,2
BRDA:102,17,0,1
BRDA:102,17,1,1
BRDA:102,18,0,2
BRDA:102,18,1,2
BRDA:107,19,0,0
BRDA:107,19,1,1
BRDA:111,20,0,1
BRDA:111,20,1,0
BRDA:111,21,0,0
BRDA:111,21,1,1
BRDA:111,22,0,1
BRDA:111,22,1,1
BRDA:114,23,0,0
BRDA:114,23,1,1
BRDA:114,24,0,1
BRDA:114,24,1,0
BRDA:118,25,0,0
BRDA:118,25,1,1
BRDA:127,26,0,0
BRDA:127,26,1,1
BRDA:131,27,0,1
BRDA:131,27,1,0
BRDA:132,28,0,1
BRDA:132,28,1,1
BRDA:132,28,2,1
BRDA:132,29,0,0
BRDA:132,29,1,1
BRDA:132,30,0,1
BRDA:132,30,1,1
BRDA:142,31,0,0
BRDA:142,31,1,0
BRDA:142,32,0,0
BRDA:142,32,1,0
BRDA:142,33,0,0
BRDA:142,33,1,0
BRDA:153,34,0,0
BRDA:153,34,1,2
BRDA:156,35,0,1
BRDA:156,35,1,1
BRDA:156,36,0,2
BRDA:156,36,1,2
BRDA:161,37,0,0
BRDA:161,37,1,1
BRF:78
BRH:49
end_of_record
TN:
SF:src/middleware/authMiddleware.ts
FN:7,(anonymous_1)
FNF:1
FNH:1
FNDA:41,(anonymous_1)
DA:2,7
DA:7,7
DA:12,41
DA:13,41
DA:14,7
DA:20,34
DA:21,34
DA:22,1
DA:24,33
DA:25,33
DA:26,33
DA:27,32
DA:28,32
DA:30,1
LF:14
LH:14
BRDA:13,0,0,7
BRDA:13,0,1,34
BRDA:13,1,0,41
BRDA:13,1,1,35
BRDA:21,2,0,1
BRDA:21,2,1,33
BRDA:24,3,0,33
BRDA:24,3,1,0
BRF:8
BRH:7
end_of_record
TN:
SF:src/middleware/uploadMiddleware.ts
FN:11,(anonymous_8)
FN:19,(anonymous_9)
FN:23,(anonymous_10)
FN:26,(anonymous_11)
FN:63,(anonymous_12)
FN:74,(anonymous_13)
FN:79,(anonymous_14)
FN:87,(anonymous_15)
FN:90,(anonymous_16)
FN:103,(anonymous_17)
FN:105,(anonymous_18)
FNF:11
FNH:11
FNDA:18,(anonymous_8)
FNDA:18,(anonymous_9)
FNDA:18,(anonymous_10)
FNDA:18,(anonymous_11)
FNDA:7,(anonymous_12)
FNDA:13,(anonymous_13)
FNDA:13,(anonymous_14)
FNDA:18,(anonymous_15)
FNDA:12,(anonymous_16)
FNDA:12,(anonymous_17)
FNDA:12,(anonymous_18)
DA:1,8
DA:2,8
DA:3,8
DA:6,8
DA:8,8
DA:9,8
DA:11,8
DA:12,18
DA:16,18
DA:19,8
DA:20,18
DA:22,8
DA:24,18
DA:27,18
DA:29,18
DA:30,18
DA:33,18
DA:35,18
DA:37,18
DA:38,18
DA:40,18
DA:42,18
DA:48,18
DA:49,18
DA:50,10
DA:52,18
DA:54,18
DA:55,18
DA:59,8
DA:61,8
DA:64,7
DA:65,6
DA:66,6
DA:68,1
DA:72,8
DA:74,8
DA:79,13
DA:80,13
DA:81,1
DA:83,12
DA:87,8
DA:88,18
DA:90,8
DA:91,12
DA:92,12
DA:93,12
DA:94,12
DA:95,1
DA:97,11
DA:99,0
DA:103,8
DA:105,12
DA:106,12
DA:107,12
DA:108,12
DA:110,11
DA:111,11
DA:113,11
DA:114,11
DA:116,4
DA:117,0
LF:61
LH:59
BRDA:16,0,0,18
BRDA:16,0,1,0
BRDA:29,1,0,18
BRDA:29,1,1,17
BRDA:30,2,0,17
BRDA:30,2,1,1
BRDA:33,3,0,17
BRDA:33,3,1,1
BRDA:37,4,0,11
BRDA:37,4,1,7
BRDA:37,5,0,0
BRDA:37,5,1,18
BRDA:37,6,0,18
BRDA:37,6,1,18
BRDA:49,7,0,10
BRDA:49,7,1,8
BRDA:54,8,0,17
BRDA:54,8,1,1
BRDA:64,9,0,6
BRDA:64,9,1,1
BRDA:80,10,0,1
BRDA:80,10,1,12
BRDA:81,11,0,1
BRDA:81,11,1,0
BRDA:94,12,0,1
BRDA:94,12,1,11
BRDA:106,13,0,0
BRDA:106,13,1,12
BRDA:108,14,0,1
BRDA:108,14,1,11
BRDA:111,15,0,0
BRDA:111,15,1,11
BRDA:116,16,0,0
BRDA:116,16,1,4
BRDA:116,17,0,0
BRDA:116,17,1,4
BRDA:116,18,0,4
BRDA:116,18,1,4
BRF:38
BRH:31
end_of_record
TN:
SF:src/models/commentsModel.ts
FNF:0
FNH:0
DA:1,8
DA:3,8
DA:24,8
LF:3
LH:3
BRF:0
BRH:0
end_of_record
TN:
SF:src/models/likesModel.ts
FNF:0
FNH:0
DA:1,8
DA:3,8
DA:20,8
LF:3
LH:3
BRF:0
BRH:0
end_of_record
TN:
SF:src/models/postsModel.ts
FNF:0
FNH:0
DA:1,7
DA:3,7
DA:27,7
LF:3
LH:3
BRF:0
BRH:0
end_of_record
TN:
SF:src/models/usersModel.ts
FNF:0
FNH:0
DA:1,7
DA:3,7
DA:39,7
LF:3
LH:3
BRF:0
BRH:0
end_of_record
TN:
SF:src/routes/authRoute.ts
FNF:0
FNH:0
DA:1,7
DA:2,7
DA:4,7
DA:34,7
DA:70,7
DA:106,7
DA:146,7
DA:180,7
DA:182,7
LF:9
LH:9
BRF:0
BRH:0
end_of_record
TN:
SF:src/routes/commentsRoute.ts
FNF:0
FNH:0
DA:1,7
DA:2,7
DA:3,7
DA:5,7
DA:33,7
DA:69,7
DA:117,7
DA:157,7
DA:159,7
LF:9
LH:9
BRF:0
BRH:0
end_of_record
TN:
SF:src/routes/likesRoute.ts
FNF:0
FNH:0
DA:1,7
DA:2,7
DA:3,7
DA:5,7
DA:33,7
DA:63,7
DA:96,7
DA:98,7
LF:8
LH:8
BRF:0
BRH:0
end_of_record
TN:
SF:src/routes/multerRoute.ts
FN:38,(anonymous_1)
FNF:1
FNH:1
FNDA:9,(anonymous_1)
DA:1,8
DA:2,8
DA:4,8
DA:38,8
DA:39,9
DA:40,9
DA:41,0
DA:43,9
DA:44,9
DA:45,9
DA:48,8
LF:11
LH:10
BRDA:39,0,0,0
BRDA:39,0,1,9
BRDA:39,1,0,9
BRDA:39,1,1,9
BRDA:40,2,0,0
BRDA:40,2,1,9
BRF:6
BRH:4
end_of_record
TN:
SF:src/routes/postsRoute.ts
FNF:0
FNH:0
DA:1,7
DA:2,7
DA:3,7
DA:4,7
DA:6,7
DA:52,7
DA:81,7
DA:109,7
DA:141,7
DA:191,7
DA:230,7
DA:232,7
LF:12
LH:12
BRF:0
BRH:0
end_of_record
TN:
SF:src/routes/usersRoute.ts
FNF:0
FNH:0
DA:1,7
DA:2,7
DA:3,7
DA:4,7
DA:6,7
DA:27,7
DA:55,7
DA:85,7
DA:130,7
DA:169,7
DA:171,7
LF:11
LH:11
BRF:0
BRH:0
end_of_record
