{"/Users/liron_dabach/Documents/לימודים/שנה ג׳/נושאים מתקדמים באפליקציות אינטרנטיות/Project/Aura/src/index.ts": {"path":"/Users/liron_dabach/Documents/לימודים/שנה ג׳/נושאים מתקדמים באפליקציות אינטרנטיות/Project/Aura/src/index.ts","statementMap":{"0":{"start":{"line":1,"column":0},"end":{"line":1,"column":43}},"1":{"start":{"line":2,"column":0},"end":{"line":2,"column":32}},"2":{"start":{"line":3,"column":0},"end":{"line":3,"column":45}},"3":{"start":{"line":4,"column":0},"end":{"line":4,"column":51}},"4":{"start":{"line":5,"column":0},"end":{"line":5,"column":43}},"5":{"start":{"line":6,"column":0},"end":{"line":6,"column":28}},"6":{"start":{"line":7,"column":0},"end":{"line":7,"column":41}},"7":{"start":{"line":10,"column":0},"end":{"line":10,"column":36}},"8":{"start":{"line":12,"column":12},"end":{"line":12,"column":21}},"9":{"start":{"line":13,"column":0},"end":{"line":13,"column":24}},"10":{"start":{"line":14,"column":0},"end":{"line":14,"column":18}},"11":{"start":{"line":17,"column":0},"end":{"line":17,"column":29}},"12":{"start":{"line":18,"column":0},"end":{"line":18,"column":35}},"13":{"start":{"line":19,"column":0},"end":{"line":19,"column":28}},"14":{"start":{"line":21,"column":16},"end":{"line":41,"column":1}},"15":{"start":{"line":22,"column":13},"end":{"line":39,"column":4}},"16":{"start":{"line":23,"column":18},"end":{"line":23,"column":42}},"17":{"start":{"line":24,"column":4},"end":{"line":27,"column":5}},"18":{"start":{"line":25,"column":6},"end":{"line":25,"column":42}},"19":{"start":{"line":26,"column":6},"end":{"line":26,"column":13}},"20":{"start":{"line":28,"column":4},"end":{"line":35,"column":9}},"21":{"start":{"line":31,"column":8},"end":{"line":31,"column":21}},"22":{"start":{"line":34,"column":8},"end":{"line":34,"column":22}},"23":{"start":{"line":36,"column":15},"end":{"line":36,"column":34}},"24":{"start":{"line":37,"column":4},"end":{"line":37,"column":52}},"25":{"start":{"line":37,"column":30},"end":{"line":37,"column":50}},"26":{"start":{"line":38,"column":4},"end":{"line":38,"column":64}},"27":{"start":{"line":38,"column":26},"end":{"line":38,"column":62}},"28":{"start":{"line":40,"column":2},"end":{"line":40,"column":12}},"29":{"start":{"line":43,"column":0},"end":{"line":43,"column":23}}},"fnMap":{"0":{"name":"(anonymous_1)","decl":{"start":{"line":21,"column":16},"end":{"line":21,"column":19}},"loc":{"start":{"line":21,"column":21},"end":{"line":41,"column":1}}},"1":{"name":"(anonymous_2)","decl":{"start":{"line":22,"column":34},"end":{"line":22,"column":35}},"loc":{"start":{"line":22,"column":54},"end":{"line":39,"column":3}}},"2":{"name":"(anonymous_3)","decl":{"start":{"line":30,"column":12},"end":{"line":30,"column":15}},"loc":{"start":{"line":30,"column":17},"end":{"line":32,"column":7}}},"3":{"name":"(anonymous_4)","decl":{"start":{"line":33,"column":13},"end":{"line":33,"column":14}},"loc":{"start":{"line":33,"column":23},"end":{"line":35,"column":7}}},"4":{"name":"(anonymous_5)","decl":{"start":{"line":37,"column":19},"end":{"line":37,"column":20}},"loc":{"start":{"line":37,"column":30},"end":{"line":37,"column":50}}},"5":{"name":"(anonymous_6)","decl":{"start":{"line":38,"column":20},"end":{"line":38,"column":23}},"loc":{"start":{"line":38,"column":26},"end":{"line":38,"column":62}}}},"branchMap":{"0":{"loc":{"start":{"line":24,"column":4},"end":{"line":27,"column":5}},"type":"if","locations":[{"start":{"line":24,"column":4},"end":{"line":27,"column":5}},{"start":{},"end":{}}]}},"s":{"0":5,"1":5,"2":5,"3":5,"4":5,"5":5,"6":5,"7":5,"8":5,"9":5,"10":5,"11":5,"12":5,"13":5,"14":5,"15":6,"16":6,"17":6,"18":1,"19":1,"20":5,"21":5,"22":0,"23":5,"24":5,"25":0,"26":5,"27":5,"28":6,"29":5},"f":{"0":6,"1":6,"2":5,"3":0,"4":0,"5":5},"b":{"0":[1,5]}}
,"/Users/liron_dabach/Documents/לימודים/שנה ג׳/נושאים מתקדמים באפליקציות אינטרנטיות/Project/Aura/src/swagger.ts": {"path":"/Users/liron_dabach/Documents/לימודים/שנה ג׳/נושאים מתקדמים באפליקציות אינטרנטיות/Project/Aura/src/swagger.ts","statementMap":{"0":{"start":{"line":2,"column":0},"end":{"line":2,"column":43}},"1":{"start":{"line":3,"column":0},"end":{"line":3,"column":41}},"2":{"start":{"line":4,"column":0},"end":{"line":4,"column":24}},"3":{"start":{"line":6,"column":25},"end":{"line":149,"column":1}},"4":{"start":{"line":7,"column":15},"end":{"line":7,"column":41}},"5":{"start":{"line":9,"column":4},"end":{"line":9,"column":64}},"6":{"start":{"line":11,"column":15},"end":{"line":14,"column":4}},"7":{"start":{"line":16,"column":2},"end":{"line":148,"column":5}},"8":{"start":{"line":151,"column":18},"end":{"line":224,"column":2}},"9":{"start":{"line":226,"column":18},"end":{"line":235,"column":2}},"10":{"start":{"line":237,"column":28},"end":{"line":246,"column":1}},"11":{"start":{"line":238,"column":15},"end":{"line":238,"column":33}},"12":{"start":{"line":240,"column":2},"end":{"line":243,"column":5}},"13":{"start":{"line":241,"column":4},"end":{"line":241,"column":54}},"14":{"start":{"line":242,"column":4},"end":{"line":242,"column":31}},"15":{"start":{"line":245,"column":2},"end":{"line":245,"column":74}},"16":{"start":{"line":237,"column":13},"end":{"line":237,"column":28}}},"fnMap":{"0":{"name":"(anonymous_1)","decl":{"start":{"line":6,"column":25},"end":{"line":6,"column":28}},"loc":{"start":{"line":6,"column":30},"end":{"line":149,"column":1}}},"1":{"name":"(anonymous_2)","decl":{"start":{"line":237,"column":28},"end":{"line":237,"column":29}},"loc":{"start":{"line":237,"column":45},"end":{"line":246,"column":1}}},"2":{"name":"(anonymous_3)","decl":{"start":{"line":240,"column":28},"end":{"line":240,"column":29}},"loc":{"start":{"line":240,"column":61},"end":{"line":243,"column":3}}}},"branchMap":{"0":{"loc":{"start":{"line":7,"column":15},"end":{"line":7,"column":41}},"type":"binary-expr","locations":[{"start":{"line":7,"column":15},"end":{"line":7,"column":31}},{"start":{"line":7,"column":35},"end":{"line":7,"column":41}}]},"1":{"loc":{"start":{"line":9,"column":4},"end":{"line":9,"column":64}},"type":"binary-expr","locations":[{"start":{"line":9,"column":4},"end":{"line":9,"column":34}},{"start":{"line":9,"column":38},"end":{"line":9,"column":64}}]}},"s":{"0":5,"1":5,"2":5,"3":5,"4":5,"5":5,"6":5,"7":5,"8":5,"9":5,"10":5,"11":5,"12":5,"13":1,"14":1,"15":5,"16":5},"f":{"0":5,"1":5,"2":1},"b":{"0":[5,0],"1":[5,5]}}
,"/Users/liron_dabach/Documents/לימודים/שנה ג׳/נושאים מתקדמים באפליקציות אינטרנטיות/Project/Aura/src/controllers/authController.ts": {"path":"/Users/liron_dabach/Documents/לימודים/שנה ג׳/נושאים מתקדמים באפליקציות אינטרנטיות/Project/Aura/src/controllers/authController.ts","statementMap":{"0":{"start":{"line":2,"column":0},"end":{"line":2,"column":28}},"1":{"start":{"line":3,"column":0},"end":{"line":3,"column":40}},"2":{"start":{"line":4,"column":0},"end":{"line":4,"column":31}},"3":{"start":{"line":6,"column":18},"end":{"line":8,"column":1}},"4":{"start":{"line":7,"column":2},"end":{"line":7,"column":37}},"5":{"start":{"line":15,"column":22},"end":{"line":33,"column":1}},"6":{"start":{"line":16,"column":17},"end":{"line":16,"column":59}},"7":{"start":{"line":17,"column":2},"end":{"line":20,"column":3}},"8":{"start":{"line":18,"column":4},"end":{"line":18,"column":60}},"9":{"start":{"line":19,"column":4},"end":{"line":19,"column":20}},"10":{"start":{"line":22,"column":20},"end":{"line":22,"column":66}},"11":{"start":{"line":23,"column":16},"end":{"line":23,"column":75}},"12":{"start":{"line":25,"column":27},"end":{"line":26,"column":null}},"13":{"start":{"line":28,"column":15},"end":{"line":28,"column":47}},"14":{"start":{"line":29,"column":23},"end":{"line":31,"column":4}},"15":{"start":{"line":32,"column":2},"end":{"line":32,"column":33}},"16":{"start":{"line":35,"column":17},"end":{"line":59,"column":2}},"17":{"start":{"line":35,"column":55},"end":{"line":59,"column":2}},"18":{"start":{"line":36,"column":19},"end":{"line":36,"column":36}},"19":{"start":{"line":37,"column":16},"end":{"line":37,"column":30}},"20":{"start":{"line":38,"column":19},"end":{"line":38,"column":36}},"21":{"start":{"line":40,"column":2},"end":{"line":42,"column":3}},"22":{"start":{"line":41,"column":4},"end":{"line":41,"column":76}},"23":{"start":{"line":44,"column":2},"end":{"line":58,"column":3}},"24":{"start":{"line":45,"column":17},"end":{"line":45,"column":41}},"25":{"start":{"line":46,"column":27},"end":{"line":46,"column":60}},"26":{"start":{"line":47,"column":17},"end":{"line":51,"column":6}},"27":{"start":{"line":52,"column":19},"end":{"line":52,"column":53}},"28":{"start":{"line":53,"column":4},"end":{"line":53,"column":49}},"29":{"start":{"line":54,"column":4},"end":{"line":54,"column":22}},"30":{"start":{"line":55,"column":4},"end":{"line":55,"column":33}},"31":{"start":{"line":57,"column":4},"end":{"line":57,"column":56}},"32":{"start":{"line":61,"column":14},"end":{"line":87,"column":2}},"33":{"start":{"line":61,"column":52},"end":{"line":87,"column":2}},"34":{"start":{"line":62,"column":19},"end":{"line":62,"column":36}},"35":{"start":{"line":63,"column":16},"end":{"line":63,"column":30}},"36":{"start":{"line":64,"column":19},"end":{"line":64,"column":36}},"37":{"start":{"line":66,"column":2},"end":{"line":68,"column":3}},"38":{"start":{"line":67,"column":4},"end":{"line":67,"column":76}},"39":{"start":{"line":70,"column":2},"end":{"line":86,"column":3}},"40":{"start":{"line":71,"column":17},"end":{"line":71,"column":73}},"41":{"start":{"line":72,"column":4},"end":{"line":74,"column":5}},"42":{"start":{"line":73,"column":6},"end":{"line":73,"column":62}},"43":{"start":{"line":75,"column":20},"end":{"line":75,"column":65}},"44":{"start":{"line":76,"column":4},"end":{"line":78,"column":5}},"45":{"start":{"line":77,"column":6},"end":{"line":77,"column":53}},"46":{"start":{"line":80,"column":19},"end":{"line":80,"column":53}},"47":{"start":{"line":81,"column":4},"end":{"line":81,"column":49}},"48":{"start":{"line":82,"column":4},"end":{"line":82,"column":22}},"49":{"start":{"line":83,"column":4},"end":{"line":83,"column":33}},"50":{"start":{"line":85,"column":4},"end":{"line":85,"column":56}},"51":{"start":{"line":89,"column":15},"end":{"line":110,"column":2}},"52":{"start":{"line":89,"column":53},"end":{"line":110,"column":2}},"53":{"start":{"line":90,"column":23},"end":{"line":90,"column":44}},"54":{"start":{"line":92,"column":2},"end":{"line":94,"column":3}},"55":{"start":{"line":93,"column":4},"end":{"line":93,"column":60}},"56":{"start":{"line":96,"column":2},"end":{"line":109,"column":3}},"57":{"start":{"line":97,"column":20},"end":{"line":97,"column":63}},"58":{"start":{"line":98,"column":17},"end":{"line":98,"column":49}},"59":{"start":{"line":99,"column":4},"end":{"line":101,"column":5}},"60":{"start":{"line":100,"column":6},"end":{"line":100,"column":58}},"61":{"start":{"line":102,"column":4},"end":{"line":104,"column":6}},"62":{"start":{"line":103,"column":17},"end":{"line":103,"column":39}},"63":{"start":{"line":105,"column":4},"end":{"line":105,"column":22}},"64":{"start":{"line":106,"column":4},"end":{"line":106,"column":65}},"65":{"start":{"line":108,"column":4},"end":{"line":108,"column":56}},"66":{"start":{"line":112,"column":21},"end":{"line":144,"column":2}},"67":{"start":{"line":112,"column":59},"end":{"line":144,"column":2}},"68":{"start":{"line":113,"column":23},"end":{"line":113,"column":44}},"69":{"start":{"line":115,"column":2},"end":{"line":117,"column":3}},"70":{"start":{"line":116,"column":4},"end":{"line":116,"column":60}},"71":{"start":{"line":119,"column":17},"end":{"line":119,"column":59}},"72":{"start":{"line":121,"column":2},"end":{"line":143,"column":3}},"73":{"start":{"line":122,"column":20},"end":{"line":122,"column":71}},"74":{"start":{"line":123,"column":17},"end":{"line":123,"column":49}},"75":{"start":{"line":124,"column":4},"end":{"line":126,"column":5}},"76":{"start":{"line":125,"column":6},"end":{"line":125,"column":58}},"77":{"start":{"line":127,"column":4},"end":{"line":132,"column":5}},"78":{"start":{"line":128,"column":6},"end":{"line":128,"column":30}},"79":{"start":{"line":129,"column":6},"end":{"line":129,"column":24}},"80":{"start":{"line":130,"column":6},"end":{"line":130,"column":60}},"81":{"start":{"line":131,"column":6},"end":{"line":131,"column":58}},"82":{"start":{"line":133,"column":19},"end":{"line":133,"column":45}},"83":{"start":{"line":135,"column":4},"end":{"line":137,"column":6}},"84":{"start":{"line":136,"column":17},"end":{"line":136,"column":39}},"85":{"start":{"line":138,"column":4},"end":{"line":138,"column":49}},"86":{"start":{"line":139,"column":4},"end":{"line":139,"column":22}},"87":{"start":{"line":140,"column":4},"end":{"line":140,"column":33}},"88":{"start":{"line":142,"column":4},"end":{"line":142,"column":56}},"89":{"start":{"line":146,"column":0},"end":{"line":151,"column":2}}},"fnMap":{"0":{"name":"(anonymous_8)","decl":{"start":{"line":6,"column":18},"end":{"line":6,"column":19}},"loc":{"start":{"line":6,"column":67},"end":{"line":8,"column":1}}},"1":{"name":"(anonymous_9)","decl":{"start":{"line":15,"column":22},"end":{"line":15,"column":23}},"loc":{"start":{"line":15,"column":58},"end":{"line":33,"column":1}}},"2":{"name":"(anonymous_10)","decl":{"start":{"line":35,"column":17},"end":{"line":35,"column":24}},"loc":{"start":{"line":35,"column":55},"end":{"line":59,"column":2}}},"3":{"name":"(anonymous_11)","decl":{"start":{"line":35,"column":55},"end":{"line":35,"column":null}},"loc":{"start":{"line":35,"column":55},"end":{"line":59,"column":1}}},"4":{"name":"(anonymous_12)","decl":{"start":{"line":61,"column":14},"end":{"line":61,"column":21}},"loc":{"start":{"line":61,"column":52},"end":{"line":87,"column":2}}},"5":{"name":"(anonymous_13)","decl":{"start":{"line":61,"column":52},"end":{"line":61,"column":null}},"loc":{"start":{"line":61,"column":52},"end":{"line":87,"column":1}}},"6":{"name":"(anonymous_14)","decl":{"start":{"line":89,"column":15},"end":{"line":89,"column":22}},"loc":{"start":{"line":89,"column":53},"end":{"line":110,"column":2}}},"7":{"name":"(anonymous_15)","decl":{"start":{"line":89,"column":53},"end":{"line":89,"column":null}},"loc":{"start":{"line":89,"column":53},"end":{"line":110,"column":1}}},"8":{"name":"(anonymous_16)","decl":{"start":{"line":103,"column":6},"end":{"line":103,"column":7}},"loc":{"start":{"line":103,"column":17},"end":{"line":103,"column":39}}},"9":{"name":"(anonymous_17)","decl":{"start":{"line":112,"column":21},"end":{"line":112,"column":28}},"loc":{"start":{"line":112,"column":59},"end":{"line":144,"column":2}}},"10":{"name":"(anonymous_18)","decl":{"start":{"line":112,"column":59},"end":{"line":112,"column":null}},"loc":{"start":{"line":112,"column":59},"end":{"line":144,"column":1}}},"11":{"name":"(anonymous_19)","decl":{"start":{"line":136,"column":6},"end":{"line":136,"column":7}},"loc":{"start":{"line":136,"column":17},"end":{"line":136,"column":39}}}},"branchMap":{"0":{"loc":{"start":{"line":16,"column":17},"end":{"line":16,"column":59}},"type":"binary-expr","locations":[{"start":{"line":16,"column":17},"end":{"line":16,"column":39}},{"start":{"line":16,"column":43},"end":{"line":16,"column":59}}]},"1":{"loc":{"start":{"line":17,"column":2},"end":{"line":20,"column":3}},"type":"if","locations":[{"start":{"line":17,"column":2},"end":{"line":20,"column":3}},{"start":{},"end":{}}]},"2":{"loc":{"start":{"line":22,"column":29},"end":{"line":22,"column":65}},"type":"binary-expr","locations":[{"start":{"line":22,"column":29},"end":{"line":22,"column":55}},{"start":{"line":22,"column":59},"end":{"line":22,"column":65}}]},"3":{"loc":{"start":{"line":26,"column":4},"end":{"line":26,"column":50}},"type":"binary-expr","locations":[{"start":{"line":26,"column":4},"end":{"line":26,"column":40}},{"start":{"line":26,"column":44},"end":{"line":26,"column":50}}]},"4":{"loc":{"start":{"line":40,"column":2},"end":{"line":42,"column":3}},"type":"if","locations":[{"start":{"line":40,"column":2},"end":{"line":42,"column":3}},{"start":{},"end":{}}]},"5":{"loc":{"start":{"line":40,"column":6},"end":{"line":40,"column":38}},"type":"binary-expr","locations":[{"start":{"line":40,"column":6},"end":{"line":40,"column":15}},{"start":{"line":40,"column":19},"end":{"line":40,"column":25}},{"start":{"line":40,"column":29},"end":{"line":40,"column":38}}]},"6":{"loc":{"start":{"line":66,"column":2},"end":{"line":68,"column":3}},"type":"if","locations":[{"start":{"line":66,"column":2},"end":{"line":68,"column":3}},{"start":{},"end":{}}]},"7":{"loc":{"start":{"line":66,"column":6},"end":{"line":66,"column":38}},"type":"binary-expr","locations":[{"start":{"line":66,"column":6},"end":{"line":66,"column":15}},{"start":{"line":66,"column":19},"end":{"line":66,"column":25}},{"start":{"line":66,"column":29},"end":{"line":66,"column":38}}]},"8":{"loc":{"start":{"line":72,"column":4},"end":{"line":74,"column":5}},"type":"if","locations":[{"start":{"line":72,"column":4},"end":{"line":74,"column":5}},{"start":{},"end":{}}]},"9":{"loc":{"start":{"line":76,"column":4},"end":{"line":78,"column":5}},"type":"if","locations":[{"start":{"line":76,"column":4},"end":{"line":78,"column":5}},{"start":{},"end":{}}]},"10":{"loc":{"start":{"line":92,"column":2},"end":{"line":94,"column":3}},"type":"if","locations":[{"start":{"line":92,"column":2},"end":{"line":94,"column":3}},{"start":{},"end":{}}]},"11":{"loc":{"start":{"line":99,"column":4},"end":{"line":101,"column":5}},"type":"if","locations":[{"start":{"line":99,"column":4},"end":{"line":101,"column":5}},{"start":{},"end":{}}]},"12":{"loc":{"start":{"line":115,"column":2},"end":{"line":117,"column":3}},"type":"if","locations":[{"start":{"line":115,"column":2},"end":{"line":117,"column":3}},{"start":{},"end":{}}]},"13":{"loc":{"start":{"line":119,"column":17},"end":{"line":119,"column":59}},"type":"binary-expr","locations":[{"start":{"line":119,"column":17},"end":{"line":119,"column":39}},{"start":{"line":119,"column":43},"end":{"line":119,"column":59}}]},"14":{"loc":{"start":{"line":124,"column":4},"end":{"line":126,"column":5}},"type":"if","locations":[{"start":{"line":124,"column":4},"end":{"line":126,"column":5}},{"start":{},"end":{}}]},"15":{"loc":{"start":{"line":127,"column":4},"end":{"line":132,"column":5}},"type":"if","locations":[{"start":{"line":127,"column":4},"end":{"line":132,"column":5}},{"start":{},"end":{}}]}},"s":{"0":5,"1":5,"2":5,"3":5,"4":13,"5":5,"6":4,"7":4,"8":1,"9":1,"10":3,"11":3,"12":3,"13":3,"14":3,"15":3,"16":5,"17":3,"18":3,"19":3,"20":3,"21":3,"22":1,"23":2,"24":2,"25":2,"26":2,"27":2,"28":1,"29":1,"30":1,"31":1,"32":5,"33":5,"34":5,"35":5,"36":5,"37":5,"38":1,"39":4,"40":4,"41":3,"42":1,"43":2,"44":2,"45":1,"46":1,"47":1,"48":1,"49":1,"50":1,"51":5,"52":4,"53":4,"54":4,"55":1,"56":3,"57":3,"58":3,"59":2,"60":1,"61":1,"62":2,"63":1,"64":1,"65":1,"66":5,"67":5,"68":5,"69":5,"70":1,"71":4,"72":4,"73":4,"74":3,"75":3,"76":1,"77":2,"78":1,"79":1,"80":1,"81":1,"82":1,"83":1,"84":2,"85":1,"86":1,"87":1,"88":1,"89":5},"f":{"0":13,"1":4,"2":3,"3":3,"4":5,"5":5,"6":4,"7":4,"8":2,"9":5,"10":5,"11":2},"b":{"0":[4,1],"1":[1,3],"2":[3,0],"3":[3,0],"4":[1,2],"5":[3,3,3],"6":[1,4],"7":[5,5,5],"8":[1,2],"9":[1,1],"10":[1,3],"11":[1,1],"12":[1,4],"13":[4,0],"14":[1,2],"15":[1,1]}}
,"/Users/liron_dabach/Documents/לימודים/שנה ג׳/נושאים מתקדמים באפליקציות אינטרנטיות/Project/Aura/src/controllers/baseController.ts": {"path":"/Users/liron_dabach/Documents/לימודים/שנה ג׳/נושאים מתקדמים באפליקציות אינטרנטיות/Project/Aura/src/controllers/baseController.ts","statementMap":{"0":{"start":{"line":7,"column":4},"end":{"line":7,"column":23}},"1":{"start":{"line":11,"column":4},"end":{"line":11,"column":75}},"2":{"start":{"line":11,"column":41},"end":{"line":11,"column":73}},"3":{"start":{"line":11,"column":58},"end":{"line":11,"column":67}},"4":{"start":{"line":13,"column":4},"end":{"line":24,"column":5}},"5":{"start":{"line":14,"column":6},"end":{"line":20,"column":7}},"6":{"start":{"line":15,"column":27},"end":{"line":15,"column":59}},"7":{"start":{"line":16,"column":8},"end":{"line":16,"column":36}},"8":{"start":{"line":18,"column":21},"end":{"line":18,"column":44}},"9":{"start":{"line":19,"column":8},"end":{"line":19,"column":23}},"10":{"start":{"line":22,"column":6},"end":{"line":22,"column":25}},"11":{"start":{"line":23,"column":6},"end":{"line":23,"column":61}},"12":{"start":{"line":28,"column":15},"end":{"line":28,"column":28}},"13":{"start":{"line":29,"column":4},"end":{"line":29,"column":36}},"14":{"start":{"line":30,"column":4},"end":{"line":40,"column":5}},"15":{"start":{"line":31,"column":19},"end":{"line":31,"column":48}},"16":{"start":{"line":32,"column":6},"end":{"line":36,"column":7}},"17":{"start":{"line":33,"column":8},"end":{"line":33,"column":56}},"18":{"start":{"line":35,"column":8},"end":{"line":35,"column":23}},"19":{"start":{"line":38,"column":6},"end":{"line":38,"column":25}},"20":{"start":{"line":39,"column":6},"end":{"line":39,"column":65}},"21":{"start":{"line":44,"column":21},"end":{"line":44,"column":29}},"22":{"start":{"line":45,"column":4},"end":{"line":45,"column":26}},"23":{"start":{"line":46,"column":4},"end":{"line":52,"column":5}},"24":{"start":{"line":47,"column":19},"end":{"line":47,"column":52}},"25":{"start":{"line":48,"column":6},"end":{"line":48,"column":33}},"26":{"start":{"line":50,"column":6},"end":{"line":50,"column":25}},"27":{"start":{"line":51,"column":6},"end":{"line":51,"column":55}},"28":{"start":{"line":56,"column":15},"end":{"line":56,"column":28}},"29":{"start":{"line":57,"column":4},"end":{"line":64,"column":5}},"30":{"start":{"line":58,"column":26},"end":{"line":58,"column":64}},"31":{"start":{"line":59,"column":6},"end":{"line":59,"column":40}},"32":{"start":{"line":60,"column":6},"end":{"line":60,"column":53}},"33":{"start":{"line":62,"column":6},"end":{"line":62,"column":25}},"34":{"start":{"line":63,"column":6},"end":{"line":63,"column":55}},"35":{"start":{"line":68,"column":15},"end":{"line":68,"column":28}},"36":{"start":{"line":69,"column":24},"end":{"line":69,"column":32}},"37":{"start":{"line":70,"column":4},"end":{"line":78,"column":5}},"38":{"start":{"line":71,"column":19},"end":{"line":73,"column":8}},"39":{"start":{"line":74,"column":6},"end":{"line":74,"column":21}},"40":{"start":{"line":76,"column":6},"end":{"line":76,"column":25}},"41":{"start":{"line":77,"column":6},"end":{"line":77,"column":55}},"42":{"start":{"line":82,"column":0},"end":{"line":82,"column":30}}},"fnMap":{"0":{"name":"(anonymous_7)","decl":{"start":{"line":6,"column":2},"end":{"line":6,"column":14}},"loc":{"start":{"line":6,"column":24},"end":{"line":8,"column":3}}},"1":{"name":"(anonymous_8)","decl":{"start":{"line":10,"column":8},"end":{"line":10,"column":14}},"loc":{"start":{"line":10,"column":42},"end":{"line":25,"column":null}}},"2":{"name":"(anonymous_10)","decl":{"start":{"line":11,"column":28},"end":{"line":11,"column":29}},"loc":{"start":{"line":11,"column":41},"end":{"line":11,"column":73}}},"3":{"name":"(anonymous_11)","decl":{"start":{"line":11,"column":52},"end":{"line":11,"column":55}},"loc":{"start":{"line":11,"column":58},"end":{"line":11,"column":67}}},"4":{"name":"(anonymous_12)","decl":{"start":{"line":27,"column":8},"end":{"line":27,"column":15}},"loc":{"start":{"line":27,"column":43},"end":{"line":41,"column":null}}},"5":{"name":"(anonymous_14)","decl":{"start":{"line":43,"column":8},"end":{"line":43,"column":14}},"loc":{"start":{"line":43,"column":42},"end":{"line":53,"column":null}}},"6":{"name":"(anonymous_16)","decl":{"start":{"line":55,"column":8},"end":{"line":55,"column":11}},"loc":{"start":{"line":55,"column":39},"end":{"line":65,"column":null}}},"7":{"name":"(anonymous_18)","decl":{"start":{"line":67,"column":8},"end":{"line":67,"column":14}},"loc":{"start":{"line":67,"column":42},"end":{"line":79,"column":null}}}},"branchMap":{"0":{"loc":{"start":{"line":14,"column":6},"end":{"line":20,"column":7}},"type":"if","locations":[{"start":{"line":14,"column":6},"end":{"line":20,"column":7}},{"start":{"line":17,"column":13},"end":{"line":20,"column":7}}]},"1":{"loc":{"start":{"line":32,"column":6},"end":{"line":36,"column":7}},"type":"if","locations":[{"start":{"line":32,"column":6},"end":{"line":36,"column":7}},{"start":{"line":34,"column":13},"end":{"line":36,"column":7}}]}},"s":{"0":17,"1":6,"2":6,"3":6,"4":6,"5":6,"6":5,"7":4,"8":1,"9":1,"10":1,"11":1,"12":3,"13":3,"14":3,"15":3,"16":2,"17":1,"18":1,"19":1,"20":1,"21":8,"22":8,"23":8,"24":8,"25":6,"26":2,"27":2,"28":3,"29":3,"30":3,"31":2,"32":2,"33":1,"34":1,"35":3,"36":3,"37":3,"38":3,"39":2,"40":1,"41":1,"42":5},"f":{"0":17,"1":6,"2":6,"3":6,"4":3,"5":8,"6":3,"7":3},"b":{"0":[5,1],"1":[1,1]}}
,"/Users/liron_dabach/Documents/לימודים/שנה ג׳/נושאים מתקדמים באפליקציות אינטרנטיות/Project/Aura/src/controllers/commentsController.ts": {"path":"/Users/liron_dabach/Documents/לימודים/שנה ג׳/נושאים מתקדמים באפליקציות אינטרנטיות/Project/Aura/src/controllers/commentsController.ts","statementMap":{"0":{"start":{"line":1,"column":0},"end":{"line":1,"column":52}},"1":{"start":{"line":3,"column":0},"end":{"line":3,"column":46}},"2":{"start":{"line":8,"column":4},"end":{"line":8,"column":25}},"3":{"start":{"line":13,"column":4},"end":{"line":15,"column":5}},"4":{"start":{"line":14,"column":6},"end":{"line":14,"column":37}},"5":{"start":{"line":16,"column":4},"end":{"line":16,"column":34}},"6":{"start":{"line":21,"column":15},"end":{"line":21,"column":28}},"7":{"start":{"line":22,"column":4},"end":{"line":41,"column":5}},"8":{"start":{"line":23,"column":22},"end":{"line":23,"column":51}},"9":{"start":{"line":24,"column":6},"end":{"line":27,"column":7}},"10":{"start":{"line":25,"column":8},"end":{"line":25,"column":50}},"11":{"start":{"line":26,"column":8},"end":{"line":26,"column":15}},"12":{"start":{"line":29,"column":6},"end":{"line":37,"column":7}},"13":{"start":{"line":30,"column":8},"end":{"line":30,"column":28}},"14":{"start":{"line":31,"column":8},"end":{"line":31,"column":15}},"15":{"start":{"line":33,"column":8},"end":{"line":35,"column":70}},"16":{"start":{"line":36,"column":8},"end":{"line":36,"column":15}},"17":{"start":{"line":39,"column":6},"end":{"line":39,"column":25}},"18":{"start":{"line":40,"column":6},"end":{"line":40,"column":53}},"19":{"start":{"line":46,"column":15},"end":{"line":46,"column":28}},"20":{"start":{"line":47,"column":4},"end":{"line":70,"column":5}},"21":{"start":{"line":48,"column":22},"end":{"line":48,"column":51}},"22":{"start":{"line":49,"column":6},"end":{"line":52,"column":7}},"23":{"start":{"line":50,"column":8},"end":{"line":50,"column":50}},"24":{"start":{"line":51,"column":8},"end":{"line":51,"column":15}},"25":{"start":{"line":54,"column":6},"end":{"line":59,"column":7}},"26":{"start":{"line":55,"column":8},"end":{"line":57,"column":70}},"27":{"start":{"line":58,"column":8},"end":{"line":58,"column":15}},"28":{"start":{"line":61,"column":6},"end":{"line":64,"column":7}},"29":{"start":{"line":62,"column":8},"end":{"line":62,"column":69}},"30":{"start":{"line":63,"column":8},"end":{"line":63,"column":15}},"31":{"start":{"line":65,"column":6},"end":{"line":65,"column":29}},"32":{"start":{"line":66,"column":6},"end":{"line":66,"column":13}},"33":{"start":{"line":68,"column":6},"end":{"line":68,"column":25}},"34":{"start":{"line":69,"column":6},"end":{"line":69,"column":53}},"35":{"start":{"line":74,"column":0},"end":{"line":74,"column":40}}},"fnMap":{"0":{"name":"(anonymous_8)","decl":{"start":{"line":7,"column":2},"end":{"line":7,"column":null}},"loc":{"start":{"line":7,"column":2},"end":{"line":9,"column":3}}},"1":{"name":"(anonymous_9)","decl":{"start":{"line":12,"column":8},"end":{"line":12,"column":14}},"loc":{"start":{"line":12,"column":46},"end":{"line":17,"column":null}}},"2":{"name":"(anonymous_12)","decl":{"start":{"line":20,"column":8},"end":{"line":20,"column":11}},"loc":{"start":{"line":20,"column":43},"end":{"line":42,"column":null}}},"3":{"name":"(anonymous_15)","decl":{"start":{"line":45,"column":8},"end":{"line":45,"column":14}},"loc":{"start":{"line":45,"column":46},"end":{"line":71,"column":null}}}},"branchMap":{"0":{"loc":{"start":{"line":13,"column":4},"end":{"line":15,"column":5}},"type":"if","locations":[{"start":{"line":13,"column":4},"end":{"line":15,"column":5}},{"start":{},"end":{}}]},"1":{"loc":{"start":{"line":24,"column":6},"end":{"line":27,"column":7}},"type":"if","locations":[{"start":{"line":24,"column":6},"end":{"line":27,"column":7}},{"start":{},"end":{}}]},"2":{"loc":{"start":{"line":29,"column":6},"end":{"line":37,"column":7}},"type":"if","locations":[{"start":{"line":29,"column":6},"end":{"line":37,"column":7}},{"start":{"line":32,"column":13},"end":{"line":37,"column":7}}]},"3":{"loc":{"start":{"line":29,"column":10},"end":{"line":29,"column":64}},"type":"binary-expr","locations":[{"start":{"line":29,"column":10},"end":{"line":29,"column":18}},{"start":{"line":29,"column":22},"end":{"line":29,"column":64}}]},"4":{"loc":{"start":{"line":49,"column":6},"end":{"line":52,"column":7}},"type":"if","locations":[{"start":{"line":49,"column":6},"end":{"line":52,"column":7}},{"start":{},"end":{}}]},"5":{"loc":{"start":{"line":54,"column":6},"end":{"line":59,"column":7}},"type":"if","locations":[{"start":{"line":54,"column":6},"end":{"line":59,"column":7}},{"start":{},"end":{}}]},"6":{"loc":{"start":{"line":54,"column":10},"end":{"line":54,"column":65}},"type":"binary-expr","locations":[{"start":{"line":54,"column":10},"end":{"line":54,"column":19}},{"start":{"line":54,"column":23},"end":{"line":54,"column":65}}]},"7":{"loc":{"start":{"line":61,"column":6},"end":{"line":64,"column":7}},"type":"if","locations":[{"start":{"line":61,"column":6},"end":{"line":64,"column":7}},{"start":{},"end":{}}]},"8":{"loc":{"start":{"line":61,"column":10},"end":{"line":61,"column":74}},"type":"binary-expr","locations":[{"start":{"line":61,"column":10},"end":{"line":61,"column":25}},{"start":{"line":61,"column":29},"end":{"line":61,"column":74}}]}},"s":{"0":5,"1":5,"2":5,"3":2,"4":2,"5":2,"6":3,"7":3,"8":3,"9":3,"10":1,"11":1,"12":2,"13":1,"14":1,"15":1,"16":1,"17":0,"18":0,"19":5,"20":5,"21":5,"22":4,"23":1,"24":1,"25":3,"26":1,"27":1,"28":2,"29":1,"30":1,"31":1,"32":1,"33":1,"34":1,"35":5},"f":{"0":5,"1":2,"2":3,"3":5},"b":{"0":[2,0],"1":[1,2],"2":[1,1],"3":[2,2],"4":[1,3],"5":[1,2],"6":[3,3],"7":[1,1],"8":[2,1]}}
,"/Users/liron_dabach/Documents/לימודים/שנה ג׳/נושאים מתקדמים באפליקציות אינטרנטיות/Project/Aura/src/controllers/likesController.ts": {"path":"/Users/liron_dabach/Documents/לימודים/שנה ג׳/נושאים מתקדמים באפליקציות אינטרנטיות/Project/Aura/src/controllers/likesController.ts","statementMap":{"0":{"start":{"line":1,"column":0},"end":{"line":1,"column":46}},"1":{"start":{"line":3,"column":0},"end":{"line":3,"column":46}},"2":{"start":{"line":8,"column":4},"end":{"line":8,"column":22}},"3":{"start":{"line":13,"column":4},"end":{"line":15,"column":5}},"4":{"start":{"line":14,"column":6},"end":{"line":14,"column":37}},"5":{"start":{"line":16,"column":4},"end":{"line":16,"column":34}},"6":{"start":{"line":21,"column":15},"end":{"line":21,"column":28}},"7":{"start":{"line":22,"column":4},"end":{"line":39,"column":5}},"8":{"start":{"line":23,"column":19},"end":{"line":23,"column":48}},"9":{"start":{"line":24,"column":6},"end":{"line":27,"column":7}},"10":{"start":{"line":25,"column":8},"end":{"line":25,"column":47}},"11":{"start":{"line":26,"column":8},"end":{"line":26,"column":15}},"12":{"start":{"line":29,"column":6},"end":{"line":35,"column":7}},"13":{"start":{"line":30,"column":8},"end":{"line":30,"column":28}},"14":{"start":{"line":31,"column":8},"end":{"line":31,"column":15}},"15":{"start":{"line":33,"column":8},"end":{"line":33,"column":80}},"16":{"start":{"line":34,"column":8},"end":{"line":34,"column":15}},"17":{"start":{"line":37,"column":6},"end":{"line":37,"column":25}},"18":{"start":{"line":38,"column":6},"end":{"line":38,"column":50}},"19":{"start":{"line":44,"column":15},"end":{"line":44,"column":28}},"20":{"start":{"line":45,"column":4},"end":{"line":66,"column":5}},"21":{"start":{"line":46,"column":19},"end":{"line":46,"column":48}},"22":{"start":{"line":47,"column":6},"end":{"line":50,"column":7}},"23":{"start":{"line":48,"column":8},"end":{"line":48,"column":47}},"24":{"start":{"line":49,"column":8},"end":{"line":49,"column":15}},"25":{"start":{"line":52,"column":6},"end":{"line":55,"column":7}},"26":{"start":{"line":53,"column":8},"end":{"line":53,"column":80}},"27":{"start":{"line":54,"column":8},"end":{"line":54,"column":15}},"28":{"start":{"line":57,"column":6},"end":{"line":60,"column":7}},"29":{"start":{"line":58,"column":8},"end":{"line":58,"column":66}},"30":{"start":{"line":59,"column":8},"end":{"line":59,"column":15}},"31":{"start":{"line":61,"column":6},"end":{"line":61,"column":29}},"32":{"start":{"line":62,"column":6},"end":{"line":62,"column":13}},"33":{"start":{"line":64,"column":6},"end":{"line":64,"column":25}},"34":{"start":{"line":65,"column":6},"end":{"line":65,"column":53}},"35":{"start":{"line":71,"column":19},"end":{"line":71,"column":36}},"36":{"start":{"line":72,"column":4},"end":{"line":78,"column":5}},"37":{"start":{"line":73,"column":20},"end":{"line":73,"column":61}},"38":{"start":{"line":74,"column":6},"end":{"line":74,"column":22}},"39":{"start":{"line":76,"column":6},"end":{"line":76,"column":25}},"40":{"start":{"line":77,"column":6},"end":{"line":77,"column":66}},"41":{"start":{"line":83,"column":19},"end":{"line":83,"column":36}},"42":{"start":{"line":84,"column":4},"end":{"line":86,"column":5}},"43":{"start":{"line":85,"column":6},"end":{"line":85,"column":37}},"44":{"start":{"line":87,"column":4},"end":{"line":87,"column":29}},"45":{"start":{"line":88,"column":4},"end":{"line":88,"column":34}},"46":{"start":{"line":93,"column":19},"end":{"line":93,"column":36}},"47":{"start":{"line":94,"column":4},"end":{"line":108,"column":5}},"48":{"start":{"line":95,"column":19},"end":{"line":98,"column":8}},"49":{"start":{"line":99,"column":6},"end":{"line":102,"column":7}},"50":{"start":{"line":100,"column":8},"end":{"line":100,"column":73}},"51":{"start":{"line":101,"column":8},"end":{"line":101,"column":15}},"52":{"start":{"line":103,"column":6},"end":{"line":103,"column":26}},"53":{"start":{"line":104,"column":6},"end":{"line":104,"column":13}},"54":{"start":{"line":106,"column":6},"end":{"line":106,"column":25}},"55":{"start":{"line":107,"column":6},"end":{"line":107,"column":63}},"56":{"start":{"line":112,"column":0},"end":{"line":112,"column":37}}},"fnMap":{"0":{"name":"(anonymous_8)","decl":{"start":{"line":7,"column":2},"end":{"line":7,"column":null}},"loc":{"start":{"line":7,"column":2},"end":{"line":9,"column":3}}},"1":{"name":"(anonymous_9)","decl":{"start":{"line":12,"column":8},"end":{"line":12,"column":14}},"loc":{"start":{"line":12,"column":46},"end":{"line":17,"column":null}}},"2":{"name":"(anonymous_12)","decl":{"start":{"line":20,"column":8},"end":{"line":20,"column":11}},"loc":{"start":{"line":20,"column":43},"end":{"line":40,"column":null}}},"3":{"name":"(anonymous_15)","decl":{"start":{"line":43,"column":8},"end":{"line":43,"column":14}},"loc":{"start":{"line":43,"column":46},"end":{"line":67,"column":null}}},"4":{"name":"(anonymous_18)","decl":{"start":{"line":70,"column":8},"end":{"line":70,"column":19}},"loc":{"start":{"line":70,"column":47},"end":{"line":79,"column":null}}},"5":{"name":"(anonymous_20)","decl":{"start":{"line":82,"column":8},"end":{"line":82,"column":22}},"loc":{"start":{"line":82,"column":54},"end":{"line":89,"column":null}}},"6":{"name":"(anonymous_23)","decl":{"start":{"line":92,"column":8},"end":{"line":92,"column":19}},"loc":{"start":{"line":92,"column":51},"end":{"line":109,"column":null}}}},"branchMap":{"0":{"loc":{"start":{"line":13,"column":4},"end":{"line":15,"column":5}},"type":"if","locations":[{"start":{"line":13,"column":4},"end":{"line":15,"column":5}},{"start":{},"end":{}}]},"1":{"loc":{"start":{"line":24,"column":6},"end":{"line":27,"column":7}},"type":"if","locations":[{"start":{"line":24,"column":6},"end":{"line":27,"column":7}},{"start":{},"end":{}}]},"2":{"loc":{"start":{"line":29,"column":6},"end":{"line":35,"column":7}},"type":"if","locations":[{"start":{"line":29,"column":6},"end":{"line":35,"column":7}},{"start":{"line":32,"column":13},"end":{"line":35,"column":7}}]},"3":{"loc":{"start":{"line":29,"column":10},"end":{"line":29,"column":61}},"type":"binary-expr","locations":[{"start":{"line":29,"column":10},"end":{"line":29,"column":18}},{"start":{"line":29,"column":22},"end":{"line":29,"column":61}}]},"4":{"loc":{"start":{"line":47,"column":6},"end":{"line":50,"column":7}},"type":"if","locations":[{"start":{"line":47,"column":6},"end":{"line":50,"column":7}},{"start":{},"end":{}}]},"5":{"loc":{"start":{"line":52,"column":6},"end":{"line":55,"column":7}},"type":"if","locations":[{"start":{"line":52,"column":6},"end":{"line":55,"column":7}},{"start":{},"end":{}}]},"6":{"loc":{"start":{"line":52,"column":10},"end":{"line":52,"column":62}},"type":"binary-expr","locations":[{"start":{"line":52,"column":10},"end":{"line":52,"column":19}},{"start":{"line":52,"column":23},"end":{"line":52,"column":62}}]},"7":{"loc":{"start":{"line":57,"column":6},"end":{"line":60,"column":7}},"type":"if","locations":[{"start":{"line":57,"column":6},"end":{"line":60,"column":7}},{"start":{},"end":{}}]},"8":{"loc":{"start":{"line":57,"column":10},"end":{"line":57,"column":71}},"type":"binary-expr","locations":[{"start":{"line":57,"column":10},"end":{"line":57,"column":25}},{"start":{"line":57,"column":29},"end":{"line":57,"column":71}}]},"9":{"loc":{"start":{"line":84,"column":4},"end":{"line":86,"column":5}},"type":"if","locations":[{"start":{"line":84,"column":4},"end":{"line":86,"column":5}},{"start":{},"end":{}}]},"10":{"loc":{"start":{"line":97,"column":16},"end":{"line":97,"column":29}},"type":"cond-expr","locations":[{"start":{"line":97,"column":24},"end":{"line":97,"column":26}},{"start":{"line":97,"column":24},"end":{"line":97,"column":29}}]},"11":{"loc":{"start":{"line":97,"column":16},"end":{"line":97,"column":26}},"type":"binary-expr","locations":[{"start":{"line":97,"column":16},"end":{"line":97,"column":26}},{"start":{"line":97,"column":24},"end":{"line":97,"column":26}}]},"12":{"loc":{"start":{"line":99,"column":6},"end":{"line":102,"column":7}},"type":"if","locations":[{"start":{"line":99,"column":6},"end":{"line":102,"column":7}},{"start":{},"end":{}}]}},"s":{"0":1,"1":1,"2":1,"3":2,"4":2,"5":2,"6":2,"7":2,"8":2,"9":2,"10":1,"11":1,"12":1,"13":0,"14":0,"15":0,"16":0,"17":1,"18":1,"19":2,"20":2,"21":2,"22":2,"23":1,"24":1,"25":1,"26":0,"27":0,"28":0,"29":0,"30":0,"31":0,"32":0,"33":1,"34":1,"35":2,"36":2,"37":2,"38":2,"39":0,"40":0,"41":1,"42":1,"43":1,"44":1,"45":1,"46":1,"47":1,"48":1,"49":1,"50":1,"51":1,"52":0,"53":0,"54":0,"55":0,"56":1},"f":{"0":1,"1":2,"2":2,"3":2,"4":2,"5":1,"6":1},"b":{"0":[2,0],"1":[1,1],"2":[0,0],"3":[1,1],"4":[1,1],"5":[0,0],"6":[1,1],"7":[0,0],"8":[0,0],"9":[1,0],"10":[0,1],"11":[1,1],"12":[1,0]}}
,"/Users/liron_dabach/Documents/לימודים/שנה ג׳/נושאים מתקדמים באפליקציות אינטרנטיות/Project/Aura/src/controllers/postsController.ts": {"path":"/Users/liron_dabach/Documents/לימודים/שנה ג׳/נושאים מתקדמים באפליקציות אינטרנטיות/Project/Aura/src/controllers/postsController.ts","statementMap":{"0":{"start":{"line":2,"column":0},"end":{"line":2,"column":59}},"1":{"start":{"line":3,"column":0},"end":{"line":3,"column":46}},"2":{"start":{"line":8,"column":4},"end":{"line":8,"column":22}},"3":{"start":{"line":13,"column":4},"end":{"line":15,"column":5}},"4":{"start":{"line":14,"column":6},"end":{"line":14,"column":39}},"5":{"start":{"line":16,"column":4},"end":{"line":16,"column":34}},"6":{"start":{"line":21,"column":15},"end":{"line":21,"column":28}},"7":{"start":{"line":22,"column":4},"end":{"line":40,"column":5}},"8":{"start":{"line":23,"column":19},"end":{"line":23,"column":48}},"9":{"start":{"line":24,"column":6},"end":{"line":27,"column":7}},"10":{"start":{"line":25,"column":8},"end":{"line":25,"column":47}},"11":{"start":{"line":26,"column":8},"end":{"line":26,"column":15}},"12":{"start":{"line":28,"column":6},"end":{"line":36,"column":7}},"13":{"start":{"line":29,"column":8},"end":{"line":29,"column":28}},"14":{"start":{"line":30,"column":8},"end":{"line":30,"column":15}},"15":{"start":{"line":32,"column":8},"end":{"line":32,"column":43}},"16":{"start":{"line":33,"column":8},"end":{"line":33,"column":74}},"17":{"start":{"line":34,"column":8},"end":{"line":34,"column":71}},"18":{"start":{"line":35,"column":8},"end":{"line":35,"column":15}},"19":{"start":{"line":38,"column":6},"end":{"line":38,"column":25}},"20":{"start":{"line":39,"column":6},"end":{"line":39,"column":55}},"21":{"start":{"line":45,"column":15},"end":{"line":45,"column":28}},"22":{"start":{"line":46,"column":4},"end":{"line":65,"column":5}},"23":{"start":{"line":47,"column":19},"end":{"line":47,"column":48}},"24":{"start":{"line":48,"column":6},"end":{"line":51,"column":7}},"25":{"start":{"line":49,"column":8},"end":{"line":49,"column":54}},"26":{"start":{"line":50,"column":8},"end":{"line":50,"column":15}},"27":{"start":{"line":52,"column":6},"end":{"line":55,"column":7}},"28":{"start":{"line":53,"column":8},"end":{"line":53,"column":73}},"29":{"start":{"line":54,"column":8},"end":{"line":54,"column":15}},"30":{"start":{"line":56,"column":6},"end":{"line":59,"column":7}},"31":{"start":{"line":57,"column":8},"end":{"line":57,"column":71}},"32":{"start":{"line":58,"column":8},"end":{"line":58,"column":15}},"33":{"start":{"line":60,"column":6},"end":{"line":60,"column":29}},"34":{"start":{"line":61,"column":6},"end":{"line":61,"column":13}},"35":{"start":{"line":63,"column":6},"end":{"line":63,"column":25}},"36":{"start":{"line":64,"column":6},"end":{"line":64,"column":55}},"37":{"start":{"line":69,"column":0},"end":{"line":69,"column":37}}},"fnMap":{"0":{"name":"(anonymous_8)","decl":{"start":{"line":7,"column":2},"end":{"line":7,"column":null}},"loc":{"start":{"line":7,"column":2},"end":{"line":9,"column":3}}},"1":{"name":"(anonymous_9)","decl":{"start":{"line":12,"column":8},"end":{"line":12,"column":14}},"loc":{"start":{"line":12,"column":46},"end":{"line":17,"column":null}}},"2":{"name":"(anonymous_12)","decl":{"start":{"line":20,"column":8},"end":{"line":20,"column":11}},"loc":{"start":{"line":20,"column":43},"end":{"line":41,"column":null}}},"3":{"name":"(anonymous_15)","decl":{"start":{"line":44,"column":8},"end":{"line":44,"column":14}},"loc":{"start":{"line":44,"column":46},"end":{"line":66,"column":null}}}},"branchMap":{"0":{"loc":{"start":{"line":13,"column":4},"end":{"line":15,"column":5}},"type":"if","locations":[{"start":{"line":13,"column":4},"end":{"line":15,"column":5}},{"start":{},"end":{}}]},"1":{"loc":{"start":{"line":24,"column":6},"end":{"line":27,"column":7}},"type":"if","locations":[{"start":{"line":24,"column":6},"end":{"line":27,"column":7}},{"start":{},"end":{}}]},"2":{"loc":{"start":{"line":28,"column":6},"end":{"line":36,"column":7}},"type":"if","locations":[{"start":{"line":28,"column":6},"end":{"line":36,"column":7}},{"start":{"line":31,"column":13},"end":{"line":36,"column":7}}]},"3":{"loc":{"start":{"line":28,"column":10},"end":{"line":28,"column":63}},"type":"binary-expr","locations":[{"start":{"line":28,"column":10},"end":{"line":28,"column":18}},{"start":{"line":28,"column":22},"end":{"line":28,"column":63}}]},"4":{"loc":{"start":{"line":33,"column":59},"end":{"line":33,"column":72}},"type":"cond-expr","locations":[{"start":{"line":33,"column":67},"end":{"line":33,"column":69}},{"start":{"line":33,"column":67},"end":{"line":33,"column":72}}]},"5":{"loc":{"start":{"line":33,"column":59},"end":{"line":33,"column":69}},"type":"binary-expr","locations":[{"start":{"line":33,"column":59},"end":{"line":33,"column":69}},{"start":{"line":33,"column":67},"end":{"line":33,"column":69}}]},"6":{"loc":{"start":{"line":48,"column":6},"end":{"line":51,"column":7}},"type":"if","locations":[{"start":{"line":48,"column":6},"end":{"line":51,"column":7}},{"start":{},"end":{}}]},"7":{"loc":{"start":{"line":52,"column":6},"end":{"line":55,"column":7}},"type":"if","locations":[{"start":{"line":52,"column":6},"end":{"line":55,"column":7}},{"start":{},"end":{}}]},"8":{"loc":{"start":{"line":52,"column":10},"end":{"line":52,"column":77}},"type":"binary-expr","locations":[{"start":{"line":52,"column":10},"end":{"line":52,"column":27}},{"start":{"line":52,"column":31},"end":{"line":52,"column":77}}]},"9":{"loc":{"start":{"line":56,"column":6},"end":{"line":59,"column":7}},"type":"if","locations":[{"start":{"line":56,"column":6},"end":{"line":59,"column":7}},{"start":{},"end":{}}]},"10":{"loc":{"start":{"line":56,"column":10},"end":{"line":56,"column":63}},"type":"binary-expr","locations":[{"start":{"line":56,"column":10},"end":{"line":56,"column":18}},{"start":{"line":56,"column":22},"end":{"line":56,"column":63}}]}},"s":{"0":5,"1":5,"2":5,"3":2,"4":2,"5":2,"6":3,"7":3,"8":3,"9":3,"10":1,"11":1,"12":2,"13":1,"14":1,"15":1,"16":1,"17":1,"18":1,"19":0,"20":0,"21":5,"22":5,"23":5,"24":4,"25":1,"26":1,"27":3,"28":1,"29":1,"30":2,"31":1,"32":1,"33":1,"34":1,"35":1,"36":1,"37":5},"f":{"0":5,"1":2,"2":3,"3":5},"b":{"0":[2,0],"1":[1,2],"2":[1,1],"3":[2,2],"4":[0,1],"5":[1,1],"6":[1,3],"7":[1,2],"8":[3,1],"9":[1,1],"10":[2,2]}}
,"/Users/liron_dabach/Documents/לימודים/שנה ג׳/נושאים מתקדמים באפליקציות אינטרנטיות/Project/Aura/src/middleware/authMiddleware.ts": {"path":"/Users/liron_dabach/Documents/לימודים/שנה ג׳/נושאים מתקדמים באפליקציות אינטרנטיות/Project/Aura/src/middleware/authMiddleware.ts","statementMap":{"0":{"start":{"line":2,"column":0},"end":{"line":2,"column":31}},"1":{"start":{"line":7,"column":28},"end":{"line":34,"column":1}},"2":{"start":{"line":12,"column":21},"end":{"line":12,"column":46}},"3":{"start":{"line":13,"column":2},"end":{"line":19,"column":3}},"4":{"start":{"line":14,"column":4},"end":{"line":18,"column":9}},"5":{"start":{"line":20,"column":16},"end":{"line":20,"column":40}},"6":{"start":{"line":21,"column":2},"end":{"line":23,"column":3}},"7":{"start":{"line":22,"column":4},"end":{"line":22,"column":76}},"8":{"start":{"line":24,"column":17},"end":{"line":24,"column":59}},"9":{"start":{"line":25,"column":2},"end":{"line":33,"column":3}},"10":{"start":{"line":26,"column":20},"end":{"line":26,"column":64}},"11":{"start":{"line":27,"column":4},"end":{"line":27,"column":36}},"12":{"start":{"line":28,"column":4},"end":{"line":28,"column":11}},"13":{"start":{"line":30,"column":4},"end":{"line":32,"column":67}},"14":{"start":{"line":7,"column":13},"end":{"line":7,"column":28}}},"fnMap":{"0":{"name":"(anonymous_1)","decl":{"start":{"line":7,"column":28},"end":{"line":7,"column":null}},"loc":{"start":{"line":11,"column":4},"end":{"line":34,"column":1}}}},"branchMap":{"0":{"loc":{"start":{"line":13,"column":2},"end":{"line":19,"column":3}},"type":"if","locations":[{"start":{"line":13,"column":2},"end":{"line":19,"column":3}},{"start":{},"end":{}}]},"1":{"loc":{"start":{"line":13,"column":6},"end":{"line":13,"column":54}},"type":"binary-expr","locations":[{"start":{"line":13,"column":6},"end":{"line":13,"column":17}},{"start":{"line":13,"column":21},"end":{"line":13,"column":54}}]},"2":{"loc":{"start":{"line":21,"column":2},"end":{"line":23,"column":3}},"type":"if","locations":[{"start":{"line":21,"column":2},"end":{"line":23,"column":3}},{"start":{},"end":{}}]},"3":{"loc":{"start":{"line":24,"column":17},"end":{"line":24,"column":59}},"type":"binary-expr","locations":[{"start":{"line":24,"column":17},"end":{"line":24,"column":39}},{"start":{"line":24,"column":43},"end":{"line":24,"column":59}}]}},"s":{"0":5,"1":5,"2":37,"3":37,"4":7,"5":30,"6":30,"7":1,"8":29,"9":29,"10":29,"11":28,"12":28,"13":1,"14":5},"f":{"0":37},"b":{"0":[7,30],"1":[37,31],"2":[1,29],"3":[29,0]}}
,"/Users/liron_dabach/Documents/לימודים/שנה ג׳/נושאים מתקדמים באפליקציות אינטרנטיות/Project/Aura/src/models/commentsModel.ts": {"path":"/Users/liron_dabach/Documents/לימודים/שנה ג׳/נושאים מתקדמים באפליקציות אינטרנטיות/Project/Aura/src/models/commentsModel.ts","statementMap":{"0":{"start":{"line":1,"column":0},"end":{"line":1,"column":32}},"1":{"start":{"line":3,"column":23},"end":{"line":18,"column":2}},"2":{"start":{"line":20,"column":0},"end":{"line":20,"column":57}}},"fnMap":{},"branchMap":{},"s":{"0":5,"1":5,"2":5},"f":{},"b":{}}
,"/Users/liron_dabach/Documents/לימודים/שנה ג׳/נושאים מתקדמים באפליקציות אינטרנטיות/Project/Aura/src/models/likesModel.ts": {"path":"/Users/liron_dabach/Documents/לימודים/שנה ג׳/נושאים מתקדמים באפליקציות אינטרנטיות/Project/Aura/src/models/likesModel.ts","statementMap":{"0":{"start":{"line":1,"column":0},"end":{"line":1,"column":32}},"1":{"start":{"line":3,"column":19},"end":{"line":14,"column":2}},"2":{"start":{"line":16,"column":0},"end":{"line":16,"column":50}}},"fnMap":{},"branchMap":{},"s":{"0":1,"1":1,"2":1},"f":{},"b":{}}
,"/Users/liron_dabach/Documents/לימודים/שנה ג׳/נושאים מתקדמים באפליקציות אינטרנטיות/Project/Aura/src/models/postsModel.ts": {"path":"/Users/liron_dabach/Documents/לימודים/שנה ג׳/נושאים מתקדמים באפליקציות אינטרנטיות/Project/Aura/src/models/postsModel.ts","statementMap":{"0":{"start":{"line":1,"column":0},"end":{"line":1,"column":32}},"1":{"start":{"line":3,"column":19},"end":{"line":17,"column":2}},"2":{"start":{"line":19,"column":0},"end":{"line":19,"column":50}}},"fnMap":{},"branchMap":{},"s":{"0":5,"1":5,"2":5},"f":{},"b":{}}
,"/Users/liron_dabach/Documents/לימודים/שנה ג׳/נושאים מתקדמים באפליקציות אינטרנטיות/Project/Aura/src/models/usersModel.ts": {"path":"/Users/liron_dabach/Documents/לימודים/שנה ג׳/נושאים מתקדמים באפליקציות אינטרנטיות/Project/Aura/src/models/usersModel.ts","statementMap":{"0":{"start":{"line":1,"column":0},"end":{"line":1,"column":32}},"1":{"start":{"line":3,"column":19},"end":{"line":25,"column":2}},"2":{"start":{"line":27,"column":0},"end":{"line":27,"column":50}}},"fnMap":{},"branchMap":{},"s":{"0":5,"1":5,"2":5},"f":{},"b":{}}
,"/Users/liron_dabach/Documents/לימודים/שנה ג׳/נושאים מתקדמים באפליקציות אינטרנטיות/Project/Aura/src/routes/authRoute.ts": {"path":"/Users/liron_dabach/Documents/לימודים/שנה ג׳/נושאים מתקדמים באפליקציות אינטרנטיות/Project/Aura/src/routes/authRoute.ts","statementMap":{"0":{"start":{"line":1,"column":0},"end":{"line":1,"column":30}},"1":{"start":{"line":2,"column":0},"end":{"line":2,"column":59}},"2":{"start":{"line":4,"column":15},"end":{"line":4,"column":31}},"3":{"start":{"line":34,"column":0},"end":{"line":34,"column":50}},"4":{"start":{"line":70,"column":0},"end":{"line":70,"column":44}},"5":{"start":{"line":110,"column":0},"end":{"line":110,"column":46}},"6":{"start":{"line":144,"column":0},"end":{"line":144,"column":59}},"7":{"start":{"line":146,"column":0},"end":{"line":146,"column":22}}},"fnMap":{},"branchMap":{},"s":{"0":5,"1":5,"2":5,"3":5,"4":5,"5":5,"6":5,"7":5},"f":{},"b":{}}
,"/Users/liron_dabach/Documents/לימודים/שנה ג׳/נושאים מתקדמים באפליקציות אינטרנטיות/Project/Aura/src/routes/commentsRoute.ts": {"path":"/Users/liron_dabach/Documents/לימודים/שנה ג׳/נושאים מתקדמים באפליקציות אינטרנטיות/Project/Aura/src/routes/commentsRoute.ts","statementMap":{"0":{"start":{"line":1,"column":0},"end":{"line":1,"column":30}},"1":{"start":{"line":2,"column":0},"end":{"line":2,"column":60}},"2":{"start":{"line":3,"column":0},"end":{"line":3,"column":67}},"3":{"start":{"line":5,"column":15},"end":{"line":5,"column":31}},"4":{"start":{"line":26,"column":0},"end":{"line":26,"column":68}},"5":{"start":{"line":52,"column":0},"end":{"line":52,"column":72}},"6":{"start":{"line":80,"column":0},"end":{"line":80,"column":83}},"7":{"start":{"line":118,"column":0},"end":{"line":118,"column":85}},"8":{"start":{"line":150,"column":0},"end":{"line":150,"column":85}},"9":{"start":{"line":152,"column":0},"end":{"line":152,"column":22}}},"fnMap":{},"branchMap":{},"s":{"0":5,"1":5,"2":5,"3":5,"4":5,"5":5,"6":5,"7":5,"8":5,"9":5},"f":{},"b":{}}
,"/Users/liron_dabach/Documents/לימודים/שנה ג׳/נושאים מתקדמים באפליקציות אינטרנטיות/Project/Aura/src/routes/likesRoute.ts": {"path":"/Users/liron_dabach/Documents/לימודים/שנה ג׳/נושאים מתקדמים באפליקציות אינטרנטיות/Project/Aura/src/routes/likesRoute.ts","statementMap":{"0":{"start":{"line":1,"column":0},"end":{"line":1,"column":30}},"1":{"start":{"line":2,"column":0},"end":{"line":2,"column":60}},"2":{"start":{"line":3,"column":0},"end":{"line":3,"column":61}},"3":{"start":{"line":5,"column":15},"end":{"line":5,"column":31}},"4":{"start":{"line":8,"column":0},"end":{"line":8,"column":79}},"5":{"start":{"line":11,"column":0},"end":{"line":11,"column":97}},"6":{"start":{"line":14,"column":0},"end":{"line":14,"column":96}},"7":{"start":{"line":17,"column":0},"end":{"line":17,"column":22}}},"fnMap":{},"branchMap":{},"s":{"0":1,"1":1,"2":1,"3":1,"4":1,"5":1,"6":1,"7":1},"f":{},"b":{}}
,"/Users/liron_dabach/Documents/לימודים/שנה ג׳/נושאים מתקדמים באפליקציות אינטרנטיות/Project/Aura/src/routes/postsRoute.ts": {"path":"/Users/liron_dabach/Documents/לימודים/שנה ג׳/נושאים מתקדמים באפליקציות אינטרנטיות/Project/Aura/src/routes/postsRoute.ts","statementMap":{"0":{"start":{"line":1,"column":0},"end":{"line":1,"column":30}},"1":{"start":{"line":2,"column":0},"end":{"line":2,"column":60}},"2":{"start":{"line":3,"column":0},"end":{"line":3,"column":61}},"3":{"start":{"line":5,"column":15},"end":{"line":5,"column":31}},"4":{"start":{"line":26,"column":0},"end":{"line":26,"column":62}},"5":{"start":{"line":52,"column":0},"end":{"line":52,"column":66}},"6":{"start":{"line":80,"column":0},"end":{"line":80,"column":77}},"7":{"start":{"line":118,"column":0},"end":{"line":118,"column":79}},"8":{"start":{"line":150,"column":0},"end":{"line":150,"column":79}},"9":{"start":{"line":152,"column":0},"end":{"line":152,"column":22}}},"fnMap":{},"branchMap":{},"s":{"0":5,"1":5,"2":5,"3":5,"4":5,"5":5,"6":5,"7":5,"8":5,"9":5},"f":{},"b":{}}
}
