TN:
SF:src/index.ts
FN:21,(anonymous_1)
FN:22,(anonymous_2)
FN:30,(anonymous_3)
FN:33,(anonymous_4)
FN:37,(anonymous_5)
FN:38,(anonymous_6)
FNF:6
FNH:4
FNDA:6,(anonymous_1)
FNDA:6,(anonymous_2)
FNDA:5,(anonymous_3)
FNDA:0,(anonymous_4)
FNDA:0,(anonymous_5)
FNDA:5,(anonymous_6)
DA:1,5
DA:2,5
DA:3,5
DA:4,5
DA:5,5
DA:6,5
DA:7,5
DA:10,5
DA:12,5
DA:13,5
DA:14,5
DA:17,5
DA:18,5
DA:19,5
DA:21,5
DA:22,6
DA:23,6
DA:24,6
DA:25,1
DA:26,1
DA:28,5
DA:31,5
DA:34,0
DA:36,5
DA:37,5
DA:38,5
DA:40,6
DA:43,5
LF:28
LH:27
BRDA:24,0,0,1
BRDA:24,0,1,5
BRF:2
BRH:2
end_of_record
TN:
SF:src/swagger.ts
FN:6,(anonymous_1)
FN:237,(anonymous_2)
FN:240,(anonymous_3)
FNF:3
FNH:3
FNDA:5,(anonymous_1)
FNDA:5,(anonymous_2)
FNDA:1,(anonymous_3)
DA:2,5
DA:3,5
DA:4,5
DA:6,5
DA:7,5
DA:9,5
DA:11,5
DA:16,5
DA:151,5
DA:226,5
DA:237,5
DA:238,5
DA:240,5
DA:241,1
DA:242,1
DA:245,5
LF:16
LH:16
BRDA:7,0,0,5
BRDA:7,0,1,0
BRDA:9,1,0,5
BRDA:9,1,1,5
BRF:4
BRH:3
end_of_record
TN:
SF:src/controllers/authController.ts
FN:6,(anonymous_8)
FN:15,(anonymous_9)
FN:35,(anonymous_10)
FN:35,(anonymous_11)
FN:61,(anonymous_12)
FN:61,(anonymous_13)
FN:89,(anonymous_14)
FN:89,(anonymous_15)
FN:103,(anonymous_16)
FN:112,(anonymous_17)
FN:112,(anonymous_18)
FN:136,(anonymous_19)
FNF:12
FNH:12
FNDA:13,(anonymous_8)
FNDA:4,(anonymous_9)
FNDA:3,(anonymous_10)
FNDA:3,(anonymous_11)
FNDA:5,(anonymous_12)
FNDA:5,(anonymous_13)
FNDA:4,(anonymous_14)
FNDA:4,(anonymous_15)
FNDA:2,(anonymous_16)
FNDA:5,(anonymous_17)
FNDA:5,(anonymous_18)
FNDA:2,(anonymous_19)
DA:2,5
DA:3,5
DA:4,5
DA:6,5
DA:7,13
DA:15,5
DA:16,4
DA:17,4
DA:18,1
DA:19,1
DA:22,3
DA:23,3
DA:25,3
DA:28,3
DA:29,3
DA:32,3
DA:35,5
DA:36,3
DA:37,3
DA:38,3
DA:40,3
DA:41,1
DA:44,2
DA:45,2
DA:46,2
DA:47,2
DA:52,2
DA:53,1
DA:54,1
DA:55,1
DA:57,1
DA:61,5
DA:62,5
DA:63,5
DA:64,5
DA:66,5
DA:67,1
DA:70,4
DA:71,4
DA:72,3
DA:73,1
DA:75,2
DA:76,2
DA:77,1
DA:80,1
DA:81,1
DA:82,1
DA:83,1
DA:85,1
DA:89,5
DA:90,4
DA:92,4
DA:93,1
DA:96,3
DA:97,3
DA:98,3
DA:99,2
DA:100,1
DA:102,1
DA:103,2
DA:105,1
DA:106,1
DA:108,1
DA:112,5
DA:113,5
DA:115,5
DA:116,1
DA:119,4
DA:121,4
DA:122,4
DA:123,3
DA:124,3
DA:125,1
DA:127,2
DA:128,1
DA:129,1
DA:130,1
DA:131,1
DA:133,1
DA:135,1
DA:136,2
DA:138,1
DA:139,1
DA:140,1
DA:142,1
DA:146,5
LF:86
LH:86
BRDA:16,0,0,4
BRDA:16,0,1,1
BRDA:17,1,0,1
BRDA:17,1,1,3
BRDA:22,2,0,3
BRDA:22,2,1,0
BRDA:26,3,0,3
BRDA:26,3,1,0
BRDA:40,4,0,1
BRDA:40,4,1,2
BRDA:40,5,0,3
BRDA:40,5,1,3
BRDA:40,5,2,3
BRDA:66,6,0,1
BRDA:66,6,1,4
BRDA:66,7,0,5
BRDA:66,7,1,5
BRDA:66,7,2,5
BRDA:72,8,0,1
BRDA:72,8,1,2
BRDA:76,9,0,1
BRDA:76,9,1,1
BRDA:92,10,0,1
BRDA:92,10,1,3
BRDA:99,11,0,1
BRDA:99,11,1,1
BRDA:115,12,0,1
BRDA:115,12,1,4
BRDA:119,13,0,4
BRDA:119,13,1,0
BRDA:124,14,0,1
BRDA:124,14,1,2
BRDA:127,15,0,1
BRDA:127,15,1,1
BRF:34
BRH:31
end_of_record
TN:
SF:src/controllers/baseController.ts
FN:6,(anonymous_7)
FN:10,(anonymous_8)
FN:11,(anonymous_10)
FN:11,(anonymous_11)
FN:27,(anonymous_12)
FN:43,(anonymous_14)
FN:55,(anonymous_16)
FN:67,(anonymous_18)
FNF:8
FNH:8
FNDA:17,(anonymous_7)
FNDA:6,(anonymous_8)
FNDA:6,(anonymous_10)
FNDA:6,(anonymous_11)
FNDA:3,(anonymous_12)
FNDA:8,(anonymous_14)
FNDA:3,(anonymous_16)
FNDA:3,(anonymous_18)
DA:7,17
DA:11,6
DA:13,6
DA:14,6
DA:15,5
DA:16,4
DA:18,1
DA:19,1
DA:22,1
DA:23,1
DA:28,3
DA:29,3
DA:30,3
DA:31,3
DA:32,2
DA:33,1
DA:35,1
DA:38,1
DA:39,1
DA:44,8
DA:45,8
DA:46,8
DA:47,8
DA:48,6
DA:50,2
DA:51,2
DA:56,3
DA:57,3
DA:58,3
DA:59,2
DA:60,2
DA:62,1
DA:63,1
DA:68,3
DA:69,3
DA:70,3
DA:71,3
DA:74,2
DA:76,1
DA:77,1
DA:82,5
LF:41
LH:41
BRDA:14,0,0,5
BRDA:14,0,1,1
BRDA:32,1,0,1
BRDA:32,1,1,1
BRF:4
BRH:4
end_of_record
TN:
SF:src/controllers/commentsController.ts
FN:7,(anonymous_8)
FN:12,(anonymous_9)
FN:20,(anonymous_12)
FN:45,(anonymous_15)
FNF:4
FNH:4
FNDA:5,(anonymous_8)
FNDA:2,(anonymous_9)
FNDA:3,(anonymous_12)
FNDA:5,(anonymous_15)
DA:1,5
DA:3,5
DA:8,5
DA:13,2
DA:14,2
DA:16,2
DA:21,3
DA:22,3
DA:23,3
DA:24,3
DA:25,1
DA:26,1
DA:29,2
DA:30,1
DA:31,1
DA:33,1
DA:36,1
DA:39,0
DA:40,0
DA:46,5
DA:47,5
DA:48,5
DA:49,4
DA:50,1
DA:51,1
DA:54,3
DA:55,1
DA:58,1
DA:61,2
DA:62,1
DA:63,1
DA:65,1
DA:66,1
DA:68,1
DA:69,1
DA:74,5
LF:36
LH:34
BRDA:13,0,0,2
BRDA:13,0,1,0
BRDA:24,1,0,1
BRDA:24,1,1,2
BRDA:29,2,0,1
BRDA:29,2,1,1
BRDA:29,3,0,2
BRDA:29,3,1,2
BRDA:49,4,0,1
BRDA:49,4,1,3
BRDA:54,5,0,1
BRDA:54,5,1,2
BRDA:54,6,0,3
BRDA:54,6,1,3
BRDA:61,7,0,1
BRDA:61,7,1,1
BRDA:61,8,0,2
BRDA:61,8,1,1
BRF:18
BRH:17
end_of_record
TN:
SF:src/controllers/likesController.ts
FN:7,(anonymous_8)
FN:12,(anonymous_9)
FN:20,(anonymous_12)
FN:43,(anonymous_15)
FN:70,(anonymous_18)
FN:82,(anonymous_20)
FN:92,(anonymous_23)
FNF:7
FNH:7
FNDA:1,(anonymous_8)
FNDA:2,(anonymous_9)
FNDA:2,(anonymous_12)
FNDA:2,(anonymous_15)
FNDA:2,(anonymous_18)
FNDA:1,(anonymous_20)
FNDA:1,(anonymous_23)
DA:1,1
DA:3,1
DA:8,1
DA:13,2
DA:14,2
DA:16,2
DA:21,2
DA:22,2
DA:23,2
DA:24,2
DA:25,1
DA:26,1
DA:29,1
DA:30,0
DA:31,0
DA:33,0
DA:34,0
DA:37,1
DA:38,1
DA:44,2
DA:45,2
DA:46,2
DA:47,2
DA:48,1
DA:49,1
DA:52,1
DA:53,0
DA:54,0
DA:57,0
DA:58,0
DA:59,0
DA:61,0
DA:62,0
DA:64,1
DA:65,1
DA:71,2
DA:72,2
DA:73,2
DA:74,2
DA:76,0
DA:77,0
DA:83,1
DA:84,1
DA:85,1
DA:87,1
DA:88,1
DA:93,1
DA:94,1
DA:95,1
DA:99,1
DA:100,1
DA:101,1
DA:103,0
DA:104,0
DA:106,0
DA:107,0
DA:112,1
LF:57
LH:40
BRDA:13,0,0,2
BRDA:13,0,1,0
BRDA:24,1,0,1
BRDA:24,1,1,1
BRDA:29,2,0,0
BRDA:29,2,1,0
BRDA:29,3,0,1
BRDA:29,3,1,1
BRDA:47,4,0,1
BRDA:47,4,1,1
BRDA:52,5,0,0
BRDA:52,5,1,0
BRDA:52,6,0,1
BRDA:52,6,1,1
BRDA:57,7,0,0
BRDA:57,7,1,0
BRDA:57,8,0,0
BRDA:57,8,1,0
BRDA:84,9,0,1
BRDA:84,9,1,0
BRDA:97,10,0,0
BRDA:97,10,1,1
BRDA:97,11,0,1
BRDA:97,11,1,1
BRDA:99,12,0,1
BRDA:99,12,1,0
BRF:26
BRH:14
end_of_record
TN:
SF:src/controllers/postsController.ts
FN:7,(anonymous_8)
FN:12,(anonymous_9)
FN:20,(anonymous_12)
FN:44,(anonymous_15)
FNF:4
FNH:4
FNDA:5,(anonymous_8)
FNDA:2,(anonymous_9)
FNDA:3,(anonymous_12)
FNDA:5,(anonymous_15)
DA:2,5
DA:3,5
DA:8,5
DA:13,2
DA:14,2
DA:16,2
DA:21,3
DA:22,3
DA:23,3
DA:24,3
DA:25,1
DA:26,1
DA:28,2
DA:29,1
DA:30,1
DA:32,1
DA:33,1
DA:34,1
DA:35,1
DA:38,0
DA:39,0
DA:45,5
DA:46,5
DA:47,5
DA:48,4
DA:49,1
DA:50,1
DA:52,3
DA:53,1
DA:54,1
DA:56,2
DA:57,1
DA:58,1
DA:60,1
DA:61,1
DA:63,1
DA:64,1
DA:69,5
LF:38
LH:36
BRDA:13,0,0,2
BRDA:13,0,1,0
BRDA:24,1,0,1
BRDA:24,1,1,2
BRDA:28,2,0,1
BRDA:28,2,1,1
BRDA:28,3,0,2
BRDA:28,3,1,2
BRDA:33,4,0,0
BRDA:33,4,1,1
BRDA:33,5,0,1
BRDA:33,5,1,1
BRDA:48,6,0,1
BRDA:48,6,1,3
BRDA:52,7,0,1
BRDA:52,7,1,2
BRDA:52,8,0,3
BRDA:52,8,1,1
BRDA:56,9,0,1
BRDA:56,9,1,1
BRDA:56,10,0,2
BRDA:56,10,1,2
BRF:22
BRH:20
end_of_record
TN:
SF:src/middleware/authMiddleware.ts
FN:7,(anonymous_1)
FNF:1
FNH:1
FNDA:37,(anonymous_1)
DA:2,5
DA:7,5
DA:12,37
DA:13,37
DA:14,7
DA:20,30
DA:21,30
DA:22,1
DA:24,29
DA:25,29
DA:26,29
DA:27,28
DA:28,28
DA:30,1
LF:14
LH:14
BRDA:13,0,0,7
BRDA:13,0,1,30
BRDA:13,1,0,37
BRDA:13,1,1,31
BRDA:21,2,0,1
BRDA:21,2,1,29
BRDA:24,3,0,29
BRDA:24,3,1,0
BRF:8
BRH:7
end_of_record
TN:
SF:src/models/commentsModel.ts
FNF:0
FNH:0
DA:1,5
DA:3,5
DA:20,5
LF:3
LH:3
BRF:0
BRH:0
end_of_record
TN:
SF:src/models/likesModel.ts
FNF:0
FNH:0
DA:1,1
DA:3,1
DA:16,1
LF:3
LH:3
BRF:0
BRH:0
end_of_record
TN:
SF:src/models/postsModel.ts
FNF:0
FNH:0
DA:1,5
DA:3,5
DA:19,5
LF:3
LH:3
BRF:0
BRH:0
end_of_record
TN:
SF:src/models/usersModel.ts
FNF:0
FNH:0
DA:1,5
DA:3,5
DA:27,5
LF:3
LH:3
BRF:0
BRH:0
end_of_record
TN:
SF:src/routes/authRoute.ts
FNF:0
FNH:0
DA:1,5
DA:2,5
DA:4,5
DA:34,5
DA:70,5
DA:110,5
DA:144,5
DA:146,5
LF:8
LH:8
BRF:0
BRH:0
end_of_record
TN:
SF:src/routes/commentsRoute.ts
FNF:0
FNH:0
DA:1,5
DA:2,5
DA:3,5
DA:5,5
DA:26,5
DA:52,5
DA:80,5
DA:118,5
DA:150,5
DA:152,5
LF:10
LH:10
BRF:0
BRH:0
end_of_record
TN:
SF:src/routes/likesRoute.ts
FNF:0
FNH:0
DA:1,1
DA:2,1
DA:3,1
DA:5,1
DA:8,1
DA:11,1
DA:14,1
DA:17,1
LF:8
LH:8
BRF:0
BRH:0
end_of_record
TN:
SF:src/routes/postsRoute.ts
FNF:0
FNH:0
DA:1,5
DA:2,5
DA:3,5
DA:5,5
DA:26,5
DA:52,5
DA:80,5
DA:118,5
DA:150,5
DA:152,5
LF:10
LH:10
BRF:0
BRH:0
end_of_record
